<?xml version="1.0" encoding="UTF-8"?>
<testsuite xmlns:xsi="http://www.w3.org/2001/XMLSchema-instance" xsi:noNamespaceSchemaLocation="https://maven.apache.org/surefire/maven-surefire-plugin/xsd/surefire-test-report-3.0.xsd" version="3.0" name="es.uma.informatica.practica3.MicroservicioEntrenadoresApplicationTests$BaseDatosVacia" time="1.968" tests="4" errors="0" skipped="0" failures="0">
  <properties>
    <property name="java.specification.version" value="21"/>
    <property name="sun.jnu.encoding" value="UTF-8"/>
    <property name="java.class.path" value="/home/javimp2003/JARA Developers/ciklum-jara-developers/back-end/target/test-classes:/home/javimp2003/JARA Developers/ciklum-jara-developers/back-end/target/classes:/home/javimp2003/.m2/repository/org/springframework/boot/spring-boot-starter-data-jpa/3.2.5/spring-boot-starter-data-jpa-3.2.5.jar:/home/javimp2003/.m2/repository/org/springframework/boot/spring-boot-starter-aop/3.2.5/spring-boot-starter-aop-3.2.5.jar:/home/javimp2003/.m2/repository/org/springframework/spring-aop/6.1.6/spring-aop-6.1.6.jar:/home/javimp2003/.m2/repository/org/aspectj/aspectjweaver/1.9.22/aspectjweaver-1.9.22.jar:/home/javimp2003/.m2/repository/org/springframework/boot/spring-boot-starter-jdbc/3.2.5/spring-boot-starter-jdbc-3.2.5.jar:/home/javimp2003/.m2/repository/com/zaxxer/HikariCP/5.0.1/HikariCP-5.0.1.jar:/home/javimp2003/.m2/repository/org/springframework/spring-jdbc/6.1.6/spring-jdbc-6.1.6.jar:/home/javimp2003/.m2/repository/org/hibernate/orm/hibernate-core/6.4.4.Final/hibernate-core-6.4.4.Final.jar:/home/javimp2003/.m2/repository/jakarta/persistence/jakarta.persistence-api/3.1.0/jakarta.persistence-api-3.1.0.jar:/home/javimp2003/.m2/repository/jakarta/transaction/jakarta.transaction-api/2.0.1/jakarta.transaction-api-2.0.1.jar:/home/javimp2003/.m2/repository/org/jboss/logging/jboss-logging/3.5.3.Final/jboss-logging-3.5.3.Final.jar:/home/javimp2003/.m2/repository/org/hibernate/common/hibernate-commons-annotations/6.0.6.Final/hibernate-commons-annotations-6.0.6.Final.jar:/home/javimp2003/.m2/repository/io/smallrye/jandex/3.1.2/jandex-3.1.2.jar:/home/javimp2003/.m2/repository/net/bytebuddy/byte-buddy/1.14.13/byte-buddy-1.14.13.jar:/home/javimp2003/.m2/repository/org/glassfish/jaxb/jaxb-runtime/4.0.5/jaxb-runtime-4.0.5.jar:/home/javimp2003/.m2/repository/org/glassfish/jaxb/jaxb-core/4.0.5/jaxb-core-4.0.5.jar:/home/javimp2003/.m2/repository/org/eclipse/angus/angus-activation/2.0.2/angus-activation-2.0.2.jar:/home/javimp2003/.m2/repository/org/glassfish/jaxb/txw2/4.0.5/txw2-4.0.5.jar:/home/javimp2003/.m2/repository/com/sun/istack/istack-commons-runtime/4.1.2/istack-commons-runtime-4.1.2.jar:/home/javimp2003/.m2/repository/jakarta/inject/jakarta.inject-api/2.0.1/jakarta.inject-api-2.0.1.jar:/home/javimp2003/.m2/repository/org/antlr/antlr4-runtime/4.13.0/antlr4-runtime-4.13.0.jar:/home/javimp2003/.m2/repository/org/springframework/data/spring-data-jpa/3.2.5/spring-data-jpa-3.2.5.jar:/home/javimp2003/.m2/repository/org/springframework/data/spring-data-commons/3.2.5/spring-data-commons-3.2.5.jar:/home/javimp2003/.m2/repository/org/springframework/spring-orm/6.1.6/spring-orm-6.1.6.jar:/home/javimp2003/.m2/repository/org/springframework/spring-context/6.1.6/spring-context-6.1.6.jar:/home/javimp2003/.m2/repository/org/springframework/spring-tx/6.1.6/spring-tx-6.1.6.jar:/home/javimp2003/.m2/repository/org/springframework/spring-beans/6.1.6/spring-beans-6.1.6.jar:/home/javimp2003/.m2/repository/jakarta/annotation/jakarta.annotation-api/2.1.1/jakarta.annotation-api-2.1.1.jar:/home/javimp2003/.m2/repository/org/springframework/spring-aspects/6.1.6/spring-aspects-6.1.6.jar:/home/javimp2003/.m2/repository/org/springframework/boot/spring-boot-starter-web/3.2.5/spring-boot-starter-web-3.2.5.jar:/home/javimp2003/.m2/repository/org/springframework/boot/spring-boot-starter/3.2.5/spring-boot-starter-3.2.5.jar:/home/javimp2003/.m2/repository/org/springframework/boot/spring-boot/3.2.5/spring-boot-3.2.5.jar:/home/javimp2003/.m2/repository/org/springframework/boot/spring-boot-autoconfigure/3.2.5/spring-boot-autoconfigure-3.2.5.jar:/home/javimp2003/.m2/repository/org/springframework/boot/spring-boot-starter-logging/3.2.5/spring-boot-starter-logging-3.2.5.jar:/home/javimp2003/.m2/repository/ch/qos/logback/logback-classic/1.4.14/logback-classic-1.4.14.jar:/home/javimp2003/.m2/repository/ch/qos/logback/logback-core/1.4.14/logback-core-1.4.14.jar:/home/javimp2003/.m2/repository/org/apache/logging/log4j/log4j-to-slf4j/2.21.1/log4j-to-slf4j-2.21.1.jar:/home/javimp2003/.m2/repository/org/apache/logging/log4j/log4j-api/2.21.1/log4j-api-2.21.1.jar:/home/javimp2003/.m2/repository/org/slf4j/jul-to-slf4j/2.0.13/jul-to-slf4j-2.0.13.jar:/home/javimp2003/.m2/repository/org/yaml/snakeyaml/2.2/snakeyaml-2.2.jar:/home/javimp2003/.m2/repository/org/springframework/boot/spring-boot-starter-json/3.2.5/spring-boot-starter-json-3.2.5.jar:/home/javimp2003/.m2/repository/com/fasterxml/jackson/core/jackson-databind/2.15.4/jackson-databind-2.15.4.jar:/home/javimp2003/.m2/repository/com/fasterxml/jackson/core/jackson-annotations/2.15.4/jackson-annotations-2.15.4.jar:/home/javimp2003/.m2/repository/com/fasterxml/jackson/core/jackson-core/2.15.4/jackson-core-2.15.4.jar:/home/javimp2003/.m2/repository/com/fasterxml/jackson/datatype/jackson-datatype-jdk8/2.15.4/jackson-datatype-jdk8-2.15.4.jar:/home/javimp2003/.m2/repository/com/fasterxml/jackson/datatype/jackson-datatype-jsr310/2.15.4/jackson-datatype-jsr310-2.15.4.jar:/home/javimp2003/.m2/repository/com/fasterxml/jackson/module/jackson-module-parameter-names/2.15.4/jackson-module-parameter-names-2.15.4.jar:/home/javimp2003/.m2/repository/org/springframework/boot/spring-boot-starter-tomcat/3.2.5/spring-boot-starter-tomcat-3.2.5.jar:/home/javimp2003/.m2/repository/org/apache/tomcat/embed/tomcat-embed-core/10.1.20/tomcat-embed-core-10.1.20.jar:/home/javimp2003/.m2/repository/org/apache/tomcat/embed/tomcat-embed-el/10.1.20/tomcat-embed-el-10.1.20.jar:/home/javimp2003/.m2/repository/org/apache/tomcat/embed/tomcat-embed-websocket/10.1.20/tomcat-embed-websocket-10.1.20.jar:/home/javimp2003/.m2/repository/org/springframework/spring-web/6.1.6/spring-web-6.1.6.jar:/home/javimp2003/.m2/repository/io/micrometer/micrometer-observation/1.12.5/micrometer-observation-1.12.5.jar:/home/javimp2003/.m2/repository/io/micrometer/micrometer-commons/1.12.5/micrometer-commons-1.12.5.jar:/home/javimp2003/.m2/repository/org/springframework/spring-webmvc/6.1.6/spring-webmvc-6.1.6.jar:/home/javimp2003/.m2/repository/org/springframework/spring-expression/6.1.6/spring-expression-6.1.6.jar:/home/javimp2003/.m2/repository/org/projectlombok/lombok/1.18.32/lombok-1.18.32.jar:/home/javimp2003/.m2/repository/com/h2database/h2/2.2.224/h2-2.2.224.jar:/home/javimp2003/.m2/repository/org/springframework/boot/spring-boot-starter-test/3.2.5/spring-boot-starter-test-3.2.5.jar:/home/javimp2003/.m2/repository/org/springframework/boot/spring-boot-test/3.2.5/spring-boot-test-3.2.5.jar:/home/javimp2003/.m2/repository/org/springframework/boot/spring-boot-test-autoconfigure/3.2.5/spring-boot-test-autoconfigure-3.2.5.jar:/home/javimp2003/.m2/repository/com/jayway/jsonpath/json-path/2.9.0/json-path-2.9.0.jar:/home/javimp2003/.m2/repository/jakarta/xml/bind/jakarta.xml.bind-api/4.0.2/jakarta.xml.bind-api-4.0.2.jar:/home/javimp2003/.m2/repository/jakarta/activation/jakarta.activation-api/2.1.3/jakarta.activation-api-2.1.3.jar:/home/javimp2003/.m2/repository/net/minidev/json-smart/2.5.1/json-smart-2.5.1.jar:/home/javimp2003/.m2/repository/net/minidev/accessors-smart/2.5.1/accessors-smart-2.5.1.jar:/home/javimp2003/.m2/repository/org/ow2/asm/asm/9.6/asm-9.6.jar:/home/javimp2003/.m2/repository/org/assertj/assertj-core/3.24.2/assertj-core-3.24.2.jar:/home/javimp2003/.m2/repository/org/awaitility/awaitility/4.2.1/awaitility-4.2.1.jar:/home/javimp2003/.m2/repository/org/hamcrest/hamcrest/2.2/hamcrest-2.2.jar:/home/javimp2003/.m2/repository/org/junit/jupiter/junit-jupiter/5.10.2/junit-jupiter-5.10.2.jar:/home/javimp2003/.m2/repository/org/junit/jupiter/junit-jupiter-api/5.10.2/junit-jupiter-api-5.10.2.jar:/home/javimp2003/.m2/repository/org/opentest4j/opentest4j/1.3.0/opentest4j-1.3.0.jar:/home/javimp2003/.m2/repository/org/junit/platform/junit-platform-commons/1.10.2/junit-platform-commons-1.10.2.jar:/home/javimp2003/.m2/repository/org/apiguardian/apiguardian-api/1.1.2/apiguardian-api-1.1.2.jar:/home/javimp2003/.m2/repository/org/junit/jupiter/junit-jupiter-params/5.10.2/junit-jupiter-params-5.10.2.jar:/home/javimp2003/.m2/repository/org/junit/jupiter/junit-jupiter-engine/5.10.2/junit-jupiter-engine-5.10.2.jar:/home/javimp2003/.m2/repository/org/junit/platform/junit-platform-engine/1.10.2/junit-platform-engine-1.10.2.jar:/home/javimp2003/.m2/repository/org/mockito/mockito-core/5.7.0/mockito-core-5.7.0.jar:/home/javimp2003/.m2/repository/net/bytebuddy/byte-buddy-agent/1.14.13/byte-buddy-agent-1.14.13.jar:/home/javimp2003/.m2/repository/org/objenesis/objenesis/3.3/objenesis-3.3.jar:/home/javimp2003/.m2/repository/org/mockito/mockito-junit-jupiter/5.7.0/mockito-junit-jupiter-5.7.0.jar:/home/javimp2003/.m2/repository/org/skyscreamer/jsonassert/1.5.1/jsonassert-1.5.1.jar:/home/javimp2003/.m2/repository/com/vaadin/external/google/android-json/0.0.20131108.vaadin1/android-json-0.0.20131108.vaadin1.jar:/home/javimp2003/.m2/repository/org/springframework/spring-core/6.1.6/spring-core-6.1.6.jar:/home/javimp2003/.m2/repository/org/springframework/spring-jcl/6.1.6/spring-jcl-6.1.6.jar:/home/javimp2003/.m2/repository/org/springframework/spring-test/6.1.6/spring-test-6.1.6.jar:/home/javimp2003/.m2/repository/org/xmlunit/xmlunit-core/2.9.1/xmlunit-core-2.9.1.jar:/home/javimp2003/.m2/repository/io/springfox/springfox-boot-starter/3.0.0/springfox-boot-starter-3.0.0.jar:/home/javimp2003/.m2/repository/io/springfox/springfox-oas/3.0.0/springfox-oas-3.0.0.jar:/home/javimp2003/.m2/repository/io/swagger/core/v3/swagger-annotations/2.1.2/swagger-annotations-2.1.2.jar:/home/javimp2003/.m2/repository/io/swagger/core/v3/swagger-models/2.1.2/swagger-models-2.1.2.jar:/home/javimp2003/.m2/repository/io/springfox/springfox-spi/3.0.0/springfox-spi-3.0.0.jar:/home/javimp2003/.m2/repository/io/springfox/springfox-schema/3.0.0/springfox-schema-3.0.0.jar:/home/javimp2003/.m2/repository/io/springfox/springfox-core/3.0.0/springfox-core-3.0.0.jar:/home/javimp2003/.m2/repository/io/springfox/springfox-spring-web/3.0.0/springfox-spring-web-3.0.0.jar:/home/javimp2003/.m2/repository/io/github/classgraph/classgraph/4.8.83/classgraph-4.8.83.jar:/home/javimp2003/.m2/repository/io/springfox/springfox-spring-webmvc/3.0.0/springfox-spring-webmvc-3.0.0.jar:/home/javimp2003/.m2/repository/io/springfox/springfox-spring-webflux/3.0.0/springfox-spring-webflux-3.0.0.jar:/home/javimp2003/.m2/repository/io/springfox/springfox-swagger-common/3.0.0/springfox-swagger-common-3.0.0.jar:/home/javimp2003/.m2/repository/org/mapstruct/mapstruct/1.3.1.Final/mapstruct-1.3.1.Final.jar:/home/javimp2003/.m2/repository/io/springfox/springfox-data-rest/3.0.0/springfox-data-rest-3.0.0.jar:/home/javimp2003/.m2/repository/io/springfox/springfox-bean-validators/3.0.0/springfox-bean-validators-3.0.0.jar:/home/javimp2003/.m2/repository/io/springfox/springfox-swagger2/3.0.0/springfox-swagger2-3.0.0.jar:/home/javimp2003/.m2/repository/io/swagger/swagger-annotations/1.5.20/swagger-annotations-1.5.20.jar:/home/javimp2003/.m2/repository/io/swagger/swagger-models/1.5.20/swagger-models-1.5.20.jar:/home/javimp2003/.m2/repository/io/springfox/springfox-swagger-ui/3.0.0/springfox-swagger-ui-3.0.0.jar:/home/javimp2003/.m2/repository/com/fasterxml/classmate/1.6.0/classmate-1.6.0.jar:/home/javimp2003/.m2/repository/org/slf4j/slf4j-api/2.0.13/slf4j-api-2.0.13.jar:/home/javimp2003/.m2/repository/org/springframework/plugin/spring-plugin-core/2.0.0.RELEASE/spring-plugin-core-2.0.0.RELEASE.jar:/home/javimp2003/.m2/repository/org/springframework/plugin/spring-plugin-metadata/2.0.0.RELEASE/spring-plugin-metadata-2.0.0.RELEASE.jar:"/>
    <property name="java.vm.vendor" value="Private Build"/>
    <property name="sun.arch.data.model" value="64"/>
    <property name="catalina.useNaming" value="false"/>
    <property name="java.vendor.url" value="Unknown"/>
    <property name="user.timezone" value="Europe/Madrid"/>
    <property name="org.jboss.logging.provider" value="slf4j"/>
    <property name="os.name" value="Linux"/>
    <property name="java.vm.specification.version" value="21"/>
    <property name="sun.java.launcher" value="SUN_STANDARD"/>
    <property name="user.country" value="ES"/>
    <property name="sun.boot.library.path" value="/usr/lib/jvm/java-21-openjdk-amd64/lib"/>
    <property name="sun.java.command" value="/home/javimp2003/JARA Developers/ciklum-jara-developers/back-end/target/surefire/surefirebooter-20240507203539945_3.jar /home/javimp2003/JARA Developers/ciklum-jara-developers/back-end/target/surefire 2024-05-07T20-35-39_299-jvmRun1 surefire-20240507203539945_1tmp surefire_0-20240507203539945_2tmp"/>
    <property name="jdk.debug" value="release"/>
    <property name="surefire.test.class.path" value="/home/javimp2003/JARA Developers/ciklum-jara-developers/back-end/target/test-classes:/home/javimp2003/JARA Developers/ciklum-jara-developers/back-end/target/classes:/home/javimp2003/.m2/repository/org/springframework/boot/spring-boot-starter-data-jpa/3.2.5/spring-boot-starter-data-jpa-3.2.5.jar:/home/javimp2003/.m2/repository/org/springframework/boot/spring-boot-starter-aop/3.2.5/spring-boot-starter-aop-3.2.5.jar:/home/javimp2003/.m2/repository/org/springframework/spring-aop/6.1.6/spring-aop-6.1.6.jar:/home/javimp2003/.m2/repository/org/aspectj/aspectjweaver/1.9.22/aspectjweaver-1.9.22.jar:/home/javimp2003/.m2/repository/org/springframework/boot/spring-boot-starter-jdbc/3.2.5/spring-boot-starter-jdbc-3.2.5.jar:/home/javimp2003/.m2/repository/com/zaxxer/HikariCP/5.0.1/HikariCP-5.0.1.jar:/home/javimp2003/.m2/repository/org/springframework/spring-jdbc/6.1.6/spring-jdbc-6.1.6.jar:/home/javimp2003/.m2/repository/org/hibernate/orm/hibernate-core/6.4.4.Final/hibernate-core-6.4.4.Final.jar:/home/javimp2003/.m2/repository/jakarta/persistence/jakarta.persistence-api/3.1.0/jakarta.persistence-api-3.1.0.jar:/home/javimp2003/.m2/repository/jakarta/transaction/jakarta.transaction-api/2.0.1/jakarta.transaction-api-2.0.1.jar:/home/javimp2003/.m2/repository/org/jboss/logging/jboss-logging/3.5.3.Final/jboss-logging-3.5.3.Final.jar:/home/javimp2003/.m2/repository/org/hibernate/common/hibernate-commons-annotations/6.0.6.Final/hibernate-commons-annotations-6.0.6.Final.jar:/home/javimp2003/.m2/repository/io/smallrye/jandex/3.1.2/jandex-3.1.2.jar:/home/javimp2003/.m2/repository/net/bytebuddy/byte-buddy/1.14.13/byte-buddy-1.14.13.jar:/home/javimp2003/.m2/repository/org/glassfish/jaxb/jaxb-runtime/4.0.5/jaxb-runtime-4.0.5.jar:/home/javimp2003/.m2/repository/org/glassfish/jaxb/jaxb-core/4.0.5/jaxb-core-4.0.5.jar:/home/javimp2003/.m2/repository/org/eclipse/angus/angus-activation/2.0.2/angus-activation-2.0.2.jar:/home/javimp2003/.m2/repository/org/glassfish/jaxb/txw2/4.0.5/txw2-4.0.5.jar:/home/javimp2003/.m2/repository/com/sun/istack/istack-commons-runtime/4.1.2/istack-commons-runtime-4.1.2.jar:/home/javimp2003/.m2/repository/jakarta/inject/jakarta.inject-api/2.0.1/jakarta.inject-api-2.0.1.jar:/home/javimp2003/.m2/repository/org/antlr/antlr4-runtime/4.13.0/antlr4-runtime-4.13.0.jar:/home/javimp2003/.m2/repository/org/springframework/data/spring-data-jpa/3.2.5/spring-data-jpa-3.2.5.jar:/home/javimp2003/.m2/repository/org/springframework/data/spring-data-commons/3.2.5/spring-data-commons-3.2.5.jar:/home/javimp2003/.m2/repository/org/springframework/spring-orm/6.1.6/spring-orm-6.1.6.jar:/home/javimp2003/.m2/repository/org/springframework/spring-context/6.1.6/spring-context-6.1.6.jar:/home/javimp2003/.m2/repository/org/springframework/spring-tx/6.1.6/spring-tx-6.1.6.jar:/home/javimp2003/.m2/repository/org/springframework/spring-beans/6.1.6/spring-beans-6.1.6.jar:/home/javimp2003/.m2/repository/jakarta/annotation/jakarta.annotation-api/2.1.1/jakarta.annotation-api-2.1.1.jar:/home/javimp2003/.m2/repository/org/springframework/spring-aspects/6.1.6/spring-aspects-6.1.6.jar:/home/javimp2003/.m2/repository/org/springframework/boot/spring-boot-starter-web/3.2.5/spring-boot-starter-web-3.2.5.jar:/home/javimp2003/.m2/repository/org/springframework/boot/spring-boot-starter/3.2.5/spring-boot-starter-3.2.5.jar:/home/javimp2003/.m2/repository/org/springframework/boot/spring-boot/3.2.5/spring-boot-3.2.5.jar:/home/javimp2003/.m2/repository/org/springframework/boot/spring-boot-autoconfigure/3.2.5/spring-boot-autoconfigure-3.2.5.jar:/home/javimp2003/.m2/repository/org/springframework/boot/spring-boot-starter-logging/3.2.5/spring-boot-starter-logging-3.2.5.jar:/home/javimp2003/.m2/repository/ch/qos/logback/logback-classic/1.4.14/logback-classic-1.4.14.jar:/home/javimp2003/.m2/repository/ch/qos/logback/logback-core/1.4.14/logback-core-1.4.14.jar:/home/javimp2003/.m2/repository/org/apache/logging/log4j/log4j-to-slf4j/2.21.1/log4j-to-slf4j-2.21.1.jar:/home/javimp2003/.m2/repository/org/apache/logging/log4j/log4j-api/2.21.1/log4j-api-2.21.1.jar:/home/javimp2003/.m2/repository/org/slf4j/jul-to-slf4j/2.0.13/jul-to-slf4j-2.0.13.jar:/home/javimp2003/.m2/repository/org/yaml/snakeyaml/2.2/snakeyaml-2.2.jar:/home/javimp2003/.m2/repository/org/springframework/boot/spring-boot-starter-json/3.2.5/spring-boot-starter-json-3.2.5.jar:/home/javimp2003/.m2/repository/com/fasterxml/jackson/core/jackson-databind/2.15.4/jackson-databind-2.15.4.jar:/home/javimp2003/.m2/repository/com/fasterxml/jackson/core/jackson-annotations/2.15.4/jackson-annotations-2.15.4.jar:/home/javimp2003/.m2/repository/com/fasterxml/jackson/core/jackson-core/2.15.4/jackson-core-2.15.4.jar:/home/javimp2003/.m2/repository/com/fasterxml/jackson/datatype/jackson-datatype-jdk8/2.15.4/jackson-datatype-jdk8-2.15.4.jar:/home/javimp2003/.m2/repository/com/fasterxml/jackson/datatype/jackson-datatype-jsr310/2.15.4/jackson-datatype-jsr310-2.15.4.jar:/home/javimp2003/.m2/repository/com/fasterxml/jackson/module/jackson-module-parameter-names/2.15.4/jackson-module-parameter-names-2.15.4.jar:/home/javimp2003/.m2/repository/org/springframework/boot/spring-boot-starter-tomcat/3.2.5/spring-boot-starter-tomcat-3.2.5.jar:/home/javimp2003/.m2/repository/org/apache/tomcat/embed/tomcat-embed-core/10.1.20/tomcat-embed-core-10.1.20.jar:/home/javimp2003/.m2/repository/org/apache/tomcat/embed/tomcat-embed-el/10.1.20/tomcat-embed-el-10.1.20.jar:/home/javimp2003/.m2/repository/org/apache/tomcat/embed/tomcat-embed-websocket/10.1.20/tomcat-embed-websocket-10.1.20.jar:/home/javimp2003/.m2/repository/org/springframework/spring-web/6.1.6/spring-web-6.1.6.jar:/home/javimp2003/.m2/repository/io/micrometer/micrometer-observation/1.12.5/micrometer-observation-1.12.5.jar:/home/javimp2003/.m2/repository/io/micrometer/micrometer-commons/1.12.5/micrometer-commons-1.12.5.jar:/home/javimp2003/.m2/repository/org/springframework/spring-webmvc/6.1.6/spring-webmvc-6.1.6.jar:/home/javimp2003/.m2/repository/org/springframework/spring-expression/6.1.6/spring-expression-6.1.6.jar:/home/javimp2003/.m2/repository/org/projectlombok/lombok/1.18.32/lombok-1.18.32.jar:/home/javimp2003/.m2/repository/com/h2database/h2/2.2.224/h2-2.2.224.jar:/home/javimp2003/.m2/repository/org/springframework/boot/spring-boot-starter-test/3.2.5/spring-boot-starter-test-3.2.5.jar:/home/javimp2003/.m2/repository/org/springframework/boot/spring-boot-test/3.2.5/spring-boot-test-3.2.5.jar:/home/javimp2003/.m2/repository/org/springframework/boot/spring-boot-test-autoconfigure/3.2.5/spring-boot-test-autoconfigure-3.2.5.jar:/home/javimp2003/.m2/repository/com/jayway/jsonpath/json-path/2.9.0/json-path-2.9.0.jar:/home/javimp2003/.m2/repository/jakarta/xml/bind/jakarta.xml.bind-api/4.0.2/jakarta.xml.bind-api-4.0.2.jar:/home/javimp2003/.m2/repository/jakarta/activation/jakarta.activation-api/2.1.3/jakarta.activation-api-2.1.3.jar:/home/javimp2003/.m2/repository/net/minidev/json-smart/2.5.1/json-smart-2.5.1.jar:/home/javimp2003/.m2/repository/net/minidev/accessors-smart/2.5.1/accessors-smart-2.5.1.jar:/home/javimp2003/.m2/repository/org/ow2/asm/asm/9.6/asm-9.6.jar:/home/javimp2003/.m2/repository/org/assertj/assertj-core/3.24.2/assertj-core-3.24.2.jar:/home/javimp2003/.m2/repository/org/awaitility/awaitility/4.2.1/awaitility-4.2.1.jar:/home/javimp2003/.m2/repository/org/hamcrest/hamcrest/2.2/hamcrest-2.2.jar:/home/javimp2003/.m2/repository/org/junit/jupiter/junit-jupiter/5.10.2/junit-jupiter-5.10.2.jar:/home/javimp2003/.m2/repository/org/junit/jupiter/junit-jupiter-api/5.10.2/junit-jupiter-api-5.10.2.jar:/home/javimp2003/.m2/repository/org/opentest4j/opentest4j/1.3.0/opentest4j-1.3.0.jar:/home/javimp2003/.m2/repository/org/junit/platform/junit-platform-commons/1.10.2/junit-platform-commons-1.10.2.jar:/home/javimp2003/.m2/repository/org/apiguardian/apiguardian-api/1.1.2/apiguardian-api-1.1.2.jar:/home/javimp2003/.m2/repository/org/junit/jupiter/junit-jupiter-params/5.10.2/junit-jupiter-params-5.10.2.jar:/home/javimp2003/.m2/repository/org/junit/jupiter/junit-jupiter-engine/5.10.2/junit-jupiter-engine-5.10.2.jar:/home/javimp2003/.m2/repository/org/junit/platform/junit-platform-engine/1.10.2/junit-platform-engine-1.10.2.jar:/home/javimp2003/.m2/repository/org/mockito/mockito-core/5.7.0/mockito-core-5.7.0.jar:/home/javimp2003/.m2/repository/net/bytebuddy/byte-buddy-agent/1.14.13/byte-buddy-agent-1.14.13.jar:/home/javimp2003/.m2/repository/org/objenesis/objenesis/3.3/objenesis-3.3.jar:/home/javimp2003/.m2/repository/org/mockito/mockito-junit-jupiter/5.7.0/mockito-junit-jupiter-5.7.0.jar:/home/javimp2003/.m2/repository/org/skyscreamer/jsonassert/1.5.1/jsonassert-1.5.1.jar:/home/javimp2003/.m2/repository/com/vaadin/external/google/android-json/0.0.20131108.vaadin1/android-json-0.0.20131108.vaadin1.jar:/home/javimp2003/.m2/repository/org/springframework/spring-core/6.1.6/spring-core-6.1.6.jar:/home/javimp2003/.m2/repository/org/springframework/spring-jcl/6.1.6/spring-jcl-6.1.6.jar:/home/javimp2003/.m2/repository/org/springframework/spring-test/6.1.6/spring-test-6.1.6.jar:/home/javimp2003/.m2/repository/org/xmlunit/xmlunit-core/2.9.1/xmlunit-core-2.9.1.jar:/home/javimp2003/.m2/repository/io/springfox/springfox-boot-starter/3.0.0/springfox-boot-starter-3.0.0.jar:/home/javimp2003/.m2/repository/io/springfox/springfox-oas/3.0.0/springfox-oas-3.0.0.jar:/home/javimp2003/.m2/repository/io/swagger/core/v3/swagger-annotations/2.1.2/swagger-annotations-2.1.2.jar:/home/javimp2003/.m2/repository/io/swagger/core/v3/swagger-models/2.1.2/swagger-models-2.1.2.jar:/home/javimp2003/.m2/repository/io/springfox/springfox-spi/3.0.0/springfox-spi-3.0.0.jar:/home/javimp2003/.m2/repository/io/springfox/springfox-schema/3.0.0/springfox-schema-3.0.0.jar:/home/javimp2003/.m2/repository/io/springfox/springfox-core/3.0.0/springfox-core-3.0.0.jar:/home/javimp2003/.m2/repository/io/springfox/springfox-spring-web/3.0.0/springfox-spring-web-3.0.0.jar:/home/javimp2003/.m2/repository/io/github/classgraph/classgraph/4.8.83/classgraph-4.8.83.jar:/home/javimp2003/.m2/repository/io/springfox/springfox-spring-webmvc/3.0.0/springfox-spring-webmvc-3.0.0.jar:/home/javimp2003/.m2/repository/io/springfox/springfox-spring-webflux/3.0.0/springfox-spring-webflux-3.0.0.jar:/home/javimp2003/.m2/repository/io/springfox/springfox-swagger-common/3.0.0/springfox-swagger-common-3.0.0.jar:/home/javimp2003/.m2/repository/org/mapstruct/mapstruct/1.3.1.Final/mapstruct-1.3.1.Final.jar:/home/javimp2003/.m2/repository/io/springfox/springfox-data-rest/3.0.0/springfox-data-rest-3.0.0.jar:/home/javimp2003/.m2/repository/io/springfox/springfox-bean-validators/3.0.0/springfox-bean-validators-3.0.0.jar:/home/javimp2003/.m2/repository/io/springfox/springfox-swagger2/3.0.0/springfox-swagger2-3.0.0.jar:/home/javimp2003/.m2/repository/io/swagger/swagger-annotations/1.5.20/swagger-annotations-1.5.20.jar:/home/javimp2003/.m2/repository/io/swagger/swagger-models/1.5.20/swagger-models-1.5.20.jar:/home/javimp2003/.m2/repository/io/springfox/springfox-swagger-ui/3.0.0/springfox-swagger-ui-3.0.0.jar:/home/javimp2003/.m2/repository/com/fasterxml/classmate/1.6.0/classmate-1.6.0.jar:/home/javimp2003/.m2/repository/org/slf4j/slf4j-api/2.0.13/slf4j-api-2.0.13.jar:/home/javimp2003/.m2/repository/org/springframework/plugin/spring-plugin-core/2.0.0.RELEASE/spring-plugin-core-2.0.0.RELEASE.jar:/home/javimp2003/.m2/repository/org/springframework/plugin/spring-plugin-metadata/2.0.0.RELEASE/spring-plugin-metadata-2.0.0.RELEASE.jar:"/>
    <property name="sun.cpu.endian" value="little"/>
    <property name="user.home" value="/home/javimp2003"/>
    <property name="user.language" value="es"/>
    <property name="java.specification.vendor" value="Oracle Corporation"/>
    <property name="java.version.date" value="2024-01-16"/>
    <property name="java.home" value="/usr/lib/jvm/java-21-openjdk-amd64"/>
    <property name="file.separator" value="/"/>
    <property name="basedir" value="/home/javimp2003/JARA Developers/ciklum-jara-developers/back-end"/>
    <property name="java.vm.compressedOopsMode" value="32-bit"/>
    <property name="line.separator" value="&#10;"/>
    <property name="java.vm.specification.vendor" value="Oracle Corporation"/>
    <property name="java.specification.name" value="Java Platform API Specification"/>
    <property name="FILE_LOG_CHARSET" value="UTF-8"/>
    <property name="java.awt.headless" value="true"/>
    <property name="surefire.real.class.path" value="/home/javimp2003/JARA Developers/ciklum-jara-developers/back-end/target/surefire/surefirebooter-20240507203539945_3.jar"/>
    <property name="sun.management.compiler" value="HotSpot 64-Bit Tiered Compilers"/>
    <property name="java.runtime.version" value="21.0.2+13-Ubuntu-122.04.1"/>
    <property name="user.name" value="javimp2003"/>
    <property name="stdout.encoding" value="UTF-8"/>
    <property name="path.separator" value=":"/>
    <property name="os.version" value="5.15.0-102-generic"/>
    <property name="java.runtime.name" value="OpenJDK Runtime Environment"/>
    <property name="file.encoding" value="UTF-8"/>
    <property name="java.vm.name" value="OpenJDK 64-Bit Server VM"/>
    <property name="localRepository" value="/home/javimp2003/.m2/repository"/>
    <property name="java.vendor.url.bug" value="Unknown"/>
    <property name="java.io.tmpdir" value="/tmp"/>
    <property name="catalina.home" value="/tmp/tomcat.0.16645113293598772664"/>
    <property name="com.zaxxer.hikari.pool_number" value="17"/>
    <property name="java.version" value="21.0.2"/>
    <property name="user.dir" value="/home/javimp2003/JARA Developers/ciklum-jara-developers/back-end"/>
    <property name="os.arch" value="amd64"/>
    <property name="java.vm.specification.name" value="Java Virtual Machine Specification"/>
    <property name="PID" value="59495"/>
    <property name="CONSOLE_LOG_CHARSET" value="UTF-8"/>
    <property name="catalina.base" value="/tmp/tomcat.0.16368038335210762904"/>
    <property name="native.encoding" value="UTF-8"/>
    <property name="java.library.path" value="/usr/java/packages/lib:/usr/lib/x86_64-linux-gnu/jni:/lib/x86_64-linux-gnu:/usr/lib/x86_64-linux-gnu:/usr/lib/jni:/lib:/usr/lib"/>
    <property name="java.vm.info" value="mixed mode, sharing"/>
    <property name="stderr.encoding" value="UTF-8"/>
    <property name="java.vendor" value="Private Build"/>
    <property name="java.vm.version" value="21.0.2+13-Ubuntu-122.04.1"/>
    <property name="sun.io.unicode.encoding" value="UnicodeLittle"/>
    <property name="java.class.version" value="65.0"/>
  </properties>
  <testcase name="errorAlObtenerEntrenadorConcreto" classname="es.uma.informatica.practica3.MicroservicioEntrenadoresApplicationTests$BaseDatosVacia" time="0.029">
    <system-out><![CDATA[2024-05-07T20:35:59.703+02:00  INFO 59495 --- [           main] t.c.s.AnnotationConfigContextLoaderUtils : Could not detect default configuration classes for test class [es.uma.informatica.practica3.MicroservicioEntrenadoresApplicationTests$BaseDatosVacia]: BaseDatosVacia does not declare any static, non-private, non-final, nested classes annotated with @Configuration.
2024-05-07T20:35:59.705+02:00  INFO 59495 --- [           main] .b.t.c.SpringBootTestContextBootstrapper : Found @SpringBootConfiguration es.uma.informatica.practica3.MicroservicioEntrenadoresApplication for test class es.uma.informatica.practica3.MicroservicioEntrenadoresApplicationTests$BaseDatosVacia

  .   ____          _            __ _ _
 /\\ / ___'_ __ _ _(_)_ __  __ _ \ \ \ \
( ( )\___ | '_ | '_| | '_ \/ _` | \ \ \ \
 \\/  ___)| |_)| | | | | || (_| |  ) ) ) )
  '  |____| .__|_| |_|_| |_\__, | / / / /
 =========|_|==============|___/=/_/_/_/
 :: Spring Boot ::                (v3.2.5)

2024-05-07T20:35:59.737+02:00  INFO 59495 --- [           main] icroservicioEntrenadoresApplicationTests : Starting MicroservicioEntrenadoresApplicationTests using Java 21.0.2 with PID 59495 (started by javimp2003 in /home/javimp2003/JARA Developers/ciklum-jara-developers/back-end)
2024-05-07T20:35:59.738+02:00  INFO 59495 --- [           main] icroservicioEntrenadoresApplicationTests : No active profile set, falling back to 1 default profile: "default"
2024-05-07T20:35:59.829+02:00  INFO 59495 --- [           main] .s.d.r.c.RepositoryConfigurationDelegate : Bootstrapping Spring Data JPA repositories in DEFAULT mode.
2024-05-07T20:35:59.837+02:00  INFO 59495 --- [           main] .s.d.r.c.RepositoryConfigurationDelegate : Finished Spring Data repository scanning in 6 ms. Found 2 JPA repository interfaces.
2024-05-07T20:35:59.903+02:00  INFO 59495 --- [           main] o.s.b.w.embedded.tomcat.TomcatWebServer  : Tomcat initialized with port 0 (http)
2024-05-07T20:35:59.903+02:00  INFO 59495 --- [           main] o.apache.catalina.core.StandardService   : Starting service [Tomcat]
2024-05-07T20:35:59.903+02:00  INFO 59495 --- [           main] o.apache.catalina.core.StandardEngine    : Starting Servlet engine: [Apache Tomcat/10.1.20]
2024-05-07T20:35:59.910+02:00  INFO 59495 --- [           main] o.a.c.c.C.[Tomcat].[localhost].[/]       : Initializing Spring embedded WebApplicationContext
2024-05-07T20:35:59.910+02:00  INFO 59495 --- [           main] w.s.c.ServletWebServerApplicationContext : Root WebApplicationContext: initialization completed in 170 ms
2024-05-07T20:35:59.919+02:00  INFO 59495 --- [           main] com.zaxxer.hikari.HikariDataSource       : HikariPool-14 - Starting...
2024-05-07T20:35:59.921+02:00  INFO 59495 --- [           main] com.zaxxer.hikari.pool.HikariPool        : HikariPool-14 - Added connection conn130: url=jdbc:h2:mem:test user=SA
2024-05-07T20:35:59.921+02:00  INFO 59495 --- [           main] com.zaxxer.hikari.HikariDataSource       : HikariPool-14 - Start completed.
2024-05-07T20:35:59.921+02:00  INFO 59495 --- [           main] o.s.b.a.h2.H2ConsoleAutoConfiguration    : H2 console available at '/h2-console'. Database available at 'jdbc:h2:mem:test'
2024-05-07T20:35:59.940+02:00  INFO 59495 --- [           main] o.hibernate.jpa.internal.util.LogHelper  : HHH000204: Processing PersistenceUnitInfo [name: default]
2024-05-07T20:35:59.942+02:00  INFO 59495 --- [           main] o.h.c.internal.RegionFactoryInitiator    : HHH000026: Second-level cache disabled
2024-05-07T20:35:59.944+02:00  INFO 59495 --- [           main] o.s.o.j.p.SpringPersistenceUnitInfo      : No LoadTimeWeaver setup: ignoring JPA class transformer
2024-05-07T20:35:59.945+02:00  WARN 59495 --- [           main] org.hibernate.orm.deprecation            : HHH90000025: H2Dialect does not need to be specified explicitly using 'hibernate.dialect' (remove the property setting and it will be selected by default)
2024-05-07T20:36:00.015+02:00  INFO 59495 --- [           main] o.h.e.t.j.p.i.JtaPlatformInitiator       : HHH000489: No JTA platform available (set 'hibernate.transaction.jta.platform' to enable JTA platform integration)
2024-05-07T20:36:00.028+02:00  INFO 59495 --- [           main] j.LocalContainerEntityManagerFactoryBean : Initialized JPA EntityManagerFactory for persistence unit 'default'
2024-05-07T20:36:00.096+02:00  WARN 59495 --- [           main] JpaBaseConfiguration$JpaWebConfiguration : spring.jpa.open-in-view is enabled by default. Therefore, database queries may be performed during view rendering. Explicitly configure spring.jpa.open-in-view to disable this warning
2024-05-07T20:36:00.161+02:00  INFO 59495 --- [           main] o.s.b.w.embedded.tomcat.TomcatWebServer  : Tomcat started on port 37587 (http) with context path ''
2024-05-07T20:36:00.163+02:00  INFO 59495 --- [           main] icroservicioEntrenadoresApplicationTests : Started MicroservicioEntrenadoresApplicationTests in 0.454 seconds (process running for 20.144)
2024-05-07T20:36:00.178+02:00  INFO 59495 --- [-auto-14-exec-1] o.a.c.c.C.[Tomcat].[localhost].[/]       : Initializing Spring DispatcherServlet 'dispatcherServlet'
2024-05-07T20:36:00.178+02:00  INFO 59495 --- [-auto-14-exec-1] o.s.web.servlet.DispatcherServlet        : Initializing Servlet 'dispatcherServlet'
2024-05-07T20:36:00.178+02:00  INFO 59495 --- [-auto-14-exec-1] o.s.web.servlet.DispatcherServlet        : Completed initialization in 0 ms
2024-05-07T20:36:00.188+02:00  INFO 59495 --- [           main] j.LocalContainerEntityManagerFactoryBean : Closing JPA EntityManagerFactory for persistence unit 'default'
2024-05-07T20:36:00.192+02:00  INFO 59495 --- [           main] com.zaxxer.hikari.HikariDataSource       : HikariPool-14 - Shutdown initiated...
2024-05-07T20:36:00.193+02:00  INFO 59495 --- [           main] com.zaxxer.hikari.HikariDataSource       : HikariPool-14 - Shutdown completed.
]]></system-out>
  </testcase>
  <testcase name="modificarEntrenadorInexistente" classname="es.uma.informatica.practica3.MicroservicioEntrenadoresApplicationTests$BaseDatosVacia" time="0.031">
    <system-out><![CDATA[
  .   ____          _            __ _ _
 /\\ / ___'_ __ _ _(_)_ __  __ _ \ \ \ \
( ( )\___ | '_ | '_| | '_ \/ _` | \ \ \ \
 \\/  ___)| |_)| | | | | || (_| |  ) ) ) )
  '  |____| .__|_| |_|_| |_\__, | / / / /
 =========|_|==============|___/=/_/_/_/
 :: Spring Boot ::                (v3.2.5)

2024-05-07T20:36:00.221+02:00  INFO 59495 --- [           main] icroservicioEntrenadoresApplicationTests : Starting MicroservicioEntrenadoresApplicationTests using Java 21.0.2 with PID 59495 (started by javimp2003 in /home/javimp2003/JARA Developers/ciklum-jara-developers/back-end)
2024-05-07T20:36:00.222+02:00  INFO 59495 --- [           main] icroservicioEntrenadoresApplicationTests : No active profile set, falling back to 1 default profile: "default"
2024-05-07T20:36:00.305+02:00  INFO 59495 --- [           main] .s.d.r.c.RepositoryConfigurationDelegate : Bootstrapping Spring Data JPA repositories in DEFAULT mode.
2024-05-07T20:36:00.310+02:00  INFO 59495 --- [           main] .s.d.r.c.RepositoryConfigurationDelegate : Finished Spring Data repository scanning in 4 ms. Found 2 JPA repository interfaces.
2024-05-07T20:36:00.354+02:00  INFO 59495 --- [           main] o.s.b.w.embedded.tomcat.TomcatWebServer  : Tomcat initialized with port 0 (http)
2024-05-07T20:36:00.355+02:00  INFO 59495 --- [           main] o.apache.catalina.core.StandardService   : Starting service [Tomcat]
2024-05-07T20:36:00.355+02:00  INFO 59495 --- [           main] o.apache.catalina.core.StandardEngine    : Starting Servlet engine: [Apache Tomcat/10.1.20]
2024-05-07T20:36:00.362+02:00  INFO 59495 --- [           main] o.a.c.c.C.[Tomcat].[localhost].[/]       : Initializing Spring embedded WebApplicationContext
2024-05-07T20:36:00.363+02:00  INFO 59495 --- [           main] w.s.c.ServletWebServerApplicationContext : Root WebApplicationContext: initialization completed in 140 ms
2024-05-07T20:36:00.378+02:00  INFO 59495 --- [           main] com.zaxxer.hikari.HikariDataSource       : HikariPool-15 - Starting...
2024-05-07T20:36:00.380+02:00  INFO 59495 --- [           main] com.zaxxer.hikari.pool.HikariPool        : HikariPool-15 - Added connection conn140: url=jdbc:h2:mem:test user=SA
2024-05-07T20:36:00.381+02:00  INFO 59495 --- [           main] com.zaxxer.hikari.HikariDataSource       : HikariPool-15 - Start completed.
2024-05-07T20:36:00.381+02:00  INFO 59495 --- [           main] o.s.b.a.h2.H2ConsoleAutoConfiguration    : H2 console available at '/h2-console'. Database available at 'jdbc:h2:mem:test'
2024-05-07T20:36:00.397+02:00  INFO 59495 --- [           main] o.hibernate.jpa.internal.util.LogHelper  : HHH000204: Processing PersistenceUnitInfo [name: default]
2024-05-07T20:36:00.399+02:00  INFO 59495 --- [           main] o.h.c.internal.RegionFactoryInitiator    : HHH000026: Second-level cache disabled
2024-05-07T20:36:00.401+02:00  INFO 59495 --- [           main] o.s.o.j.p.SpringPersistenceUnitInfo      : No LoadTimeWeaver setup: ignoring JPA class transformer
2024-05-07T20:36:00.404+02:00  WARN 59495 --- [           main] org.hibernate.orm.deprecation            : HHH90000025: H2Dialect does not need to be specified explicitly using 'hibernate.dialect' (remove the property setting and it will be selected by default)
2024-05-07T20:36:00.477+02:00  INFO 59495 --- [           main] o.h.e.t.j.p.i.JtaPlatformInitiator       : HHH000489: No JTA platform available (set 'hibernate.transaction.jta.platform' to enable JTA platform integration)
2024-05-07T20:36:00.488+02:00  INFO 59495 --- [           main] j.LocalContainerEntityManagerFactoryBean : Initialized JPA EntityManagerFactory for persistence unit 'default'
2024-05-07T20:36:00.533+02:00  WARN 59495 --- [           main] JpaBaseConfiguration$JpaWebConfiguration : spring.jpa.open-in-view is enabled by default. Therefore, database queries may be performed during view rendering. Explicitly configure spring.jpa.open-in-view to disable this warning
2024-05-07T20:36:00.618+02:00  INFO 59495 --- [           main] o.s.b.w.embedded.tomcat.TomcatWebServer  : Tomcat started on port 43175 (http) with context path ''
2024-05-07T20:36:00.620+02:00  INFO 59495 --- [           main] icroservicioEntrenadoresApplicationTests : Started MicroservicioEntrenadoresApplicationTests in 0.417 seconds (process running for 20.601)
2024-05-07T20:36:00.629+02:00  INFO 59495 --- [-auto-15-exec-1] o.a.c.c.C.[Tomcat].[localhost].[/]       : Initializing Spring DispatcherServlet 'dispatcherServlet'
2024-05-07T20:36:00.629+02:00  INFO 59495 --- [-auto-15-exec-1] o.s.web.servlet.DispatcherServlet        : Initializing Servlet 'dispatcherServlet'
2024-05-07T20:36:00.629+02:00  INFO 59495 --- [-auto-15-exec-1] o.s.web.servlet.DispatcherServlet        : Completed initialization in 0 ms
2024-05-07T20:36:00.643+02:00  INFO 59495 --- [           main] j.LocalContainerEntityManagerFactoryBean : Closing JPA EntityManagerFactory for persistence unit 'default'
2024-05-07T20:36:00.648+02:00  INFO 59495 --- [           main] com.zaxxer.hikari.HikariDataSource       : HikariPool-15 - Shutdown initiated...
2024-05-07T20:36:00.649+02:00  INFO 59495 --- [           main] com.zaxxer.hikari.HikariDataSource       : HikariPool-15 - Shutdown completed.
]]></system-out>
  </testcase>
  <testcase name="eliminarEntrenadorInexistente" classname="es.uma.informatica.practica3.MicroservicioEntrenadoresApplicationTests$BaseDatosVacia" time="0.027">
    <system-out><![CDATA[
  .   ____          _            __ _ _
 /\\ / ___'_ __ _ _(_)_ __  __ _ \ \ \ \
( ( )\___ | '_ | '_| | '_ \/ _` | \ \ \ \
 \\/  ___)| |_)| | | | | || (_| |  ) ) ) )
  '  |____| .__|_| |_|_| |_\__, | / / / /
 =========|_|==============|___/=/_/_/_/
 :: Spring Boot ::                (v3.2.5)

2024-05-07T20:36:00.674+02:00  INFO 59495 --- [           main] icroservicioEntrenadoresApplicationTests : Starting MicroservicioEntrenadoresApplicationTests using Java 21.0.2 with PID 59495 (started by javimp2003 in /home/javimp2003/JARA Developers/ciklum-jara-developers/back-end)
2024-05-07T20:36:00.674+02:00  INFO 59495 --- [           main] icroservicioEntrenadoresApplicationTests : No active profile set, falling back to 1 default profile: "default"
2024-05-07T20:36:00.792+02:00  INFO 59495 --- [           main] .s.d.r.c.RepositoryConfigurationDelegate : Bootstrapping Spring Data JPA repositories in DEFAULT mode.
2024-05-07T20:36:00.799+02:00  INFO 59495 --- [           main] .s.d.r.c.RepositoryConfigurationDelegate : Finished Spring Data repository scanning in 6 ms. Found 2 JPA repository interfaces.
2024-05-07T20:36:00.888+02:00  INFO 59495 --- [           main] o.s.b.w.embedded.tomcat.TomcatWebServer  : Tomcat initialized with port 0 (http)
2024-05-07T20:36:00.889+02:00  INFO 59495 --- [           main] o.apache.catalina.core.StandardService   : Starting service [Tomcat]
2024-05-07T20:36:00.889+02:00  INFO 59495 --- [           main] o.apache.catalina.core.StandardEngine    : Starting Servlet engine: [Apache Tomcat/10.1.20]
2024-05-07T20:36:00.901+02:00  INFO 59495 --- [           main] o.a.c.c.C.[Tomcat].[localhost].[/]       : Initializing Spring embedded WebApplicationContext
2024-05-07T20:36:00.901+02:00  INFO 59495 --- [           main] w.s.c.ServletWebServerApplicationContext : Root WebApplicationContext: initialization completed in 226 ms
2024-05-07T20:36:00.917+02:00  INFO 59495 --- [           main] com.zaxxer.hikari.HikariDataSource       : HikariPool-16 - Starting...
2024-05-07T20:36:00.919+02:00  INFO 59495 --- [           main] com.zaxxer.hikari.pool.HikariPool        : HikariPool-16 - Added connection conn150: url=jdbc:h2:mem:test user=SA
2024-05-07T20:36:00.919+02:00  INFO 59495 --- [           main] com.zaxxer.hikari.HikariDataSource       : HikariPool-16 - Start completed.
2024-05-07T20:36:00.920+02:00  INFO 59495 --- [           main] o.s.b.a.h2.H2ConsoleAutoConfiguration    : H2 console available at '/h2-console'. Database available at 'jdbc:h2:mem:test'
2024-05-07T20:36:00.940+02:00  INFO 59495 --- [           main] o.hibernate.jpa.internal.util.LogHelper  : HHH000204: Processing PersistenceUnitInfo [name: default]
2024-05-07T20:36:00.942+02:00  INFO 59495 --- [           main] o.h.c.internal.RegionFactoryInitiator    : HHH000026: Second-level cache disabled
2024-05-07T20:36:00.946+02:00  INFO 59495 --- [           main] o.s.o.j.p.SpringPersistenceUnitInfo      : No LoadTimeWeaver setup: ignoring JPA class transformer
2024-05-07T20:36:00.947+02:00  WARN 59495 --- [           main] org.hibernate.orm.deprecation            : HHH90000025: H2Dialect does not need to be specified explicitly using 'hibernate.dialect' (remove the property setting and it will be selected by default)
2024-05-07T20:36:01.031+02:00  INFO 59495 --- [           main] o.h.e.t.j.p.i.JtaPlatformInitiator       : HHH000489: No JTA platform available (set 'hibernate.transaction.jta.platform' to enable JTA platform integration)
2024-05-07T20:36:01.051+02:00  INFO 59495 --- [           main] j.LocalContainerEntityManagerFactoryBean : Initialized JPA EntityManagerFactory for persistence unit 'default'
2024-05-07T20:36:01.125+02:00  WARN 59495 --- [           main] JpaBaseConfiguration$JpaWebConfiguration : spring.jpa.open-in-view is enabled by default. Therefore, database queries may be performed during view rendering. Explicitly configure spring.jpa.open-in-view to disable this warning
2024-05-07T20:36:01.206+02:00  INFO 59495 --- [           main] o.s.b.w.embedded.tomcat.TomcatWebServer  : Tomcat started on port 38651 (http) with context path ''
2024-05-07T20:36:01.208+02:00  INFO 59495 --- [           main] icroservicioEntrenadoresApplicationTests : Started MicroservicioEntrenadoresApplicationTests in 0.552 seconds (process running for 21.189)
2024-05-07T20:36:01.215+02:00  INFO 59495 --- [-auto-16-exec-1] o.a.c.c.C.[Tomcat].[localhost].[/]       : Initializing Spring DispatcherServlet 'dispatcherServlet'
2024-05-07T20:36:01.215+02:00  INFO 59495 --- [-auto-16-exec-1] o.s.web.servlet.DispatcherServlet        : Initializing Servlet 'dispatcherServlet'
2024-05-07T20:36:01.215+02:00  INFO 59495 --- [-auto-16-exec-1] o.s.web.servlet.DispatcherServlet        : Completed initialization in 0 ms
2024-05-07T20:36:01.228+02:00  INFO 59495 --- [           main] j.LocalContainerEntityManagerFactoryBean : Closing JPA EntityManagerFactory for persistence unit 'default'
2024-05-07T20:36:01.233+02:00  INFO 59495 --- [           main] com.zaxxer.hikari.HikariDataSource       : HikariPool-16 - Shutdown initiated...
2024-05-07T20:36:01.234+02:00  INFO 59495 --- [           main] com.zaxxer.hikari.HikariDataSource       : HikariPool-16 - Shutdown completed.
]]></system-out>
  </testcase>
  <testcase name="insertaEntrenador" classname="es.uma.informatica.practica3.MicroservicioEntrenadoresApplicationTests$BaseDatosVacia" time="0.05">
    <system-out><![CDATA[
  .   ____          _            __ _ _
 /\\ / ___'_ __ _ _(_)_ __  __ _ \ \ \ \
( ( )\___ | '_ | '_| | '_ \/ _` | \ \ \ \
 \\/  ___)| |_)| | | | | || (_| |  ) ) ) )
  '  |____| .__|_| |_|_| |_\__, | / / / /
 =========|_|==============|___/=/_/_/_/
 :: Spring Boot ::                (v3.2.5)

2024-05-07T20:36:01.251+02:00  INFO 59495 --- [           main] icroservicioEntrenadoresApplicationTests : Starting MicroservicioEntrenadoresApplicationTests using Java 21.0.2 with PID 59495 (started by javimp2003 in /home/javimp2003/JARA Developers/ciklum-jara-developers/back-end)
2024-05-07T20:36:01.251+02:00  INFO 59495 --- [           main] icroservicioEntrenadoresApplicationTests : No active profile set, falling back to 1 default profile: "default"
2024-05-07T20:36:01.316+02:00  INFO 59495 --- [           main] .s.d.r.c.RepositoryConfigurationDelegate : Bootstrapping Spring Data JPA repositories in DEFAULT mode.
2024-05-07T20:36:01.320+02:00  INFO 59495 --- [           main] .s.d.r.c.RepositoryConfigurationDelegate : Finished Spring Data repository scanning in 3 ms. Found 2 JPA repository interfaces.
2024-05-07T20:36:01.364+02:00  INFO 59495 --- [           main] o.s.b.w.embedded.tomcat.TomcatWebServer  : Tomcat initialized with port 0 (http)
2024-05-07T20:36:01.365+02:00  INFO 59495 --- [           main] o.apache.catalina.core.StandardService   : Starting service [Tomcat]
2024-05-07T20:36:01.365+02:00  INFO 59495 --- [           main] o.apache.catalina.core.StandardEngine    : Starting Servlet engine: [Apache Tomcat/10.1.20]
2024-05-07T20:36:01.372+02:00  INFO 59495 --- [           main] o.a.c.c.C.[Tomcat].[localhost].[/]       : Initializing Spring embedded WebApplicationContext
2024-05-07T20:36:01.372+02:00  INFO 59495 --- [           main] w.s.c.ServletWebServerApplicationContext : Root WebApplicationContext: initialization completed in 120 ms
2024-05-07T20:36:01.381+02:00  INFO 59495 --- [           main] com.zaxxer.hikari.HikariDataSource       : HikariPool-17 - Starting...
2024-05-07T20:36:01.384+02:00  INFO 59495 --- [           main] com.zaxxer.hikari.pool.HikariPool        : HikariPool-17 - Added connection conn160: url=jdbc:h2:mem:test user=SA
2024-05-07T20:36:01.385+02:00  INFO 59495 --- [           main] com.zaxxer.hikari.HikariDataSource       : HikariPool-17 - Start completed.
2024-05-07T20:36:01.385+02:00  INFO 59495 --- [           main] o.s.b.a.h2.H2ConsoleAutoConfiguration    : H2 console available at '/h2-console'. Database available at 'jdbc:h2:mem:test'
2024-05-07T20:36:01.399+02:00  INFO 59495 --- [           main] o.hibernate.jpa.internal.util.LogHelper  : HHH000204: Processing PersistenceUnitInfo [name: default]
2024-05-07T20:36:01.400+02:00  INFO 59495 --- [           main] o.h.c.internal.RegionFactoryInitiator    : HHH000026: Second-level cache disabled
2024-05-07T20:36:01.402+02:00  INFO 59495 --- [           main] o.s.o.j.p.SpringPersistenceUnitInfo      : No LoadTimeWeaver setup: ignoring JPA class transformer
2024-05-07T20:36:01.403+02:00  WARN 59495 --- [           main] org.hibernate.orm.deprecation            : HHH90000025: H2Dialect does not need to be specified explicitly using 'hibernate.dialect' (remove the property setting and it will be selected by default)
2024-05-07T20:36:01.454+02:00  INFO 59495 --- [           main] o.h.e.t.j.p.i.JtaPlatformInitiator       : HHH000489: No JTA platform available (set 'hibernate.transaction.jta.platform' to enable JTA platform integration)
2024-05-07T20:36:01.467+02:00  INFO 59495 --- [           main] j.LocalContainerEntityManagerFactoryBean : Initialized JPA EntityManagerFactory for persistence unit 'default'
2024-05-07T20:36:01.524+02:00  WARN 59495 --- [           main] JpaBaseConfiguration$JpaWebConfiguration : spring.jpa.open-in-view is enabled by default. Therefore, database queries may be performed during view rendering. Explicitly configure spring.jpa.open-in-view to disable this warning
2024-05-07T20:36:01.616+02:00  INFO 59495 --- [           main] o.s.b.w.embedded.tomcat.TomcatWebServer  : Tomcat started on port 34777 (http) with context path ''
2024-05-07T20:36:01.617+02:00  INFO 59495 --- [           main] icroservicioEntrenadoresApplicationTests : Started MicroservicioEntrenadoresApplicationTests in 0.377 seconds (process running for 21.598)
La peticion post es: http://localhost:34777/entrenador?centro=1
2024-05-07T20:36:01.624+02:00  INFO 59495 --- [-auto-17-exec-1] o.a.c.c.C.[Tomcat].[localhost].[/]       : Initializing Spring DispatcherServlet 'dispatcherServlet'
2024-05-07T20:36:01.625+02:00  INFO 59495 --- [-auto-17-exec-1] o.s.web.servlet.DispatcherServlet        : Initializing Servlet 'dispatcherServlet'
2024-05-07T20:36:01.625+02:00  INFO 59495 --- [-auto-17-exec-1] o.s.web.servlet.DispatcherServlet        : Completed initialization in 0 ms
2024-05-07T20:36:01.661+02:00  INFO 59495 --- [           main] j.LocalContainerEntityManagerFactoryBean : Closing JPA EntityManagerFactory for persistence unit 'default'
2024-05-07T20:36:01.665+02:00  INFO 59495 --- [           main] com.zaxxer.hikari.HikariDataSource       : HikariPool-17 - Shutdown initiated...
2024-05-07T20:36:01.666+02:00  INFO 59495 --- [           main] com.zaxxer.hikari.HikariDataSource       : HikariPool-17 - Shutdown completed.
]]></system-out>
  </testcase>
</testsuite>