<?xml version="1.0" encoding="UTF-8"?>
<testsuite xmlns:xsi="http://www.w3.org/2001/XMLSchema-instance" xsi:noNamespaceSchemaLocation="https://maven.apache.org/surefire/maven-surefire-plugin/xsd/surefire-test-report-3.0.xsd" version="3.0" name="es.uma.informatica.practica3.MicroservicioEntrenadoresApplicationTests$BaseDatosVacia" time="2.11" tests="5" errors="0" skipped="0" failures="0">
  <properties>
    <property name="java.specification.version" value="21"/>
    <property name="sun.jnu.encoding" value="UTF-8"/>
    <property name="java.class.path" value="/home/javimp2003/JARA Developers/ciklum-jara-developers/back-end/target/test-classes:/home/javimp2003/JARA Developers/ciklum-jara-developers/back-end/target/classes:/home/javimp2003/.m2/repository/org/springframework/boot/spring-boot-starter-data-jpa/3.2.5/spring-boot-starter-data-jpa-3.2.5.jar:/home/javimp2003/.m2/repository/org/springframework/boot/spring-boot-starter-aop/3.2.5/spring-boot-starter-aop-3.2.5.jar:/home/javimp2003/.m2/repository/org/aspectj/aspectjweaver/1.9.22/aspectjweaver-1.9.22.jar:/home/javimp2003/.m2/repository/org/springframework/boot/spring-boot-starter-jdbc/3.2.5/spring-boot-starter-jdbc-3.2.5.jar:/home/javimp2003/.m2/repository/com/zaxxer/HikariCP/5.0.1/HikariCP-5.0.1.jar:/home/javimp2003/.m2/repository/org/springframework/spring-jdbc/6.1.6/spring-jdbc-6.1.6.jar:/home/javimp2003/.m2/repository/org/hibernate/orm/hibernate-core/6.4.4.Final/hibernate-core-6.4.4.Final.jar:/home/javimp2003/.m2/repository/jakarta/persistence/jakarta.persistence-api/3.1.0/jakarta.persistence-api-3.1.0.jar:/home/javimp2003/.m2/repository/jakarta/transaction/jakarta.transaction-api/2.0.1/jakarta.transaction-api-2.0.1.jar:/home/javimp2003/.m2/repository/org/jboss/logging/jboss-logging/3.5.3.Final/jboss-logging-3.5.3.Final.jar:/home/javimp2003/.m2/repository/org/hibernate/common/hibernate-commons-annotations/6.0.6.Final/hibernate-commons-annotations-6.0.6.Final.jar:/home/javimp2003/.m2/repository/io/smallrye/jandex/3.1.2/jandex-3.1.2.jar:/home/javimp2003/.m2/repository/net/bytebuddy/byte-buddy/1.14.13/byte-buddy-1.14.13.jar:/home/javimp2003/.m2/repository/org/glassfish/jaxb/jaxb-runtime/4.0.5/jaxb-runtime-4.0.5.jar:/home/javimp2003/.m2/repository/org/glassfish/jaxb/jaxb-core/4.0.5/jaxb-core-4.0.5.jar:/home/javimp2003/.m2/repository/org/eclipse/angus/angus-activation/2.0.2/angus-activation-2.0.2.jar:/home/javimp2003/.m2/repository/org/glassfish/jaxb/txw2/4.0.5/txw2-4.0.5.jar:/home/javimp2003/.m2/repository/com/sun/istack/istack-commons-runtime/4.1.2/istack-commons-runtime-4.1.2.jar:/home/javimp2003/.m2/repository/jakarta/inject/jakarta.inject-api/2.0.1/jakarta.inject-api-2.0.1.jar:/home/javimp2003/.m2/repository/org/antlr/antlr4-runtime/4.13.0/antlr4-runtime-4.13.0.jar:/home/javimp2003/.m2/repository/org/springframework/data/spring-data-jpa/3.2.5/spring-data-jpa-3.2.5.jar:/home/javimp2003/.m2/repository/org/springframework/data/spring-data-commons/3.2.5/spring-data-commons-3.2.5.jar:/home/javimp2003/.m2/repository/org/springframework/spring-orm/6.1.6/spring-orm-6.1.6.jar:/home/javimp2003/.m2/repository/org/springframework/spring-context/6.1.6/spring-context-6.1.6.jar:/home/javimp2003/.m2/repository/org/springframework/spring-tx/6.1.6/spring-tx-6.1.6.jar:/home/javimp2003/.m2/repository/org/springframework/spring-beans/6.1.6/spring-beans-6.1.6.jar:/home/javimp2003/.m2/repository/jakarta/annotation/jakarta.annotation-api/2.1.1/jakarta.annotation-api-2.1.1.jar:/home/javimp2003/.m2/repository/org/springframework/spring-aspects/6.1.6/spring-aspects-6.1.6.jar:/home/javimp2003/.m2/repository/org/springframework/boot/spring-boot-starter-web/3.2.5/spring-boot-starter-web-3.2.5.jar:/home/javimp2003/.m2/repository/org/springframework/boot/spring-boot-starter/3.2.5/spring-boot-starter-3.2.5.jar:/home/javimp2003/.m2/repository/org/springframework/boot/spring-boot/3.2.5/spring-boot-3.2.5.jar:/home/javimp2003/.m2/repository/org/springframework/boot/spring-boot-autoconfigure/3.2.5/spring-boot-autoconfigure-3.2.5.jar:/home/javimp2003/.m2/repository/org/springframework/boot/spring-boot-starter-logging/3.2.5/spring-boot-starter-logging-3.2.5.jar:/home/javimp2003/.m2/repository/ch/qos/logback/logback-classic/1.4.14/logback-classic-1.4.14.jar:/home/javimp2003/.m2/repository/ch/qos/logback/logback-core/1.4.14/logback-core-1.4.14.jar:/home/javimp2003/.m2/repository/org/apache/logging/log4j/log4j-to-slf4j/2.21.1/log4j-to-slf4j-2.21.1.jar:/home/javimp2003/.m2/repository/org/apache/logging/log4j/log4j-api/2.21.1/log4j-api-2.21.1.jar:/home/javimp2003/.m2/repository/org/slf4j/jul-to-slf4j/2.0.13/jul-to-slf4j-2.0.13.jar:/home/javimp2003/.m2/repository/org/yaml/snakeyaml/2.2/snakeyaml-2.2.jar:/home/javimp2003/.m2/repository/org/springframework/boot/spring-boot-starter-json/3.2.5/spring-boot-starter-json-3.2.5.jar:/home/javimp2003/.m2/repository/com/fasterxml/jackson/datatype/jackson-datatype-jdk8/2.15.4/jackson-datatype-jdk8-2.15.4.jar:/home/javimp2003/.m2/repository/com/fasterxml/jackson/datatype/jackson-datatype-jsr310/2.15.4/jackson-datatype-jsr310-2.15.4.jar:/home/javimp2003/.m2/repository/com/fasterxml/jackson/module/jackson-module-parameter-names/2.15.4/jackson-module-parameter-names-2.15.4.jar:/home/javimp2003/.m2/repository/org/springframework/boot/spring-boot-starter-tomcat/3.2.5/spring-boot-starter-tomcat-3.2.5.jar:/home/javimp2003/.m2/repository/org/apache/tomcat/embed/tomcat-embed-core/10.1.20/tomcat-embed-core-10.1.20.jar:/home/javimp2003/.m2/repository/org/apache/tomcat/embed/tomcat-embed-el/10.1.20/tomcat-embed-el-10.1.20.jar:/home/javimp2003/.m2/repository/org/apache/tomcat/embed/tomcat-embed-websocket/10.1.20/tomcat-embed-websocket-10.1.20.jar:/home/javimp2003/.m2/repository/org/springframework/spring-web/6.1.6/spring-web-6.1.6.jar:/home/javimp2003/.m2/repository/io/micrometer/micrometer-observation/1.12.5/micrometer-observation-1.12.5.jar:/home/javimp2003/.m2/repository/io/micrometer/micrometer-commons/1.12.5/micrometer-commons-1.12.5.jar:/home/javimp2003/.m2/repository/org/springframework/spring-webmvc/6.1.6/spring-webmvc-6.1.6.jar:/home/javimp2003/.m2/repository/org/springframework/spring-expression/6.1.6/spring-expression-6.1.6.jar:/home/javimp2003/.m2/repository/org/projectlombok/lombok/1.18.32/lombok-1.18.32.jar:/home/javimp2003/.m2/repository/com/h2database/h2/2.2.224/h2-2.2.224.jar:/home/javimp2003/.m2/repository/org/springframework/boot/spring-boot-starter-test/3.2.5/spring-boot-starter-test-3.2.5.jar:/home/javimp2003/.m2/repository/org/springframework/boot/spring-boot-test/3.2.5/spring-boot-test-3.2.5.jar:/home/javimp2003/.m2/repository/org/springframework/boot/spring-boot-test-autoconfigure/3.2.5/spring-boot-test-autoconfigure-3.2.5.jar:/home/javimp2003/.m2/repository/com/jayway/jsonpath/json-path/2.9.0/json-path-2.9.0.jar:/home/javimp2003/.m2/repository/jakarta/xml/bind/jakarta.xml.bind-api/4.0.2/jakarta.xml.bind-api-4.0.2.jar:/home/javimp2003/.m2/repository/jakarta/activation/jakarta.activation-api/2.1.3/jakarta.activation-api-2.1.3.jar:/home/javimp2003/.m2/repository/net/minidev/json-smart/2.5.1/json-smart-2.5.1.jar:/home/javimp2003/.m2/repository/net/minidev/accessors-smart/2.5.1/accessors-smart-2.5.1.jar:/home/javimp2003/.m2/repository/org/ow2/asm/asm/9.6/asm-9.6.jar:/home/javimp2003/.m2/repository/org/assertj/assertj-core/3.24.2/assertj-core-3.24.2.jar:/home/javimp2003/.m2/repository/org/awaitility/awaitility/4.2.1/awaitility-4.2.1.jar:/home/javimp2003/.m2/repository/org/hamcrest/hamcrest/2.2/hamcrest-2.2.jar:/home/javimp2003/.m2/repository/org/junit/jupiter/junit-jupiter/5.10.2/junit-jupiter-5.10.2.jar:/home/javimp2003/.m2/repository/org/junit/jupiter/junit-jupiter-api/5.10.2/junit-jupiter-api-5.10.2.jar:/home/javimp2003/.m2/repository/org/opentest4j/opentest4j/1.3.0/opentest4j-1.3.0.jar:/home/javimp2003/.m2/repository/org/junit/platform/junit-platform-commons/1.10.2/junit-platform-commons-1.10.2.jar:/home/javimp2003/.m2/repository/org/apiguardian/apiguardian-api/1.1.2/apiguardian-api-1.1.2.jar:/home/javimp2003/.m2/repository/org/junit/jupiter/junit-jupiter-params/5.10.2/junit-jupiter-params-5.10.2.jar:/home/javimp2003/.m2/repository/org/junit/jupiter/junit-jupiter-engine/5.10.2/junit-jupiter-engine-5.10.2.jar:/home/javimp2003/.m2/repository/org/junit/platform/junit-platform-engine/1.10.2/junit-platform-engine-1.10.2.jar:/home/javimp2003/.m2/repository/org/mockito/mockito-core/5.7.0/mockito-core-5.7.0.jar:/home/javimp2003/.m2/repository/net/bytebuddy/byte-buddy-agent/1.14.13/byte-buddy-agent-1.14.13.jar:/home/javimp2003/.m2/repository/org/objenesis/objenesis/3.3/objenesis-3.3.jar:/home/javimp2003/.m2/repository/org/mockito/mockito-junit-jupiter/5.7.0/mockito-junit-jupiter-5.7.0.jar:/home/javimp2003/.m2/repository/org/skyscreamer/jsonassert/1.5.1/jsonassert-1.5.1.jar:/home/javimp2003/.m2/repository/com/vaadin/external/google/android-json/0.0.20131108.vaadin1/android-json-0.0.20131108.vaadin1.jar:/home/javimp2003/.m2/repository/org/springframework/spring-core/6.1.6/spring-core-6.1.6.jar:/home/javimp2003/.m2/repository/org/springframework/spring-jcl/6.1.6/spring-jcl-6.1.6.jar:/home/javimp2003/.m2/repository/org/springframework/spring-test/6.1.6/spring-test-6.1.6.jar:/home/javimp2003/.m2/repository/org/xmlunit/xmlunit-core/2.9.1/xmlunit-core-2.9.1.jar:/home/javimp2003/.m2/repository/io/springfox/springfox-boot-starter/3.0.0/springfox-boot-starter-3.0.0.jar:/home/javimp2003/.m2/repository/io/springfox/springfox-oas/3.0.0/springfox-oas-3.0.0.jar:/home/javimp2003/.m2/repository/io/swagger/core/v3/swagger-annotations/2.1.2/swagger-annotations-2.1.2.jar:/home/javimp2003/.m2/repository/io/swagger/core/v3/swagger-models/2.1.2/swagger-models-2.1.2.jar:/home/javimp2003/.m2/repository/io/springfox/springfox-spi/3.0.0/springfox-spi-3.0.0.jar:/home/javimp2003/.m2/repository/io/springfox/springfox-schema/3.0.0/springfox-schema-3.0.0.jar:/home/javimp2003/.m2/repository/io/springfox/springfox-core/3.0.0/springfox-core-3.0.0.jar:/home/javimp2003/.m2/repository/io/springfox/springfox-spring-web/3.0.0/springfox-spring-web-3.0.0.jar:/home/javimp2003/.m2/repository/io/github/classgraph/classgraph/4.8.83/classgraph-4.8.83.jar:/home/javimp2003/.m2/repository/io/springfox/springfox-spring-webmvc/3.0.0/springfox-spring-webmvc-3.0.0.jar:/home/javimp2003/.m2/repository/io/springfox/springfox-spring-webflux/3.0.0/springfox-spring-webflux-3.0.0.jar:/home/javimp2003/.m2/repository/io/springfox/springfox-swagger-common/3.0.0/springfox-swagger-common-3.0.0.jar:/home/javimp2003/.m2/repository/org/mapstruct/mapstruct/1.3.1.Final/mapstruct-1.3.1.Final.jar:/home/javimp2003/.m2/repository/io/springfox/springfox-data-rest/3.0.0/springfox-data-rest-3.0.0.jar:/home/javimp2003/.m2/repository/io/springfox/springfox-bean-validators/3.0.0/springfox-bean-validators-3.0.0.jar:/home/javimp2003/.m2/repository/io/springfox/springfox-swagger2/3.0.0/springfox-swagger2-3.0.0.jar:/home/javimp2003/.m2/repository/io/swagger/swagger-annotations/1.5.20/swagger-annotations-1.5.20.jar:/home/javimp2003/.m2/repository/io/swagger/swagger-models/1.5.20/swagger-models-1.5.20.jar:/home/javimp2003/.m2/repository/io/springfox/springfox-swagger-ui/3.0.0/springfox-swagger-ui-3.0.0.jar:/home/javimp2003/.m2/repository/com/fasterxml/classmate/1.6.0/classmate-1.6.0.jar:/home/javimp2003/.m2/repository/org/slf4j/slf4j-api/2.0.13/slf4j-api-2.0.13.jar:/home/javimp2003/.m2/repository/org/springframework/plugin/spring-plugin-core/2.0.0.RELEASE/spring-plugin-core-2.0.0.RELEASE.jar:/home/javimp2003/.m2/repository/org/springframework/plugin/spring-plugin-metadata/2.0.0.RELEASE/spring-plugin-metadata-2.0.0.RELEASE.jar:/home/javimp2003/.m2/repository/org/springframework/boot/spring-boot-starter-security/3.2.5/spring-boot-starter-security-3.2.5.jar:/home/javimp2003/.m2/repository/org/springframework/spring-aop/6.1.6/spring-aop-6.1.6.jar:/home/javimp2003/.m2/repository/org/springframework/security/spring-security-config/6.2.4/spring-security-config-6.2.4.jar:/home/javimp2003/.m2/repository/org/springframework/security/spring-security-web/6.2.4/spring-security-web-6.2.4.jar:/home/javimp2003/.m2/repository/io/jsonwebtoken/jjwt-impl/0.11.5/jjwt-impl-0.11.5.jar:/home/javimp2003/.m2/repository/io/jsonwebtoken/jjwt-api/0.11.5/jjwt-api-0.11.5.jar:/home/javimp2003/.m2/repository/io/jsonwebtoken/jjwt-jackson/0.11.5/jjwt-jackson-0.11.5.jar:/home/javimp2003/.m2/repository/com/fasterxml/jackson/core/jackson-databind/2.15.4/jackson-databind-2.15.4.jar:/home/javimp2003/.m2/repository/com/fasterxml/jackson/core/jackson-annotations/2.15.4/jackson-annotations-2.15.4.jar:/home/javimp2003/.m2/repository/com/fasterxml/jackson/core/jackson-core/2.15.4/jackson-core-2.15.4.jar:/home/javimp2003/.m2/repository/org/springframework/security/spring-security-test/6.2.4/spring-security-test-6.2.4.jar:/home/javimp2003/.m2/repository/org/springframework/security/spring-security-core/6.2.4/spring-security-core-6.2.4.jar:/home/javimp2003/.m2/repository/org/springframework/security/spring-security-crypto/6.2.4/spring-security-crypto-6.2.4.jar:"/>
    <property name="java.vm.vendor" value="Private Build"/>
    <property name="sun.arch.data.model" value="64"/>
    <property name="catalina.useNaming" value="false"/>
    <property name="java.vendor.url" value="Unknown"/>
    <property name="user.timezone" value="Europe/Madrid"/>
    <property name="org.jboss.logging.provider" value="slf4j"/>
    <property name="os.name" value="Linux"/>
    <property name="java.vm.specification.version" value="21"/>
    <property name="sun.java.launcher" value="SUN_STANDARD"/>
    <property name="user.country" value="ES"/>
    <property name="sun.boot.library.path" value="/usr/lib/jvm/java-21-openjdk-amd64/lib"/>
    <property name="sun.java.command" value="/home/javimp2003/JARA Developers/ciklum-jara-developers/back-end/target/surefire/surefirebooter-20240523185315231_3.jar /home/javimp2003/JARA Developers/ciklum-jara-developers/back-end/target/surefire 2024-05-23T18-53-14_582-jvmRun1 surefire-20240523185315231_1tmp surefire_0-20240523185315231_2tmp"/>
    <property name="jdk.debug" value="release"/>
    <property name="surefire.test.class.path" value="/home/javimp2003/JARA Developers/ciklum-jara-developers/back-end/target/test-classes:/home/javimp2003/JARA Developers/ciklum-jara-developers/back-end/target/classes:/home/javimp2003/.m2/repository/org/springframework/boot/spring-boot-starter-data-jpa/3.2.5/spring-boot-starter-data-jpa-3.2.5.jar:/home/javimp2003/.m2/repository/org/springframework/boot/spring-boot-starter-aop/3.2.5/spring-boot-starter-aop-3.2.5.jar:/home/javimp2003/.m2/repository/org/aspectj/aspectjweaver/1.9.22/aspectjweaver-1.9.22.jar:/home/javimp2003/.m2/repository/org/springframework/boot/spring-boot-starter-jdbc/3.2.5/spring-boot-starter-jdbc-3.2.5.jar:/home/javimp2003/.m2/repository/com/zaxxer/HikariCP/5.0.1/HikariCP-5.0.1.jar:/home/javimp2003/.m2/repository/org/springframework/spring-jdbc/6.1.6/spring-jdbc-6.1.6.jar:/home/javimp2003/.m2/repository/org/hibernate/orm/hibernate-core/6.4.4.Final/hibernate-core-6.4.4.Final.jar:/home/javimp2003/.m2/repository/jakarta/persistence/jakarta.persistence-api/3.1.0/jakarta.persistence-api-3.1.0.jar:/home/javimp2003/.m2/repository/jakarta/transaction/jakarta.transaction-api/2.0.1/jakarta.transaction-api-2.0.1.jar:/home/javimp2003/.m2/repository/org/jboss/logging/jboss-logging/3.5.3.Final/jboss-logging-3.5.3.Final.jar:/home/javimp2003/.m2/repository/org/hibernate/common/hibernate-commons-annotations/6.0.6.Final/hibernate-commons-annotations-6.0.6.Final.jar:/home/javimp2003/.m2/repository/io/smallrye/jandex/3.1.2/jandex-3.1.2.jar:/home/javimp2003/.m2/repository/net/bytebuddy/byte-buddy/1.14.13/byte-buddy-1.14.13.jar:/home/javimp2003/.m2/repository/org/glassfish/jaxb/jaxb-runtime/4.0.5/jaxb-runtime-4.0.5.jar:/home/javimp2003/.m2/repository/org/glassfish/jaxb/jaxb-core/4.0.5/jaxb-core-4.0.5.jar:/home/javimp2003/.m2/repository/org/eclipse/angus/angus-activation/2.0.2/angus-activation-2.0.2.jar:/home/javimp2003/.m2/repository/org/glassfish/jaxb/txw2/4.0.5/txw2-4.0.5.jar:/home/javimp2003/.m2/repository/com/sun/istack/istack-commons-runtime/4.1.2/istack-commons-runtime-4.1.2.jar:/home/javimp2003/.m2/repository/jakarta/inject/jakarta.inject-api/2.0.1/jakarta.inject-api-2.0.1.jar:/home/javimp2003/.m2/repository/org/antlr/antlr4-runtime/4.13.0/antlr4-runtime-4.13.0.jar:/home/javimp2003/.m2/repository/org/springframework/data/spring-data-jpa/3.2.5/spring-data-jpa-3.2.5.jar:/home/javimp2003/.m2/repository/org/springframework/data/spring-data-commons/3.2.5/spring-data-commons-3.2.5.jar:/home/javimp2003/.m2/repository/org/springframework/spring-orm/6.1.6/spring-orm-6.1.6.jar:/home/javimp2003/.m2/repository/org/springframework/spring-context/6.1.6/spring-context-6.1.6.jar:/home/javimp2003/.m2/repository/org/springframework/spring-tx/6.1.6/spring-tx-6.1.6.jar:/home/javimp2003/.m2/repository/org/springframework/spring-beans/6.1.6/spring-beans-6.1.6.jar:/home/javimp2003/.m2/repository/jakarta/annotation/jakarta.annotation-api/2.1.1/jakarta.annotation-api-2.1.1.jar:/home/javimp2003/.m2/repository/org/springframework/spring-aspects/6.1.6/spring-aspects-6.1.6.jar:/home/javimp2003/.m2/repository/org/springframework/boot/spring-boot-starter-web/3.2.5/spring-boot-starter-web-3.2.5.jar:/home/javimp2003/.m2/repository/org/springframework/boot/spring-boot-starter/3.2.5/spring-boot-starter-3.2.5.jar:/home/javimp2003/.m2/repository/org/springframework/boot/spring-boot/3.2.5/spring-boot-3.2.5.jar:/home/javimp2003/.m2/repository/org/springframework/boot/spring-boot-autoconfigure/3.2.5/spring-boot-autoconfigure-3.2.5.jar:/home/javimp2003/.m2/repository/org/springframework/boot/spring-boot-starter-logging/3.2.5/spring-boot-starter-logging-3.2.5.jar:/home/javimp2003/.m2/repository/ch/qos/logback/logback-classic/1.4.14/logback-classic-1.4.14.jar:/home/javimp2003/.m2/repository/ch/qos/logback/logback-core/1.4.14/logback-core-1.4.14.jar:/home/javimp2003/.m2/repository/org/apache/logging/log4j/log4j-to-slf4j/2.21.1/log4j-to-slf4j-2.21.1.jar:/home/javimp2003/.m2/repository/org/apache/logging/log4j/log4j-api/2.21.1/log4j-api-2.21.1.jar:/home/javimp2003/.m2/repository/org/slf4j/jul-to-slf4j/2.0.13/jul-to-slf4j-2.0.13.jar:/home/javimp2003/.m2/repository/org/yaml/snakeyaml/2.2/snakeyaml-2.2.jar:/home/javimp2003/.m2/repository/org/springframework/boot/spring-boot-starter-json/3.2.5/spring-boot-starter-json-3.2.5.jar:/home/javimp2003/.m2/repository/com/fasterxml/jackson/datatype/jackson-datatype-jdk8/2.15.4/jackson-datatype-jdk8-2.15.4.jar:/home/javimp2003/.m2/repository/com/fasterxml/jackson/datatype/jackson-datatype-jsr310/2.15.4/jackson-datatype-jsr310-2.15.4.jar:/home/javimp2003/.m2/repository/com/fasterxml/jackson/module/jackson-module-parameter-names/2.15.4/jackson-module-parameter-names-2.15.4.jar:/home/javimp2003/.m2/repository/org/springframework/boot/spring-boot-starter-tomcat/3.2.5/spring-boot-starter-tomcat-3.2.5.jar:/home/javimp2003/.m2/repository/org/apache/tomcat/embed/tomcat-embed-core/10.1.20/tomcat-embed-core-10.1.20.jar:/home/javimp2003/.m2/repository/org/apache/tomcat/embed/tomcat-embed-el/10.1.20/tomcat-embed-el-10.1.20.jar:/home/javimp2003/.m2/repository/org/apache/tomcat/embed/tomcat-embed-websocket/10.1.20/tomcat-embed-websocket-10.1.20.jar:/home/javimp2003/.m2/repository/org/springframework/spring-web/6.1.6/spring-web-6.1.6.jar:/home/javimp2003/.m2/repository/io/micrometer/micrometer-observation/1.12.5/micrometer-observation-1.12.5.jar:/home/javimp2003/.m2/repository/io/micrometer/micrometer-commons/1.12.5/micrometer-commons-1.12.5.jar:/home/javimp2003/.m2/repository/org/springframework/spring-webmvc/6.1.6/spring-webmvc-6.1.6.jar:/home/javimp2003/.m2/repository/org/springframework/spring-expression/6.1.6/spring-expression-6.1.6.jar:/home/javimp2003/.m2/repository/org/projectlombok/lombok/1.18.32/lombok-1.18.32.jar:/home/javimp2003/.m2/repository/com/h2database/h2/2.2.224/h2-2.2.224.jar:/home/javimp2003/.m2/repository/org/springframework/boot/spring-boot-starter-test/3.2.5/spring-boot-starter-test-3.2.5.jar:/home/javimp2003/.m2/repository/org/springframework/boot/spring-boot-test/3.2.5/spring-boot-test-3.2.5.jar:/home/javimp2003/.m2/repository/org/springframework/boot/spring-boot-test-autoconfigure/3.2.5/spring-boot-test-autoconfigure-3.2.5.jar:/home/javimp2003/.m2/repository/com/jayway/jsonpath/json-path/2.9.0/json-path-2.9.0.jar:/home/javimp2003/.m2/repository/jakarta/xml/bind/jakarta.xml.bind-api/4.0.2/jakarta.xml.bind-api-4.0.2.jar:/home/javimp2003/.m2/repository/jakarta/activation/jakarta.activation-api/2.1.3/jakarta.activation-api-2.1.3.jar:/home/javimp2003/.m2/repository/net/minidev/json-smart/2.5.1/json-smart-2.5.1.jar:/home/javimp2003/.m2/repository/net/minidev/accessors-smart/2.5.1/accessors-smart-2.5.1.jar:/home/javimp2003/.m2/repository/org/ow2/asm/asm/9.6/asm-9.6.jar:/home/javimp2003/.m2/repository/org/assertj/assertj-core/3.24.2/assertj-core-3.24.2.jar:/home/javimp2003/.m2/repository/org/awaitility/awaitility/4.2.1/awaitility-4.2.1.jar:/home/javimp2003/.m2/repository/org/hamcrest/hamcrest/2.2/hamcrest-2.2.jar:/home/javimp2003/.m2/repository/org/junit/jupiter/junit-jupiter/5.10.2/junit-jupiter-5.10.2.jar:/home/javimp2003/.m2/repository/org/junit/jupiter/junit-jupiter-api/5.10.2/junit-jupiter-api-5.10.2.jar:/home/javimp2003/.m2/repository/org/opentest4j/opentest4j/1.3.0/opentest4j-1.3.0.jar:/home/javimp2003/.m2/repository/org/junit/platform/junit-platform-commons/1.10.2/junit-platform-commons-1.10.2.jar:/home/javimp2003/.m2/repository/org/apiguardian/apiguardian-api/1.1.2/apiguardian-api-1.1.2.jar:/home/javimp2003/.m2/repository/org/junit/jupiter/junit-jupiter-params/5.10.2/junit-jupiter-params-5.10.2.jar:/home/javimp2003/.m2/repository/org/junit/jupiter/junit-jupiter-engine/5.10.2/junit-jupiter-engine-5.10.2.jar:/home/javimp2003/.m2/repository/org/junit/platform/junit-platform-engine/1.10.2/junit-platform-engine-1.10.2.jar:/home/javimp2003/.m2/repository/org/mockito/mockito-core/5.7.0/mockito-core-5.7.0.jar:/home/javimp2003/.m2/repository/net/bytebuddy/byte-buddy-agent/1.14.13/byte-buddy-agent-1.14.13.jar:/home/javimp2003/.m2/repository/org/objenesis/objenesis/3.3/objenesis-3.3.jar:/home/javimp2003/.m2/repository/org/mockito/mockito-junit-jupiter/5.7.0/mockito-junit-jupiter-5.7.0.jar:/home/javimp2003/.m2/repository/org/skyscreamer/jsonassert/1.5.1/jsonassert-1.5.1.jar:/home/javimp2003/.m2/repository/com/vaadin/external/google/android-json/0.0.20131108.vaadin1/android-json-0.0.20131108.vaadin1.jar:/home/javimp2003/.m2/repository/org/springframework/spring-core/6.1.6/spring-core-6.1.6.jar:/home/javimp2003/.m2/repository/org/springframework/spring-jcl/6.1.6/spring-jcl-6.1.6.jar:/home/javimp2003/.m2/repository/org/springframework/spring-test/6.1.6/spring-test-6.1.6.jar:/home/javimp2003/.m2/repository/org/xmlunit/xmlunit-core/2.9.1/xmlunit-core-2.9.1.jar:/home/javimp2003/.m2/repository/io/springfox/springfox-boot-starter/3.0.0/springfox-boot-starter-3.0.0.jar:/home/javimp2003/.m2/repository/io/springfox/springfox-oas/3.0.0/springfox-oas-3.0.0.jar:/home/javimp2003/.m2/repository/io/swagger/core/v3/swagger-annotations/2.1.2/swagger-annotations-2.1.2.jar:/home/javimp2003/.m2/repository/io/swagger/core/v3/swagger-models/2.1.2/swagger-models-2.1.2.jar:/home/javimp2003/.m2/repository/io/springfox/springfox-spi/3.0.0/springfox-spi-3.0.0.jar:/home/javimp2003/.m2/repository/io/springfox/springfox-schema/3.0.0/springfox-schema-3.0.0.jar:/home/javimp2003/.m2/repository/io/springfox/springfox-core/3.0.0/springfox-core-3.0.0.jar:/home/javimp2003/.m2/repository/io/springfox/springfox-spring-web/3.0.0/springfox-spring-web-3.0.0.jar:/home/javimp2003/.m2/repository/io/github/classgraph/classgraph/4.8.83/classgraph-4.8.83.jar:/home/javimp2003/.m2/repository/io/springfox/springfox-spring-webmvc/3.0.0/springfox-spring-webmvc-3.0.0.jar:/home/javimp2003/.m2/repository/io/springfox/springfox-spring-webflux/3.0.0/springfox-spring-webflux-3.0.0.jar:/home/javimp2003/.m2/repository/io/springfox/springfox-swagger-common/3.0.0/springfox-swagger-common-3.0.0.jar:/home/javimp2003/.m2/repository/org/mapstruct/mapstruct/1.3.1.Final/mapstruct-1.3.1.Final.jar:/home/javimp2003/.m2/repository/io/springfox/springfox-data-rest/3.0.0/springfox-data-rest-3.0.0.jar:/home/javimp2003/.m2/repository/io/springfox/springfox-bean-validators/3.0.0/springfox-bean-validators-3.0.0.jar:/home/javimp2003/.m2/repository/io/springfox/springfox-swagger2/3.0.0/springfox-swagger2-3.0.0.jar:/home/javimp2003/.m2/repository/io/swagger/swagger-annotations/1.5.20/swagger-annotations-1.5.20.jar:/home/javimp2003/.m2/repository/io/swagger/swagger-models/1.5.20/swagger-models-1.5.20.jar:/home/javimp2003/.m2/repository/io/springfox/springfox-swagger-ui/3.0.0/springfox-swagger-ui-3.0.0.jar:/home/javimp2003/.m2/repository/com/fasterxml/classmate/1.6.0/classmate-1.6.0.jar:/home/javimp2003/.m2/repository/org/slf4j/slf4j-api/2.0.13/slf4j-api-2.0.13.jar:/home/javimp2003/.m2/repository/org/springframework/plugin/spring-plugin-core/2.0.0.RELEASE/spring-plugin-core-2.0.0.RELEASE.jar:/home/javimp2003/.m2/repository/org/springframework/plugin/spring-plugin-metadata/2.0.0.RELEASE/spring-plugin-metadata-2.0.0.RELEASE.jar:/home/javimp2003/.m2/repository/org/springframework/boot/spring-boot-starter-security/3.2.5/spring-boot-starter-security-3.2.5.jar:/home/javimp2003/.m2/repository/org/springframework/spring-aop/6.1.6/spring-aop-6.1.6.jar:/home/javimp2003/.m2/repository/org/springframework/security/spring-security-config/6.2.4/spring-security-config-6.2.4.jar:/home/javimp2003/.m2/repository/org/springframework/security/spring-security-web/6.2.4/spring-security-web-6.2.4.jar:/home/javimp2003/.m2/repository/io/jsonwebtoken/jjwt-impl/0.11.5/jjwt-impl-0.11.5.jar:/home/javimp2003/.m2/repository/io/jsonwebtoken/jjwt-api/0.11.5/jjwt-api-0.11.5.jar:/home/javimp2003/.m2/repository/io/jsonwebtoken/jjwt-jackson/0.11.5/jjwt-jackson-0.11.5.jar:/home/javimp2003/.m2/repository/com/fasterxml/jackson/core/jackson-databind/2.15.4/jackson-databind-2.15.4.jar:/home/javimp2003/.m2/repository/com/fasterxml/jackson/core/jackson-annotations/2.15.4/jackson-annotations-2.15.4.jar:/home/javimp2003/.m2/repository/com/fasterxml/jackson/core/jackson-core/2.15.4/jackson-core-2.15.4.jar:/home/javimp2003/.m2/repository/org/springframework/security/spring-security-test/6.2.4/spring-security-test-6.2.4.jar:/home/javimp2003/.m2/repository/org/springframework/security/spring-security-core/6.2.4/spring-security-core-6.2.4.jar:/home/javimp2003/.m2/repository/org/springframework/security/spring-security-crypto/6.2.4/spring-security-crypto-6.2.4.jar:"/>
    <property name="sun.cpu.endian" value="little"/>
    <property name="user.home" value="/home/javimp2003"/>
    <property name="user.language" value="es"/>
    <property name="java.specification.vendor" value="Oracle Corporation"/>
    <property name="java.version.date" value="2024-01-16"/>
    <property name="java.home" value="/usr/lib/jvm/java-21-openjdk-amd64"/>
    <property name="file.separator" value="/"/>
    <property name="basedir" value="/home/javimp2003/JARA Developers/ciklum-jara-developers/back-end"/>
    <property name="java.vm.compressedOopsMode" value="32-bit"/>
    <property name="line.separator" value="&#10;"/>
    <property name="java.vm.specification.vendor" value="Oracle Corporation"/>
    <property name="java.specification.name" value="Java Platform API Specification"/>
    <property name="FILE_LOG_CHARSET" value="UTF-8"/>
    <property name="java.awt.headless" value="true"/>
    <property name="surefire.real.class.path" value="/home/javimp2003/JARA Developers/ciklum-jara-developers/back-end/target/surefire/surefirebooter-20240523185315231_3.jar"/>
    <property name="sun.management.compiler" value="HotSpot 64-Bit Tiered Compilers"/>
    <property name="java.runtime.version" value="21.0.2+13-Ubuntu-122.04.1"/>
    <property name="user.name" value="javimp2003"/>
    <property name="stdout.encoding" value="UTF-8"/>
    <property name="path.separator" value=":"/>
    <property name="os.version" value="5.15.0-102-generic"/>
    <property name="java.runtime.name" value="OpenJDK Runtime Environment"/>
    <property name="file.encoding" value="UTF-8"/>
    <property name="java.vm.name" value="OpenJDK 64-Bit Server VM"/>
    <property name="localRepository" value="/home/javimp2003/.m2/repository"/>
    <property name="java.vendor.url.bug" value="Unknown"/>
    <property name="java.io.tmpdir" value="/tmp"/>
    <property name="catalina.home" value="/tmp/tomcat.0.1523830398312412071"/>
    <property name="com.zaxxer.hikari.pool_number" value="27"/>
    <property name="java.version" value="21.0.2"/>
    <property name="user.dir" value="/home/javimp2003/JARA Developers/ciklum-jara-developers/back-end"/>
    <property name="os.arch" value="amd64"/>
    <property name="java.vm.specification.name" value="Java Virtual Machine Specification"/>
    <property name="PID" value="46855"/>
    <property name="CONSOLE_LOG_CHARSET" value="UTF-8"/>
    <property name="catalina.base" value="/tmp/tomcat.0.13815665453095602068"/>
    <property name="native.encoding" value="UTF-8"/>
    <property name="java.library.path" value="/usr/java/packages/lib:/usr/lib/x86_64-linux-gnu/jni:/lib/x86_64-linux-gnu:/usr/lib/x86_64-linux-gnu:/usr/lib/jni:/lib:/usr/lib"/>
    <property name="java.vm.info" value="mixed mode, sharing"/>
    <property name="stderr.encoding" value="UTF-8"/>
    <property name="java.vendor" value="Private Build"/>
    <property name="java.vm.version" value="21.0.2+13-Ubuntu-122.04.1"/>
    <property name="sun.io.unicode.encoding" value="UnicodeLittle"/>
    <property name="java.class.version" value="65.0"/>
  </properties>
  <testcase name="errorAlObtenerEntrenadorConcreto" classname="es.uma.informatica.practica3.MicroservicioEntrenadoresApplicationTests$BaseDatosVacia" time="0.05">
    <system-out><![CDATA[2024-05-23T18:53:36.806+02:00  INFO 46855 --- [           main] t.c.s.AnnotationConfigContextLoaderUtils : Could not detect default configuration classes for test class [es.uma.informatica.practica3.MicroservicioEntrenadoresApplicationTests$BaseDatosVacia]: BaseDatosVacia does not declare any static, non-private, non-final, nested classes annotated with @Configuration.
2024-05-23T18:53:36.807+02:00  INFO 46855 --- [           main] .b.t.c.SpringBootTestContextBootstrapper : Found @SpringBootConfiguration es.uma.informatica.practica3.MicroservicioEntrenadoresApplication for test class es.uma.informatica.practica3.MicroservicioEntrenadoresApplicationTests$BaseDatosVacia

  .   ____          _            __ _ _
 /\\ / ___'_ __ _ _(_)_ __  __ _ \ \ \ \
( ( )\___ | '_ | '_| | '_ \/ _` | \ \ \ \
 \\/  ___)| |_)| | | | | || (_| |  ) ) ) )
  '  |____| .__|_| |_|_| |_\__, | / / / /
 =========|_|==============|___/=/_/_/_/
 :: Spring Boot ::                (v3.2.5)

2024-05-23T18:53:36.829+02:00  INFO 46855 --- [           main] icroservicioEntrenadoresApplicationTests : Starting MicroservicioEntrenadoresApplicationTests using Java 21.0.2 with PID 46855 (started by javimp2003 in /home/javimp2003/JARA Developers/ciklum-jara-developers/back-end)
2024-05-23T18:53:36.829+02:00  INFO 46855 --- [           main] icroservicioEntrenadoresApplicationTests : No active profile set, falling back to 1 default profile: "default"
2024-05-23T18:53:36.927+02:00  INFO 46855 --- [           main] .s.d.r.c.RepositoryConfigurationDelegate : Bootstrapping Spring Data JPA repositories in DEFAULT mode.
2024-05-23T18:53:36.937+02:00  INFO 46855 --- [           main] .s.d.r.c.RepositoryConfigurationDelegate : Finished Spring Data repository scanning in 9 ms. Found 2 JPA repository interfaces.
2024-05-23T18:53:36.987+02:00  INFO 46855 --- [           main] o.s.b.w.embedded.tomcat.TomcatWebServer  : Tomcat initialized with port 0 (http)
2024-05-23T18:53:36.987+02:00  INFO 46855 --- [           main] o.apache.catalina.core.StandardService   : Starting service [Tomcat]
2024-05-23T18:53:36.987+02:00  INFO 46855 --- [           main] o.apache.catalina.core.StandardEngine    : Starting Servlet engine: [Apache Tomcat/10.1.20]
2024-05-23T18:53:36.994+02:00  INFO 46855 --- [           main] o.a.c.c.C.[Tomcat].[localhost].[/]       : Initializing Spring embedded WebApplicationContext
2024-05-23T18:53:36.994+02:00  INFO 46855 --- [           main] w.s.c.ServletWebServerApplicationContext : Root WebApplicationContext: initialization completed in 162 ms
2024-05-23T18:53:37.004+02:00  INFO 46855 --- [           main] com.zaxxer.hikari.HikariDataSource       : HikariPool-23 - Starting...
2024-05-23T18:53:37.006+02:00  INFO 46855 --- [           main] com.zaxxer.hikari.pool.HikariPool        : HikariPool-23 - Added connection conn220: url=jdbc:h2:mem:test user=SA
2024-05-23T18:53:37.007+02:00  INFO 46855 --- [           main] com.zaxxer.hikari.HikariDataSource       : HikariPool-23 - Start completed.
2024-05-23T18:53:37.007+02:00  INFO 46855 --- [           main] o.s.b.a.h2.H2ConsoleAutoConfiguration    : H2 console available at '/h2-console'. Database available at 'jdbc:h2:mem:test'
2024-05-23T18:53:37.025+02:00  INFO 46855 --- [           main] o.hibernate.jpa.internal.util.LogHelper  : HHH000204: Processing PersistenceUnitInfo [name: default]
2024-05-23T18:53:37.026+02:00  INFO 46855 --- [           main] o.h.c.internal.RegionFactoryInitiator    : HHH000026: Second-level cache disabled
2024-05-23T18:53:37.029+02:00  INFO 46855 --- [           main] o.s.o.j.p.SpringPersistenceUnitInfo      : No LoadTimeWeaver setup: ignoring JPA class transformer
2024-05-23T18:53:37.030+02:00  WARN 46855 --- [           main] org.hibernate.orm.deprecation            : HHH90000025: H2Dialect does not need to be specified explicitly using 'hibernate.dialect' (remove the property setting and it will be selected by default)
2024-05-23T18:53:37.087+02:00  INFO 46855 --- [           main] o.h.e.t.j.p.i.JtaPlatformInitiator       : HHH000489: No JTA platform available (set 'hibernate.transaction.jta.platform' to enable JTA platform integration)
2024-05-23T18:53:37.096+02:00  INFO 46855 --- [           main] j.LocalContainerEntityManagerFactoryBean : Initialized JPA EntityManagerFactory for persistence unit 'default'
2024-05-23T18:53:37.143+02:00  WARN 46855 --- [           main] JpaBaseConfiguration$JpaWebConfiguration : spring.jpa.open-in-view is enabled by default. Therefore, database queries may be performed during view rendering. Explicitly configure spring.jpa.open-in-view to disable this warning
2024-05-23T18:53:37.147+02:00  WARN 46855 --- [           main] .s.s.UserDetailsServiceAutoConfiguration : 

Using generated security password: 2457e464-c05b-476f-adf5-378554fbaf20

This generated password is for development use only. Your security configuration must be updated before running your application in production.

2024-05-23T18:53:37.204+02:00  INFO 46855 --- [           main] o.s.s.web.DefaultSecurityFilterChain     : Will secure any request with [org.springframework.security.web.session.DisableEncodeUrlFilter@70ad3b3a, org.springframework.security.web.context.request.async.WebAsyncManagerIntegrationFilter@7061d5c2, org.springframework.security.web.context.SecurityContextHolderFilter@78d76854, org.springframework.security.web.header.HeaderWriterFilter@7daa87c0, org.springframework.web.filter.CorsFilter@31cf6aa2, org.springframework.security.web.authentication.logout.LogoutFilter@14f4e574, es.uma.informatica.practica3.security.JwtRequestFilter@2097e720, org.springframework.security.web.savedrequest.RequestCacheAwareFilter@78bd6c04, org.springframework.security.web.servletapi.SecurityContextHolderAwareRequestFilter@51807054, org.springframework.security.web.authentication.AnonymousAuthenticationFilter@271cefbd, org.springframework.security.web.session.SessionManagementFilter@4c05c94, org.springframework.security.web.access.ExceptionTranslationFilter@39a729bb, org.springframework.security.web.access.intercept.FilterSecurityInterceptor@24f64660]
2024-05-23T18:53:37.247+02:00  INFO 46855 --- [           main] o.s.b.w.embedded.tomcat.TomcatWebServer  : Tomcat started on port 45391 (http) with context path ''
2024-05-23T18:53:37.249+02:00  INFO 46855 --- [           main] icroservicioEntrenadoresApplicationTests : Started MicroservicioEntrenadoresApplicationTests in 0.439 seconds (process running for 21.935)
2024-05-23T18:53:37.272+02:00  INFO 46855 --- [-auto-23-exec-1] o.a.c.c.C.[Tomcat].[localhost].[/]       : Initializing Spring DispatcherServlet 'dispatcherServlet'
2024-05-23T18:53:37.272+02:00  INFO 46855 --- [-auto-23-exec-1] o.s.web.servlet.DispatcherServlet        : Initializing Servlet 'dispatcherServlet'
2024-05-23T18:53:37.274+02:00  INFO 46855 --- [-auto-23-exec-1] o.s.web.servlet.DispatcherServlet        : Completed initialization in 1 ms
2024-05-23T18:53:37.278+02:00  INFO 46855 --- [-auto-23-exec-1] e.u.i.p.security.JwtRequestFilter        : usuario = 10
2024-05-23T18:53:37.294+02:00  INFO 46855 --- [           main] j.LocalContainerEntityManagerFactoryBean : Closing JPA EntityManagerFactory for persistence unit 'default'
2024-05-23T18:53:37.299+02:00  INFO 46855 --- [           main] com.zaxxer.hikari.HikariDataSource       : HikariPool-23 - Shutdown initiated...
2024-05-23T18:53:37.299+02:00  INFO 46855 --- [           main] com.zaxxer.hikari.HikariDataSource       : HikariPool-23 - Shutdown completed.
]]></system-out>
  </testcase>
  <testcase name="modificarEntrenadorInexistente" classname="es.uma.informatica.practica3.MicroservicioEntrenadoresApplicationTests$BaseDatosVacia" time="0.031">
    <system-out><![CDATA[
  .   ____          _            __ _ _
 /\\ / ___'_ __ _ _(_)_ __  __ _ \ \ \ \
( ( )\___ | '_ | '_| | '_ \/ _` | \ \ \ \
 \\/  ___)| |_)| | | | | || (_| |  ) ) ) )
  '  |____| .__|_| |_|_| |_\__, | / / / /
 =========|_|==============|___/=/_/_/_/
 :: Spring Boot ::                (v3.2.5)

2024-05-23T18:53:37.318+02:00  INFO 46855 --- [           main] icroservicioEntrenadoresApplicationTests : Starting MicroservicioEntrenadoresApplicationTests using Java 21.0.2 with PID 46855 (started by javimp2003 in /home/javimp2003/JARA Developers/ciklum-jara-developers/back-end)
2024-05-23T18:53:37.319+02:00  INFO 46855 --- [           main] icroservicioEntrenadoresApplicationTests : No active profile set, falling back to 1 default profile: "default"
2024-05-23T18:53:37.400+02:00  INFO 46855 --- [           main] .s.d.r.c.RepositoryConfigurationDelegate : Bootstrapping Spring Data JPA repositories in DEFAULT mode.
2024-05-23T18:53:37.405+02:00  INFO 46855 --- [           main] .s.d.r.c.RepositoryConfigurationDelegate : Finished Spring Data repository scanning in 4 ms. Found 2 JPA repository interfaces.
2024-05-23T18:53:37.449+02:00  INFO 46855 --- [           main] o.s.b.w.embedded.tomcat.TomcatWebServer  : Tomcat initialized with port 0 (http)
2024-05-23T18:53:37.450+02:00  INFO 46855 --- [           main] o.apache.catalina.core.StandardService   : Starting service [Tomcat]
2024-05-23T18:53:37.450+02:00  INFO 46855 --- [           main] o.apache.catalina.core.StandardEngine    : Starting Servlet engine: [Apache Tomcat/10.1.20]
2024-05-23T18:53:37.459+02:00  INFO 46855 --- [           main] o.a.c.c.C.[Tomcat].[localhost].[/]       : Initializing Spring embedded WebApplicationContext
2024-05-23T18:53:37.459+02:00  INFO 46855 --- [           main] w.s.c.ServletWebServerApplicationContext : Root WebApplicationContext: initialization completed in 139 ms
2024-05-23T18:53:37.469+02:00  INFO 46855 --- [           main] com.zaxxer.hikari.HikariDataSource       : HikariPool-24 - Starting...
2024-05-23T18:53:37.472+02:00  INFO 46855 --- [           main] com.zaxxer.hikari.pool.HikariPool        : HikariPool-24 - Added connection conn230: url=jdbc:h2:mem:test user=SA
2024-05-23T18:53:37.472+02:00  INFO 46855 --- [           main] com.zaxxer.hikari.HikariDataSource       : HikariPool-24 - Start completed.
2024-05-23T18:53:37.472+02:00  INFO 46855 --- [           main] o.s.b.a.h2.H2ConsoleAutoConfiguration    : H2 console available at '/h2-console'. Database available at 'jdbc:h2:mem:test'
2024-05-23T18:53:37.490+02:00  INFO 46855 --- [           main] o.hibernate.jpa.internal.util.LogHelper  : HHH000204: Processing PersistenceUnitInfo [name: default]
2024-05-23T18:53:37.491+02:00  INFO 46855 --- [           main] o.h.c.internal.RegionFactoryInitiator    : HHH000026: Second-level cache disabled
2024-05-23T18:53:37.494+02:00  INFO 46855 --- [           main] o.s.o.j.p.SpringPersistenceUnitInfo      : No LoadTimeWeaver setup: ignoring JPA class transformer
2024-05-23T18:53:37.494+02:00  WARN 46855 --- [           main] org.hibernate.orm.deprecation            : HHH90000025: H2Dialect does not need to be specified explicitly using 'hibernate.dialect' (remove the property setting and it will be selected by default)
2024-05-23T18:53:37.539+02:00  INFO 46855 --- [           main] o.h.e.t.j.p.i.JtaPlatformInitiator       : HHH000489: No JTA platform available (set 'hibernate.transaction.jta.platform' to enable JTA platform integration)
2024-05-23T18:53:37.547+02:00  INFO 46855 --- [           main] j.LocalContainerEntityManagerFactoryBean : Initialized JPA EntityManagerFactory for persistence unit 'default'
2024-05-23T18:53:37.593+02:00  WARN 46855 --- [           main] JpaBaseConfiguration$JpaWebConfiguration : spring.jpa.open-in-view is enabled by default. Therefore, database queries may be performed during view rendering. Explicitly configure spring.jpa.open-in-view to disable this warning
2024-05-23T18:53:37.597+02:00  WARN 46855 --- [           main] .s.s.UserDetailsServiceAutoConfiguration : 

Using generated security password: e5939353-a9e5-4188-adaa-7de3cf7036b6

This generated password is for development use only. Your security configuration must be updated before running your application in production.

2024-05-23T18:53:37.631+02:00  INFO 46855 --- [           main] o.s.s.web.DefaultSecurityFilterChain     : Will secure any request with [org.springframework.security.web.session.DisableEncodeUrlFilter@4bfaaa38, org.springframework.security.web.context.request.async.WebAsyncManagerIntegrationFilter@361b6c6e, org.springframework.security.web.context.SecurityContextHolderFilter@32b628e5, org.springframework.security.web.header.HeaderWriterFilter@6ea8e96f, org.springframework.web.filter.CorsFilter@3b5e7118, org.springframework.security.web.authentication.logout.LogoutFilter@3b4f91b1, es.uma.informatica.practica3.security.JwtRequestFilter@451569c6, org.springframework.security.web.savedrequest.RequestCacheAwareFilter@6faa153b, org.springframework.security.web.servletapi.SecurityContextHolderAwareRequestFilter@46e07a30, org.springframework.security.web.authentication.AnonymousAuthenticationFilter@5f38fe7d, org.springframework.security.web.session.SessionManagementFilter@61d3ee09, org.springframework.security.web.access.ExceptionTranslationFilter@6e967ae2, org.springframework.security.web.access.intercept.FilterSecurityInterceptor@55d63a94]
2024-05-23T18:53:37.678+02:00  INFO 46855 --- [           main] o.s.b.w.embedded.tomcat.TomcatWebServer  : Tomcat started on port 40989 (http) with context path ''
2024-05-23T18:53:37.680+02:00  INFO 46855 --- [           main] icroservicioEntrenadoresApplicationTests : Started MicroservicioEntrenadoresApplicationTests in 0.374 seconds (process running for 22.366)
2024-05-23T18:53:37.689+02:00  INFO 46855 --- [-auto-24-exec-1] o.a.c.c.C.[Tomcat].[localhost].[/]       : Initializing Spring DispatcherServlet 'dispatcherServlet'
2024-05-23T18:53:37.689+02:00  INFO 46855 --- [-auto-24-exec-1] o.s.web.servlet.DispatcherServlet        : Initializing Servlet 'dispatcherServlet'
2024-05-23T18:53:37.690+02:00  INFO 46855 --- [-auto-24-exec-1] o.s.web.servlet.DispatcherServlet        : Completed initialization in 1 ms
2024-05-23T18:53:37.692+02:00  INFO 46855 --- [-auto-24-exec-1] e.u.i.p.security.JwtRequestFilter        : usuario = 10
2024-05-23T18:53:37.708+02:00  INFO 46855 --- [           main] j.LocalContainerEntityManagerFactoryBean : Closing JPA EntityManagerFactory for persistence unit 'default'
2024-05-23T18:53:37.710+02:00  INFO 46855 --- [           main] com.zaxxer.hikari.HikariDataSource       : HikariPool-24 - Shutdown initiated...
2024-05-23T18:53:37.711+02:00  INFO 46855 --- [           main] com.zaxxer.hikari.HikariDataSource       : HikariPool-24 - Shutdown completed.
]]></system-out>
  </testcase>
  <testcase name="noinsertaEntrenador" classname="es.uma.informatica.practica3.MicroservicioEntrenadoresApplicationTests$BaseDatosVacia" time="0.034">
    <system-out><![CDATA[
  .   ____          _            __ _ _
 /\\ / ___'_ __ _ _(_)_ __  __ _ \ \ \ \
( ( )\___ | '_ | '_| | '_ \/ _` | \ \ \ \
 \\/  ___)| |_)| | | | | || (_| |  ) ) ) )
  '  |____| .__|_| |_|_| |_\__, | / / / /
 =========|_|==============|___/=/_/_/_/
 :: Spring Boot ::                (v3.2.5)

2024-05-23T18:53:37.733+02:00  INFO 46855 --- [           main] icroservicioEntrenadoresApplicationTests : Starting MicroservicioEntrenadoresApplicationTests using Java 21.0.2 with PID 46855 (started by javimp2003 in /home/javimp2003/JARA Developers/ciklum-jara-developers/back-end)
2024-05-23T18:53:37.734+02:00  INFO 46855 --- [           main] icroservicioEntrenadoresApplicationTests : No active profile set, falling back to 1 default profile: "default"
2024-05-23T18:53:37.805+02:00  INFO 46855 --- [           main] .s.d.r.c.RepositoryConfigurationDelegate : Bootstrapping Spring Data JPA repositories in DEFAULT mode.
2024-05-23T18:53:37.810+02:00  INFO 46855 --- [           main] .s.d.r.c.RepositoryConfigurationDelegate : Finished Spring Data repository scanning in 4 ms. Found 2 JPA repository interfaces.
2024-05-23T18:53:37.851+02:00  INFO 46855 --- [           main] o.s.b.w.embedded.tomcat.TomcatWebServer  : Tomcat initialized with port 0 (http)
2024-05-23T18:53:37.851+02:00  INFO 46855 --- [           main] o.apache.catalina.core.StandardService   : Starting service [Tomcat]
2024-05-23T18:53:37.852+02:00  INFO 46855 --- [           main] o.apache.catalina.core.StandardEngine    : Starting Servlet engine: [Apache Tomcat/10.1.20]
2024-05-23T18:53:37.860+02:00  INFO 46855 --- [           main] o.a.c.c.C.[Tomcat].[localhost].[/]       : Initializing Spring embedded WebApplicationContext
2024-05-23T18:53:37.860+02:00  INFO 46855 --- [           main] w.s.c.ServletWebServerApplicationContext : Root WebApplicationContext: initialization completed in 125 ms
2024-05-23T18:53:37.871+02:00  INFO 46855 --- [           main] com.zaxxer.hikari.HikariDataSource       : HikariPool-25 - Starting...
2024-05-23T18:53:37.873+02:00  INFO 46855 --- [           main] com.zaxxer.hikari.pool.HikariPool        : HikariPool-25 - Added connection conn240: url=jdbc:h2:mem:test user=SA
2024-05-23T18:53:37.873+02:00  INFO 46855 --- [           main] com.zaxxer.hikari.HikariDataSource       : HikariPool-25 - Start completed.
2024-05-23T18:53:37.873+02:00  INFO 46855 --- [           main] o.s.b.a.h2.H2ConsoleAutoConfiguration    : H2 console available at '/h2-console'. Database available at 'jdbc:h2:mem:test'
2024-05-23T18:53:37.891+02:00  INFO 46855 --- [           main] o.hibernate.jpa.internal.util.LogHelper  : HHH000204: Processing PersistenceUnitInfo [name: default]
2024-05-23T18:53:37.892+02:00  INFO 46855 --- [           main] o.h.c.internal.RegionFactoryInitiator    : HHH000026: Second-level cache disabled
2024-05-23T18:53:37.894+02:00  INFO 46855 --- [           main] o.s.o.j.p.SpringPersistenceUnitInfo      : No LoadTimeWeaver setup: ignoring JPA class transformer
2024-05-23T18:53:37.895+02:00  WARN 46855 --- [           main] org.hibernate.orm.deprecation            : HHH90000025: H2Dialect does not need to be specified explicitly using 'hibernate.dialect' (remove the property setting and it will be selected by default)
2024-05-23T18:53:37.937+02:00  INFO 46855 --- [           main] o.h.e.t.j.p.i.JtaPlatformInitiator       : HHH000489: No JTA platform available (set 'hibernate.transaction.jta.platform' to enable JTA platform integration)
2024-05-23T18:53:37.943+02:00  INFO 46855 --- [           main] j.LocalContainerEntityManagerFactoryBean : Initialized JPA EntityManagerFactory for persistence unit 'default'
2024-05-23T18:53:37.993+02:00  WARN 46855 --- [           main] JpaBaseConfiguration$JpaWebConfiguration : spring.jpa.open-in-view is enabled by default. Therefore, database queries may be performed during view rendering. Explicitly configure spring.jpa.open-in-view to disable this warning
2024-05-23T18:53:37.997+02:00  WARN 46855 --- [           main] .s.s.UserDetailsServiceAutoConfiguration : 

Using generated security password: bc2e0dd0-f806-4769-9c42-8910d678e86b

This generated password is for development use only. Your security configuration must be updated before running your application in production.

2024-05-23T18:53:38.028+02:00  INFO 46855 --- [           main] o.s.s.web.DefaultSecurityFilterChain     : Will secure any request with [org.springframework.security.web.session.DisableEncodeUrlFilter@7ceece3b, org.springframework.security.web.context.request.async.WebAsyncManagerIntegrationFilter@31f36dd2, org.springframework.security.web.context.SecurityContextHolderFilter@631f615b, org.springframework.security.web.header.HeaderWriterFilter@487f79ce, org.springframework.web.filter.CorsFilter@18b35b2, org.springframework.security.web.authentication.logout.LogoutFilter@4a96ad44, es.uma.informatica.practica3.security.JwtRequestFilter@6706386a, org.springframework.security.web.savedrequest.RequestCacheAwareFilter@409d1e66, org.springframework.security.web.servletapi.SecurityContextHolderAwareRequestFilter@731fbeb2, org.springframework.security.web.authentication.AnonymousAuthenticationFilter@557cdd86, org.springframework.security.web.session.SessionManagementFilter@7d4ce3a, org.springframework.security.web.access.ExceptionTranslationFilter@ab5229c, org.springframework.security.web.access.intercept.FilterSecurityInterceptor@19f9ab5e]
2024-05-23T18:53:38.067+02:00  INFO 46855 --- [           main] o.s.b.w.embedded.tomcat.TomcatWebServer  : Tomcat started on port 36273 (http) with context path ''
2024-05-23T18:53:38.070+02:00  INFO 46855 --- [           main] icroservicioEntrenadoresApplicationTests : Started MicroservicioEntrenadoresApplicationTests in 0.355 seconds (process running for 22.756)
La peticion post es: http://localhost:36273/entrenador?centro=1
2024-05-23T18:53:38.080+02:00  INFO 46855 --- [-auto-25-exec-1] o.a.c.c.C.[Tomcat].[localhost].[/]       : Initializing Spring DispatcherServlet 'dispatcherServlet'
2024-05-23T18:53:38.080+02:00  INFO 46855 --- [-auto-25-exec-1] o.s.web.servlet.DispatcherServlet        : Initializing Servlet 'dispatcherServlet'
2024-05-23T18:53:38.081+02:00  INFO 46855 --- [-auto-25-exec-1] o.s.web.servlet.DispatcherServlet        : Completed initialization in 1 ms
2024-05-23T18:53:38.082+02:00  INFO 46855 --- [-auto-25-exec-1] e.u.i.p.security.JwtRequestFilter        : usuario = 10
2024-05-23T18:53:38.094+02:00 ERROR 46855 --- [-auto-25-exec-1] o.a.c.c.C.[.[.[/].[dispatcherServlet]    : Servlet.service() for servlet [dispatcherServlet] in context with path [] threw exception [Request processing failed: es.uma.informatica.practica3.servicios.excepciones.PeticionHttpFallidaException] with root cause

es.uma.informatica.practica3.servicios.excepciones.PeticionHttpFallidaException: null
	at es.uma.informatica.practica3.servicios.EntrenadorServicio.aniadirEntrenador(EntrenadorServicio.java:119) ~[classes/:na]
	at java.base/jdk.internal.reflect.DirectMethodHandleAccessor.invoke(DirectMethodHandleAccessor.java:103) ~[na:na]
	at java.base/java.lang.reflect.Method.invoke(Method.java:580) ~[na:na]
	at org.springframework.aop.support.AopUtils.invokeJoinpointUsingReflection(AopUtils.java:354) ~[spring-aop-6.1.6.jar:6.1.6]
	at org.springframework.aop.framework.ReflectiveMethodInvocation.invokeJoinpoint(ReflectiveMethodInvocation.java:196) ~[spring-aop-6.1.6.jar:6.1.6]
	at org.springframework.aop.framework.ReflectiveMethodInvocation.proceed(ReflectiveMethodInvocation.java:163) ~[spring-aop-6.1.6.jar:6.1.6]
	at org.springframework.aop.framework.CglibAopProxy$CglibMethodInvocation.proceed(CglibAopProxy.java:768) ~[spring-aop-6.1.6.jar:6.1.6]
	at org.springframework.transaction.interceptor.TransactionInterceptor$1.proceedWithInvocation(TransactionInterceptor.java:123) ~[spring-tx-6.1.6.jar:6.1.6]
	at org.springframework.transaction.interceptor.TransactionAspectSupport.invokeWithinTransaction(TransactionAspectSupport.java:392) ~[spring-tx-6.1.6.jar:6.1.6]
	at org.springframework.transaction.interceptor.TransactionInterceptor.invoke(TransactionInterceptor.java:119) ~[spring-tx-6.1.6.jar:6.1.6]
	at org.springframework.aop.framework.ReflectiveMethodInvocation.proceed(ReflectiveMethodInvocation.java:184) ~[spring-aop-6.1.6.jar:6.1.6]
	at org.springframework.aop.framework.CglibAopProxy$CglibMethodInvocation.proceed(CglibAopProxy.java:768) ~[spring-aop-6.1.6.jar:6.1.6]
	at org.springframework.aop.framework.CglibAopProxy$DynamicAdvisedInterceptor.intercept(CglibAopProxy.java:720) ~[spring-aop-6.1.6.jar:6.1.6]
	at es.uma.informatica.practica3.servicios.EntrenadorServicio$$SpringCGLIB$$0.aniadirEntrenador(<generated>) ~[classes/:na]
	at es.uma.informatica.practica3.controladores.EntrenadorRest.aniadirEntrenador(EntrenadorRest.java:67) ~[classes/:na]
	at java.base/jdk.internal.reflect.DirectMethodHandleAccessor.invoke(DirectMethodHandleAccessor.java:103) ~[na:na]
	at java.base/java.lang.reflect.Method.invoke(Method.java:580) ~[na:na]
	at org.springframework.web.method.support.InvocableHandlerMethod.doInvoke(InvocableHandlerMethod.java:255) ~[spring-web-6.1.6.jar:6.1.6]
	at org.springframework.web.method.support.InvocableHandlerMethod.invokeForRequest(InvocableHandlerMethod.java:188) ~[spring-web-6.1.6.jar:6.1.6]
	at org.springframework.web.servlet.mvc.method.annotation.ServletInvocableHandlerMethod.invokeAndHandle(ServletInvocableHandlerMethod.java:118) ~[spring-webmvc-6.1.6.jar:6.1.6]
	at org.springframework.web.servlet.mvc.method.annotation.RequestMappingHandlerAdapter.invokeHandlerMethod(RequestMappingHandlerAdapter.java:926) ~[spring-webmvc-6.1.6.jar:6.1.6]
	at org.springframework.web.servlet.mvc.method.annotation.RequestMappingHandlerAdapter.handleInternal(RequestMappingHandlerAdapter.java:831) ~[spring-webmvc-6.1.6.jar:6.1.6]
	at org.springframework.web.servlet.mvc.method.AbstractHandlerMethodAdapter.handle(AbstractHandlerMethodAdapter.java:87) ~[spring-webmvc-6.1.6.jar:6.1.6]
	at org.springframework.web.servlet.DispatcherServlet.doDispatch(DispatcherServlet.java:1089) ~[spring-webmvc-6.1.6.jar:6.1.6]
	at org.springframework.web.servlet.DispatcherServlet.doService(DispatcherServlet.java:979) ~[spring-webmvc-6.1.6.jar:6.1.6]
	at org.springframework.web.servlet.FrameworkServlet.processRequest(FrameworkServlet.java:1014) ~[spring-webmvc-6.1.6.jar:6.1.6]
	at org.springframework.web.servlet.FrameworkServlet.doPost(FrameworkServlet.java:914) ~[spring-webmvc-6.1.6.jar:6.1.6]
	at jakarta.servlet.http.HttpServlet.service(HttpServlet.java:590) ~[tomcat-embed-core-10.1.20.jar:6.0]
	at org.springframework.web.servlet.FrameworkServlet.service(FrameworkServlet.java:885) ~[spring-webmvc-6.1.6.jar:6.1.6]
	at jakarta.servlet.http.HttpServlet.service(HttpServlet.java:658) ~[tomcat-embed-core-10.1.20.jar:6.0]
	at org.apache.catalina.core.ApplicationFilterChain.internalDoFilter(ApplicationFilterChain.java:206) ~[tomcat-embed-core-10.1.20.jar:10.1.20]
	at org.apache.catalina.core.ApplicationFilterChain.doFilter(ApplicationFilterChain.java:150) ~[tomcat-embed-core-10.1.20.jar:10.1.20]
	at org.apache.tomcat.websocket.server.WsFilter.doFilter(WsFilter.java:51) ~[tomcat-embed-websocket-10.1.20.jar:10.1.20]
	at org.apache.catalina.core.ApplicationFilterChain.internalDoFilter(ApplicationFilterChain.java:175) ~[tomcat-embed-core-10.1.20.jar:10.1.20]
	at org.apache.catalina.core.ApplicationFilterChain.doFilter(ApplicationFilterChain.java:150) ~[tomcat-embed-core-10.1.20.jar:10.1.20]
	at org.springframework.web.filter.OncePerRequestFilter.doFilter(OncePerRequestFilter.java:110) ~[spring-web-6.1.6.jar:6.1.6]
	at org.apache.catalina.core.ApplicationFilterChain.internalDoFilter(ApplicationFilterChain.java:175) ~[tomcat-embed-core-10.1.20.jar:10.1.20]
	at org.apache.catalina.core.ApplicationFilterChain.doFilter(ApplicationFilterChain.java:150) ~[tomcat-embed-core-10.1.20.jar:10.1.20]
	at org.springframework.web.filter.CompositeFilter$VirtualFilterChain.doFilter(CompositeFilter.java:108) ~[spring-web-6.1.6.jar:6.1.6]
	at org.springframework.security.web.FilterChainProxy.lambda$doFilterInternal$3(FilterChainProxy.java:231) ~[spring-security-web-6.2.4.jar:6.2.4]
	at org.springframework.security.web.FilterChainProxy$VirtualFilterChain.doFilter(FilterChainProxy.java:365) ~[spring-security-web-6.2.4.jar:6.2.4]
	at org.springframework.security.web.access.intercept.FilterSecurityInterceptor.invoke(FilterSecurityInterceptor.java:117) ~[spring-security-web-6.2.4.jar:6.2.4]
	at org.springframework.security.web.access.intercept.FilterSecurityInterceptor.doFilter(FilterSecurityInterceptor.java:83) ~[spring-security-web-6.2.4.jar:6.2.4]
	at org.springframework.security.web.FilterChainProxy$VirtualFilterChain.doFilter(FilterChainProxy.java:374) ~[spring-security-web-6.2.4.jar:6.2.4]
	at org.springframework.security.web.access.ExceptionTranslationFilter.doFilter(ExceptionTranslationFilter.java:126) ~[spring-security-web-6.2.4.jar:6.2.4]
	at org.springframework.security.web.access.ExceptionTranslationFilter.doFilter(ExceptionTranslationFilter.java:120) ~[spring-security-web-6.2.4.jar:6.2.4]
	at org.springframework.security.web.FilterChainProxy$VirtualFilterChain.doFilter(FilterChainProxy.java:374) ~[spring-security-web-6.2.4.jar:6.2.4]
	at org.springframework.security.web.session.SessionManagementFilter.doFilter(SessionManagementFilter.java:131) ~[spring-security-web-6.2.4.jar:6.2.4]
	at org.springframework.security.web.session.SessionManagementFilter.doFilter(SessionManagementFilter.java:85) ~[spring-security-web-6.2.4.jar:6.2.4]
	at org.springframework.security.web.FilterChainProxy$VirtualFilterChain.doFilter(FilterChainProxy.java:374) ~[spring-security-web-6.2.4.jar:6.2.4]
	at org.springframework.security.web.authentication.AnonymousAuthenticationFilter.doFilter(AnonymousAuthenticationFilter.java:100) ~[spring-security-web-6.2.4.jar:6.2.4]
	at org.springframework.security.web.FilterChainProxy$VirtualFilterChain.doFilter(FilterChainProxy.java:374) ~[spring-security-web-6.2.4.jar:6.2.4]
	at org.springframework.security.web.servletapi.SecurityContextHolderAwareRequestFilter.doFilter(SecurityContextHolderAwareRequestFilter.java:179) ~[spring-security-web-6.2.4.jar:6.2.4]
	at org.springframework.security.web.FilterChainProxy$VirtualFilterChain.doFilter(FilterChainProxy.java:374) ~[spring-security-web-6.2.4.jar:6.2.4]
	at org.springframework.security.web.savedrequest.RequestCacheAwareFilter.doFilter(RequestCacheAwareFilter.java:63) ~[spring-security-web-6.2.4.jar:6.2.4]
	at org.springframework.security.web.FilterChainProxy$VirtualFilterChain.doFilter(FilterChainProxy.java:374) ~[spring-security-web-6.2.4.jar:6.2.4]
	at es.uma.informatica.practica3.security.JwtRequestFilter.doFilterInternal(JwtRequestFilter.java:67) ~[classes/:na]
	at org.springframework.web.filter.OncePerRequestFilter.doFilter(OncePerRequestFilter.java:116) ~[spring-web-6.1.6.jar:6.1.6]
	at org.springframework.security.web.FilterChainProxy$VirtualFilterChain.doFilter(FilterChainProxy.java:374) ~[spring-security-web-6.2.4.jar:6.2.4]
	at org.springframework.security.web.authentication.logout.LogoutFilter.doFilter(LogoutFilter.java:107) ~[spring-security-web-6.2.4.jar:6.2.4]
	at org.springframework.security.web.authentication.logout.LogoutFilter.doFilter(LogoutFilter.java:93) ~[spring-security-web-6.2.4.jar:6.2.4]
	at org.springframework.security.web.FilterChainProxy$VirtualFilterChain.doFilter(FilterChainProxy.java:374) ~[spring-security-web-6.2.4.jar:6.2.4]
	at org.springframework.web.filter.CorsFilter.doFilterInternal(CorsFilter.java:91) ~[spring-web-6.1.6.jar:6.1.6]
	at org.springframework.web.filter.OncePerRequestFilter.doFilter(OncePerRequestFilter.java:116) ~[spring-web-6.1.6.jar:6.1.6]
	at org.springframework.security.web.FilterChainProxy$VirtualFilterChain.doFilter(FilterChainProxy.java:374) ~[spring-security-web-6.2.4.jar:6.2.4]
	at org.springframework.security.web.header.HeaderWriterFilter.doHeadersAfter(HeaderWriterFilter.java:90) ~[spring-security-web-6.2.4.jar:6.2.4]
	at org.springframework.security.web.header.HeaderWriterFilter.doFilterInternal(HeaderWriterFilter.java:75) ~[spring-security-web-6.2.4.jar:6.2.4]
	at org.springframework.web.filter.OncePerRequestFilter.doFilter(OncePerRequestFilter.java:116) ~[spring-web-6.1.6.jar:6.1.6]
	at org.springframework.security.web.FilterChainProxy$VirtualFilterChain.doFilter(FilterChainProxy.java:374) ~[spring-security-web-6.2.4.jar:6.2.4]
	at org.springframework.security.web.context.SecurityContextHolderFilter.doFilter(SecurityContextHolderFilter.java:82) ~[spring-security-web-6.2.4.jar:6.2.4]
	at org.springframework.security.web.context.SecurityContextHolderFilter.doFilter(SecurityContextHolderFilter.java:69) ~[spring-security-web-6.2.4.jar:6.2.4]
	at org.springframework.security.web.FilterChainProxy$VirtualFilterChain.doFilter(FilterChainProxy.java:374) ~[spring-security-web-6.2.4.jar:6.2.4]
	at org.springframework.security.web.context.request.async.WebAsyncManagerIntegrationFilter.doFilterInternal(WebAsyncManagerIntegrationFilter.java:62) ~[spring-security-web-6.2.4.jar:6.2.4]
	at org.springframework.web.filter.OncePerRequestFilter.doFilter(OncePerRequestFilter.java:116) ~[spring-web-6.1.6.jar:6.1.6]
	at org.springframework.security.web.FilterChainProxy$VirtualFilterChain.doFilter(FilterChainProxy.java:374) ~[spring-security-web-6.2.4.jar:6.2.4]
	at org.springframework.security.web.session.DisableEncodeUrlFilter.doFilterInternal(DisableEncodeUrlFilter.java:42) ~[spring-security-web-6.2.4.jar:6.2.4]
	at org.springframework.web.filter.OncePerRequestFilter.doFilter(OncePerRequestFilter.java:116) ~[spring-web-6.1.6.jar:6.1.6]
	at org.springframework.security.web.FilterChainProxy$VirtualFilterChain.doFilter(FilterChainProxy.java:374) ~[spring-security-web-6.2.4.jar:6.2.4]
	at org.springframework.security.web.FilterChainProxy.doFilterInternal(FilterChainProxy.java:233) ~[spring-security-web-6.2.4.jar:6.2.4]
	at org.springframework.security.web.FilterChainProxy.doFilter(FilterChainProxy.java:191) ~[spring-security-web-6.2.4.jar:6.2.4]
	at org.springframework.web.filter.CompositeFilter$VirtualFilterChain.doFilter(CompositeFilter.java:113) ~[spring-web-6.1.6.jar:6.1.6]
	at org.springframework.web.servlet.handler.HandlerMappingIntrospector.lambda$createCacheFilter$3(HandlerMappingIntrospector.java:195) ~[spring-webmvc-6.1.6.jar:6.1.6]
	at org.springframework.web.filter.CompositeFilter$VirtualFilterChain.doFilter(CompositeFilter.java:113) ~[spring-web-6.1.6.jar:6.1.6]
	at org.springframework.web.filter.CompositeFilter.doFilter(CompositeFilter.java:74) ~[spring-web-6.1.6.jar:6.1.6]
	at org.springframework.security.config.annotation.web.configuration.WebMvcSecurityConfiguration$CompositeFilterChainProxy.doFilter(WebMvcSecurityConfiguration.java:230) ~[spring-security-config-6.2.4.jar:6.2.4]
	at org.springframework.web.filter.DelegatingFilterProxy.invokeDelegate(DelegatingFilterProxy.java:352) ~[spring-web-6.1.6.jar:6.1.6]
	at org.springframework.web.filter.DelegatingFilterProxy.doFilter(DelegatingFilterProxy.java:268) ~[spring-web-6.1.6.jar:6.1.6]
	at org.apache.catalina.core.ApplicationFilterChain.internalDoFilter(ApplicationFilterChain.java:175) ~[tomcat-embed-core-10.1.20.jar:10.1.20]
	at org.apache.catalina.core.ApplicationFilterChain.doFilter(ApplicationFilterChain.java:150) ~[tomcat-embed-core-10.1.20.jar:10.1.20]
	at org.springframework.web.filter.RequestContextFilter.doFilterInternal(RequestContextFilter.java:100) ~[spring-web-6.1.6.jar:6.1.6]
	at org.springframework.web.filter.OncePerRequestFilter.doFilter(OncePerRequestFilter.java:116) ~[spring-web-6.1.6.jar:6.1.6]
	at org.apache.catalina.core.ApplicationFilterChain.internalDoFilter(ApplicationFilterChain.java:175) ~[tomcat-embed-core-10.1.20.jar:10.1.20]
	at org.apache.catalina.core.ApplicationFilterChain.doFilter(ApplicationFilterChain.java:150) ~[tomcat-embed-core-10.1.20.jar:10.1.20]
	at org.springframework.web.filter.FormContentFilter.doFilterInternal(FormContentFilter.java:93) ~[spring-web-6.1.6.jar:6.1.6]
	at org.springframework.web.filter.OncePerRequestFilter.doFilter(OncePerRequestFilter.java:116) ~[spring-web-6.1.6.jar:6.1.6]
	at org.apache.catalina.core.ApplicationFilterChain.internalDoFilter(ApplicationFilterChain.java:175) ~[tomcat-embed-core-10.1.20.jar:10.1.20]
	at org.apache.catalina.core.ApplicationFilterChain.doFilter(ApplicationFilterChain.java:150) ~[tomcat-embed-core-10.1.20.jar:10.1.20]
	at org.springframework.web.filter.CharacterEncodingFilter.doFilterInternal(CharacterEncodingFilter.java:201) ~[spring-web-6.1.6.jar:6.1.6]
	at org.springframework.web.filter.OncePerRequestFilter.doFilter(OncePerRequestFilter.java:116) ~[spring-web-6.1.6.jar:6.1.6]
	at org.apache.catalina.core.ApplicationFilterChain.internalDoFilter(ApplicationFilterChain.java:175) ~[tomcat-embed-core-10.1.20.jar:10.1.20]
	at org.apache.catalina.core.ApplicationFilterChain.doFilter(ApplicationFilterChain.java:150) ~[tomcat-embed-core-10.1.20.jar:10.1.20]
	at org.apache.catalina.core.StandardWrapperValve.invoke(StandardWrapperValve.java:167) ~[tomcat-embed-core-10.1.20.jar:10.1.20]
	at org.apache.catalina.core.StandardContextValve.invoke(StandardContextValve.java:90) ~[tomcat-embed-core-10.1.20.jar:10.1.20]
	at org.apache.catalina.authenticator.AuthenticatorBase.invoke(AuthenticatorBase.java:482) ~[tomcat-embed-core-10.1.20.jar:10.1.20]
	at org.apache.catalina.core.StandardHostValve.invoke(StandardHostValve.java:115) ~[tomcat-embed-core-10.1.20.jar:10.1.20]
	at org.apache.catalina.valves.ErrorReportValve.invoke(ErrorReportValve.java:93) ~[tomcat-embed-core-10.1.20.jar:10.1.20]
	at org.apache.catalina.core.StandardEngineValve.invoke(StandardEngineValve.java:74) ~[tomcat-embed-core-10.1.20.jar:10.1.20]
	at org.apache.catalina.connector.CoyoteAdapter.service(CoyoteAdapter.java:344) ~[tomcat-embed-core-10.1.20.jar:10.1.20]
	at org.apache.coyote.http11.Http11Processor.service(Http11Processor.java:391) ~[tomcat-embed-core-10.1.20.jar:10.1.20]
	at org.apache.coyote.AbstractProcessorLight.process(AbstractProcessorLight.java:63) ~[tomcat-embed-core-10.1.20.jar:10.1.20]
	at org.apache.coyote.AbstractProtocol$ConnectionHandler.process(AbstractProtocol.java:896) ~[tomcat-embed-core-10.1.20.jar:10.1.20]
	at org.apache.tomcat.util.net.NioEndpoint$SocketProcessor.doRun(NioEndpoint.java:1736) ~[tomcat-embed-core-10.1.20.jar:10.1.20]
	at org.apache.tomcat.util.net.SocketProcessorBase.run(SocketProcessorBase.java:52) ~[tomcat-embed-core-10.1.20.jar:10.1.20]
	at org.apache.tomcat.util.threads.ThreadPoolExecutor.runWorker(ThreadPoolExecutor.java:1191) ~[tomcat-embed-core-10.1.20.jar:10.1.20]
	at org.apache.tomcat.util.threads.ThreadPoolExecutor$Worker.run(ThreadPoolExecutor.java:659) ~[tomcat-embed-core-10.1.20.jar:10.1.20]
	at org.apache.tomcat.util.threads.TaskThread$WrappingRunnable.run(TaskThread.java:63) ~[tomcat-embed-core-10.1.20.jar:10.1.20]
	at java.base/java.lang.Thread.run(Thread.java:1583) ~[na:na]

2024-05-23T18:53:38.101+02:00  INFO 46855 --- [           main] j.LocalContainerEntityManagerFactoryBean : Closing JPA EntityManagerFactory for persistence unit 'default'
2024-05-23T18:53:38.103+02:00  INFO 46855 --- [           main] com.zaxxer.hikari.HikariDataSource       : HikariPool-25 - Shutdown initiated...
2024-05-23T18:53:38.104+02:00  INFO 46855 --- [           main] com.zaxxer.hikari.HikariDataSource       : HikariPool-25 - Shutdown completed.
]]></system-out>
  </testcase>
  <testcase name="eliminarEntrenadorInexistente" classname="es.uma.informatica.practica3.MicroservicioEntrenadoresApplicationTests$BaseDatosVacia" time="0.021">
    <system-out><![CDATA[
  .   ____          _            __ _ _
 /\\ / ___'_ __ _ _(_)_ __  __ _ \ \ \ \
( ( )\___ | '_ | '_| | '_ \/ _` | \ \ \ \
 \\/  ___)| |_)| | | | | || (_| |  ) ) ) )
  '  |____| .__|_| |_|_| |_\__, | / / / /
 =========|_|==============|___/=/_/_/_/
 :: Spring Boot ::                (v3.2.5)

2024-05-23T18:53:38.122+02:00  INFO 46855 --- [           main] icroservicioEntrenadoresApplicationTests : Starting MicroservicioEntrenadoresApplicationTests using Java 21.0.2 with PID 46855 (started by javimp2003 in /home/javimp2003/JARA Developers/ciklum-jara-developers/back-end)
2024-05-23T18:53:38.122+02:00  INFO 46855 --- [           main] icroservicioEntrenadoresApplicationTests : No active profile set, falling back to 1 default profile: "default"
2024-05-23T18:53:38.199+02:00  INFO 46855 --- [           main] .s.d.r.c.RepositoryConfigurationDelegate : Bootstrapping Spring Data JPA repositories in DEFAULT mode.
2024-05-23T18:53:38.204+02:00  INFO 46855 --- [           main] .s.d.r.c.RepositoryConfigurationDelegate : Finished Spring Data repository scanning in 4 ms. Found 2 JPA repository interfaces.
2024-05-23T18:53:38.251+02:00  INFO 46855 --- [           main] o.s.b.w.embedded.tomcat.TomcatWebServer  : Tomcat initialized with port 0 (http)
2024-05-23T18:53:38.251+02:00  INFO 46855 --- [           main] o.apache.catalina.core.StandardService   : Starting service [Tomcat]
2024-05-23T18:53:38.251+02:00  INFO 46855 --- [           main] o.apache.catalina.core.StandardEngine    : Starting Servlet engine: [Apache Tomcat/10.1.20]
2024-05-23T18:53:38.261+02:00  INFO 46855 --- [           main] o.a.c.c.C.[Tomcat].[localhost].[/]       : Initializing Spring embedded WebApplicationContext
2024-05-23T18:53:38.261+02:00  INFO 46855 --- [           main] w.s.c.ServletWebServerApplicationContext : Root WebApplicationContext: initialization completed in 137 ms
2024-05-23T18:53:38.271+02:00  INFO 46855 --- [           main] com.zaxxer.hikari.HikariDataSource       : HikariPool-26 - Starting...
2024-05-23T18:53:38.273+02:00  INFO 46855 --- [           main] com.zaxxer.hikari.pool.HikariPool        : HikariPool-26 - Added connection conn250: url=jdbc:h2:mem:test user=SA
2024-05-23T18:53:38.274+02:00  INFO 46855 --- [           main] com.zaxxer.hikari.HikariDataSource       : HikariPool-26 - Start completed.
2024-05-23T18:53:38.274+02:00  INFO 46855 --- [           main] o.s.b.a.h2.H2ConsoleAutoConfiguration    : H2 console available at '/h2-console'. Database available at 'jdbc:h2:mem:test'
2024-05-23T18:53:38.292+02:00  INFO 46855 --- [           main] o.hibernate.jpa.internal.util.LogHelper  : HHH000204: Processing PersistenceUnitInfo [name: default]
2024-05-23T18:53:38.293+02:00  INFO 46855 --- [           main] o.h.c.internal.RegionFactoryInitiator    : HHH000026: Second-level cache disabled
2024-05-23T18:53:38.295+02:00  INFO 46855 --- [           main] o.s.o.j.p.SpringPersistenceUnitInfo      : No LoadTimeWeaver setup: ignoring JPA class transformer
2024-05-23T18:53:38.296+02:00  WARN 46855 --- [           main] org.hibernate.orm.deprecation            : HHH90000025: H2Dialect does not need to be specified explicitly using 'hibernate.dialect' (remove the property setting and it will be selected by default)
2024-05-23T18:53:38.347+02:00  INFO 46855 --- [           main] o.h.e.t.j.p.i.JtaPlatformInitiator       : HHH000489: No JTA platform available (set 'hibernate.transaction.jta.platform' to enable JTA platform integration)
2024-05-23T18:53:38.359+02:00  INFO 46855 --- [           main] j.LocalContainerEntityManagerFactoryBean : Initialized JPA EntityManagerFactory for persistence unit 'default'
2024-05-23T18:53:38.413+02:00  WARN 46855 --- [           main] JpaBaseConfiguration$JpaWebConfiguration : spring.jpa.open-in-view is enabled by default. Therefore, database queries may be performed during view rendering. Explicitly configure spring.jpa.open-in-view to disable this warning
2024-05-23T18:53:38.417+02:00  WARN 46855 --- [           main] .s.s.UserDetailsServiceAutoConfiguration : 

Using generated security password: def2beb9-e2c9-4138-af5d-b3e799e67b32

This generated password is for development use only. Your security configuration must be updated before running your application in production.

2024-05-23T18:53:38.449+02:00  INFO 46855 --- [           main] o.s.s.web.DefaultSecurityFilterChain     : Will secure any request with [org.springframework.security.web.session.DisableEncodeUrlFilter@c89bb31, org.springframework.security.web.context.request.async.WebAsyncManagerIntegrationFilter@7dbf44c0, org.springframework.security.web.context.SecurityContextHolderFilter@30c352c3, org.springframework.security.web.header.HeaderWriterFilter@4925e01f, org.springframework.web.filter.CorsFilter@d70aa6e, org.springframework.security.web.authentication.logout.LogoutFilter@4192c7e6, es.uma.informatica.practica3.security.JwtRequestFilter@3273be31, org.springframework.security.web.savedrequest.RequestCacheAwareFilter@f97aab9, org.springframework.security.web.servletapi.SecurityContextHolderAwareRequestFilter@69d4964c, org.springframework.security.web.authentication.AnonymousAuthenticationFilter@78ab06f4, org.springframework.security.web.session.SessionManagementFilter@1d53ed11, org.springframework.security.web.access.ExceptionTranslationFilter@3e003d67, org.springframework.security.web.access.intercept.FilterSecurityInterceptor@6cf33bb7]
2024-05-23T18:53:38.489+02:00  INFO 46855 --- [           main] o.s.b.w.embedded.tomcat.TomcatWebServer  : Tomcat started on port 44827 (http) with context path ''
2024-05-23T18:53:38.491+02:00  INFO 46855 --- [           main] icroservicioEntrenadoresApplicationTests : Started MicroservicioEntrenadoresApplicationTests in 0.382 seconds (process running for 23.177)
2024-05-23T18:53:38.498+02:00  INFO 46855 --- [-auto-26-exec-1] o.a.c.c.C.[Tomcat].[localhost].[/]       : Initializing Spring DispatcherServlet 'dispatcherServlet'
2024-05-23T18:53:38.498+02:00  INFO 46855 --- [-auto-26-exec-1] o.s.web.servlet.DispatcherServlet        : Initializing Servlet 'dispatcherServlet'
2024-05-23T18:53:38.499+02:00  INFO 46855 --- [-auto-26-exec-1] o.s.web.servlet.DispatcherServlet        : Completed initialization in 1 ms
2024-05-23T18:53:38.501+02:00  INFO 46855 --- [-auto-26-exec-1] e.u.i.p.security.JwtRequestFilter        : usuario = 10
2024-05-23T18:53:38.511+02:00  INFO 46855 --- [           main] j.LocalContainerEntityManagerFactoryBean : Closing JPA EntityManagerFactory for persistence unit 'default'
2024-05-23T18:53:38.512+02:00  INFO 46855 --- [           main] com.zaxxer.hikari.HikariDataSource       : HikariPool-26 - Shutdown initiated...
2024-05-23T18:53:38.513+02:00  INFO 46855 --- [           main] com.zaxxer.hikari.HikariDataSource       : HikariPool-26 - Shutdown completed.
]]></system-out>
  </testcase>
  <testcase name="insertaEntrenador" classname="es.uma.informatica.practica3.MicroservicioEntrenadoresApplicationTests$BaseDatosVacia" time="0.043">
    <system-out><![CDATA[
  .   ____          _            __ _ _
 /\\ / ___'_ __ _ _(_)_ __  __ _ \ \ \ \
( ( )\___ | '_ | '_| | '_ \/ _` | \ \ \ \
 \\/  ___)| |_)| | | | | || (_| |  ) ) ) )
  '  |____| .__|_| |_|_| |_\__, | / / / /
 =========|_|==============|___/=/_/_/_/
 :: Spring Boot ::                (v3.2.5)

2024-05-23T18:53:38.528+02:00  INFO 46855 --- [           main] icroservicioEntrenadoresApplicationTests : Starting MicroservicioEntrenadoresApplicationTests using Java 21.0.2 with PID 46855 (started by javimp2003 in /home/javimp2003/JARA Developers/ciklum-jara-developers/back-end)
2024-05-23T18:53:38.529+02:00  INFO 46855 --- [           main] icroservicioEntrenadoresApplicationTests : No active profile set, falling back to 1 default profile: "default"
2024-05-23T18:53:38.600+02:00  INFO 46855 --- [           main] .s.d.r.c.RepositoryConfigurationDelegate : Bootstrapping Spring Data JPA repositories in DEFAULT mode.
2024-05-23T18:53:38.604+02:00  INFO 46855 --- [           main] .s.d.r.c.RepositoryConfigurationDelegate : Finished Spring Data repository scanning in 4 ms. Found 2 JPA repository interfaces.
2024-05-23T18:53:38.645+02:00  INFO 46855 --- [           main] o.s.b.w.embedded.tomcat.TomcatWebServer  : Tomcat initialized with port 0 (http)
2024-05-23T18:53:38.645+02:00  INFO 46855 --- [           main] o.apache.catalina.core.StandardService   : Starting service [Tomcat]
2024-05-23T18:53:38.645+02:00  INFO 46855 --- [           main] o.apache.catalina.core.StandardEngine    : Starting Servlet engine: [Apache Tomcat/10.1.20]
2024-05-23T18:53:38.653+02:00  INFO 46855 --- [           main] o.a.c.c.C.[Tomcat].[localhost].[/]       : Initializing Spring embedded WebApplicationContext
2024-05-23T18:53:38.653+02:00  INFO 46855 --- [           main] w.s.c.ServletWebServerApplicationContext : Root WebApplicationContext: initialization completed in 123 ms
2024-05-23T18:53:38.664+02:00  INFO 46855 --- [           main] com.zaxxer.hikari.HikariDataSource       : HikariPool-27 - Starting...
2024-05-23T18:53:38.665+02:00  INFO 46855 --- [           main] com.zaxxer.hikari.pool.HikariPool        : HikariPool-27 - Added connection conn260: url=jdbc:h2:mem:test user=SA
2024-05-23T18:53:38.666+02:00  INFO 46855 --- [           main] com.zaxxer.hikari.HikariDataSource       : HikariPool-27 - Start completed.
2024-05-23T18:53:38.666+02:00  INFO 46855 --- [           main] o.s.b.a.h2.H2ConsoleAutoConfiguration    : H2 console available at '/h2-console'. Database available at 'jdbc:h2:mem:test'
2024-05-23T18:53:38.684+02:00  INFO 46855 --- [           main] o.hibernate.jpa.internal.util.LogHelper  : HHH000204: Processing PersistenceUnitInfo [name: default]
2024-05-23T18:53:38.685+02:00  INFO 46855 --- [           main] o.h.c.internal.RegionFactoryInitiator    : HHH000026: Second-level cache disabled
2024-05-23T18:53:38.687+02:00  INFO 46855 --- [           main] o.s.o.j.p.SpringPersistenceUnitInfo      : No LoadTimeWeaver setup: ignoring JPA class transformer
2024-05-23T18:53:38.688+02:00  WARN 46855 --- [           main] org.hibernate.orm.deprecation            : HHH90000025: H2Dialect does not need to be specified explicitly using 'hibernate.dialect' (remove the property setting and it will be selected by default)
2024-05-23T18:53:38.731+02:00  INFO 46855 --- [           main] o.h.e.t.j.p.i.JtaPlatformInitiator       : HHH000489: No JTA platform available (set 'hibernate.transaction.jta.platform' to enable JTA platform integration)
2024-05-23T18:53:38.738+02:00  INFO 46855 --- [           main] j.LocalContainerEntityManagerFactoryBean : Initialized JPA EntityManagerFactory for persistence unit 'default'
2024-05-23T18:53:38.786+02:00  WARN 46855 --- [           main] JpaBaseConfiguration$JpaWebConfiguration : spring.jpa.open-in-view is enabled by default. Therefore, database queries may be performed during view rendering. Explicitly configure spring.jpa.open-in-view to disable this warning
2024-05-23T18:53:38.789+02:00  WARN 46855 --- [           main] .s.s.UserDetailsServiceAutoConfiguration : 

Using generated security password: ee983e7c-39dc-4307-a41c-030504cb8b2d

This generated password is for development use only. Your security configuration must be updated before running your application in production.

2024-05-23T18:53:38.822+02:00  INFO 46855 --- [           main] o.s.s.web.DefaultSecurityFilterChain     : Will secure any request with [org.springframework.security.web.session.DisableEncodeUrlFilter@14d417ee, org.springframework.security.web.context.request.async.WebAsyncManagerIntegrationFilter@5d2931ab, org.springframework.security.web.context.SecurityContextHolderFilter@7a6b99de, org.springframework.security.web.header.HeaderWriterFilter@3f240345, org.springframework.web.filter.CorsFilter@5dc516c6, org.springframework.security.web.authentication.logout.LogoutFilter@4d99f61a, es.uma.informatica.practica3.security.JwtRequestFilter@cab11e1, org.springframework.security.web.savedrequest.RequestCacheAwareFilter@76975982, org.springframework.security.web.servletapi.SecurityContextHolderAwareRequestFilter@6936423e, org.springframework.security.web.authentication.AnonymousAuthenticationFilter@741880c, org.springframework.security.web.session.SessionManagementFilter@509a5680, org.springframework.security.web.access.ExceptionTranslationFilter@46894f2e, org.springframework.security.web.access.intercept.FilterSecurityInterceptor@62471329]
2024-05-23T18:53:38.866+02:00  INFO 46855 --- [           main] o.s.b.w.embedded.tomcat.TomcatWebServer  : Tomcat started on port 33173 (http) with context path ''
2024-05-23T18:53:38.868+02:00  INFO 46855 --- [           main] icroservicioEntrenadoresApplicationTests : Started MicroservicioEntrenadoresApplicationTests in 0.351 seconds (process running for 23.554)
La peticion post es: http://localhost:33173/entrenador?centro=1
2024-05-23T18:53:38.879+02:00  INFO 46855 --- [-auto-27-exec-1] o.a.c.c.C.[Tomcat].[localhost].[/]       : Initializing Spring DispatcherServlet 'dispatcherServlet'
2024-05-23T18:53:38.879+02:00  INFO 46855 --- [-auto-27-exec-1] o.s.web.servlet.DispatcherServlet        : Initializing Servlet 'dispatcherServlet'
2024-05-23T18:53:38.879+02:00  INFO 46855 --- [-auto-27-exec-1] o.s.web.servlet.DispatcherServlet        : Completed initialization in 0 ms
2024-05-23T18:53:38.881+02:00  INFO 46855 --- [-auto-27-exec-1] e.u.i.p.security.JwtRequestFilter        : usuario = 10
2024-05-23T18:53:38.910+02:00  INFO 46855 --- [           main] j.LocalContainerEntityManagerFactoryBean : Closing JPA EntityManagerFactory for persistence unit 'default'
2024-05-23T18:53:38.912+02:00  INFO 46855 --- [           main] com.zaxxer.hikari.HikariDataSource       : HikariPool-27 - Shutdown initiated...
2024-05-23T18:53:38.912+02:00  INFO 46855 --- [           main] com.zaxxer.hikari.HikariDataSource       : HikariPool-27 - Shutdown completed.
]]></system-out>
  </testcase>
</testsuite>