<?xml version="1.0" encoding="UTF-8"?>
<testsuite xmlns:xsi="http://www.w3.org/2001/XMLSchema-instance" xsi:noNamespaceSchemaLocation="https://maven.apache.org/surefire/maven-surefire-plugin/xsd/surefire-test-report-3.0.xsd" version="3.0" name="es.uma.informatica.practica3.MicroservicioEntrenadoresApplicationTests$BaseDatosVacia" time="10.513" tests="4" errors="0" skipped="0" failures="0">
  <properties>
    <property name="java.specification.version" value="21"/>
    <property name="sun.jnu.encoding" value="UTF-8"/>
    <property name="java.class.path" value="/home/javimp2003/JARA Developers/ciklum-jara-developers/back-end/target/test-classes:/home/javimp2003/JARA Developers/ciklum-jara-developers/back-end/target/classes:/home/javimp2003/.m2/repository/org/springframework/boot/spring-boot-starter-data-jpa/3.2.5/spring-boot-starter-data-jpa-3.2.5.jar:/home/javimp2003/.m2/repository/org/springframework/boot/spring-boot-starter-aop/3.2.5/spring-boot-starter-aop-3.2.5.jar:/home/javimp2003/.m2/repository/org/springframework/spring-aop/6.1.6/spring-aop-6.1.6.jar:/home/javimp2003/.m2/repository/org/aspectj/aspectjweaver/1.9.22/aspectjweaver-1.9.22.jar:/home/javimp2003/.m2/repository/org/springframework/boot/spring-boot-starter-jdbc/3.2.5/spring-boot-starter-jdbc-3.2.5.jar:/home/javimp2003/.m2/repository/com/zaxxer/HikariCP/5.0.1/HikariCP-5.0.1.jar:/home/javimp2003/.m2/repository/org/springframework/spring-jdbc/6.1.6/spring-jdbc-6.1.6.jar:/home/javimp2003/.m2/repository/org/hibernate/orm/hibernate-core/6.4.4.Final/hibernate-core-6.4.4.Final.jar:/home/javimp2003/.m2/repository/jakarta/persistence/jakarta.persistence-api/3.1.0/jakarta.persistence-api-3.1.0.jar:/home/javimp2003/.m2/repository/jakarta/transaction/jakarta.transaction-api/2.0.1/jakarta.transaction-api-2.0.1.jar:/home/javimp2003/.m2/repository/org/jboss/logging/jboss-logging/3.5.3.Final/jboss-logging-3.5.3.Final.jar:/home/javimp2003/.m2/repository/org/hibernate/common/hibernate-commons-annotations/6.0.6.Final/hibernate-commons-annotations-6.0.6.Final.jar:/home/javimp2003/.m2/repository/io/smallrye/jandex/3.1.2/jandex-3.1.2.jar:/home/javimp2003/.m2/repository/net/bytebuddy/byte-buddy/1.14.13/byte-buddy-1.14.13.jar:/home/javimp2003/.m2/repository/org/glassfish/jaxb/jaxb-runtime/4.0.5/jaxb-runtime-4.0.5.jar:/home/javimp2003/.m2/repository/org/glassfish/jaxb/jaxb-core/4.0.5/jaxb-core-4.0.5.jar:/home/javimp2003/.m2/repository/org/eclipse/angus/angus-activation/2.0.2/angus-activation-2.0.2.jar:/home/javimp2003/.m2/repository/org/glassfish/jaxb/txw2/4.0.5/txw2-4.0.5.jar:/home/javimp2003/.m2/repository/com/sun/istack/istack-commons-runtime/4.1.2/istack-commons-runtime-4.1.2.jar:/home/javimp2003/.m2/repository/jakarta/inject/jakarta.inject-api/2.0.1/jakarta.inject-api-2.0.1.jar:/home/javimp2003/.m2/repository/org/antlr/antlr4-runtime/4.13.0/antlr4-runtime-4.13.0.jar:/home/javimp2003/.m2/repository/org/springframework/data/spring-data-jpa/3.2.5/spring-data-jpa-3.2.5.jar:/home/javimp2003/.m2/repository/org/springframework/data/spring-data-commons/3.2.5/spring-data-commons-3.2.5.jar:/home/javimp2003/.m2/repository/org/springframework/spring-orm/6.1.6/spring-orm-6.1.6.jar:/home/javimp2003/.m2/repository/org/springframework/spring-context/6.1.6/spring-context-6.1.6.jar:/home/javimp2003/.m2/repository/org/springframework/spring-tx/6.1.6/spring-tx-6.1.6.jar:/home/javimp2003/.m2/repository/org/springframework/spring-beans/6.1.6/spring-beans-6.1.6.jar:/home/javimp2003/.m2/repository/jakarta/annotation/jakarta.annotation-api/2.1.1/jakarta.annotation-api-2.1.1.jar:/home/javimp2003/.m2/repository/org/springframework/spring-aspects/6.1.6/spring-aspects-6.1.6.jar:/home/javimp2003/.m2/repository/org/springframework/boot/spring-boot-starter-web/3.2.5/spring-boot-starter-web-3.2.5.jar:/home/javimp2003/.m2/repository/org/springframework/boot/spring-boot-starter/3.2.5/spring-boot-starter-3.2.5.jar:/home/javimp2003/.m2/repository/org/springframework/boot/spring-boot/3.2.5/spring-boot-3.2.5.jar:/home/javimp2003/.m2/repository/org/springframework/boot/spring-boot-autoconfigure/3.2.5/spring-boot-autoconfigure-3.2.5.jar:/home/javimp2003/.m2/repository/org/springframework/boot/spring-boot-starter-logging/3.2.5/spring-boot-starter-logging-3.2.5.jar:/home/javimp2003/.m2/repository/ch/qos/logback/logback-classic/1.4.14/logback-classic-1.4.14.jar:/home/javimp2003/.m2/repository/ch/qos/logback/logback-core/1.4.14/logback-core-1.4.14.jar:/home/javimp2003/.m2/repository/org/apache/logging/log4j/log4j-to-slf4j/2.21.1/log4j-to-slf4j-2.21.1.jar:/home/javimp2003/.m2/repository/org/apache/logging/log4j/log4j-api/2.21.1/log4j-api-2.21.1.jar:/home/javimp2003/.m2/repository/org/slf4j/jul-to-slf4j/2.0.13/jul-to-slf4j-2.0.13.jar:/home/javimp2003/.m2/repository/org/yaml/snakeyaml/2.2/snakeyaml-2.2.jar:/home/javimp2003/.m2/repository/org/springframework/boot/spring-boot-starter-json/3.2.5/spring-boot-starter-json-3.2.5.jar:/home/javimp2003/.m2/repository/com/fasterxml/jackson/core/jackson-databind/2.15.4/jackson-databind-2.15.4.jar:/home/javimp2003/.m2/repository/com/fasterxml/jackson/core/jackson-annotations/2.15.4/jackson-annotations-2.15.4.jar:/home/javimp2003/.m2/repository/com/fasterxml/jackson/core/jackson-core/2.15.4/jackson-core-2.15.4.jar:/home/javimp2003/.m2/repository/com/fasterxml/jackson/datatype/jackson-datatype-jdk8/2.15.4/jackson-datatype-jdk8-2.15.4.jar:/home/javimp2003/.m2/repository/com/fasterxml/jackson/datatype/jackson-datatype-jsr310/2.15.4/jackson-datatype-jsr310-2.15.4.jar:/home/javimp2003/.m2/repository/com/fasterxml/jackson/module/jackson-module-parameter-names/2.15.4/jackson-module-parameter-names-2.15.4.jar:/home/javimp2003/.m2/repository/org/springframework/boot/spring-boot-starter-tomcat/3.2.5/spring-boot-starter-tomcat-3.2.5.jar:/home/javimp2003/.m2/repository/org/apache/tomcat/embed/tomcat-embed-core/10.1.20/tomcat-embed-core-10.1.20.jar:/home/javimp2003/.m2/repository/org/apache/tomcat/embed/tomcat-embed-el/10.1.20/tomcat-embed-el-10.1.20.jar:/home/javimp2003/.m2/repository/org/apache/tomcat/embed/tomcat-embed-websocket/10.1.20/tomcat-embed-websocket-10.1.20.jar:/home/javimp2003/.m2/repository/org/springframework/spring-web/6.1.6/spring-web-6.1.6.jar:/home/javimp2003/.m2/repository/io/micrometer/micrometer-observation/1.12.5/micrometer-observation-1.12.5.jar:/home/javimp2003/.m2/repository/io/micrometer/micrometer-commons/1.12.5/micrometer-commons-1.12.5.jar:/home/javimp2003/.m2/repository/org/springframework/spring-webmvc/6.1.6/spring-webmvc-6.1.6.jar:/home/javimp2003/.m2/repository/org/springframework/spring-expression/6.1.6/spring-expression-6.1.6.jar:/home/javimp2003/.m2/repository/org/projectlombok/lombok/1.18.32/lombok-1.18.32.jar:/home/javimp2003/.m2/repository/com/h2database/h2/2.2.224/h2-2.2.224.jar:/home/javimp2003/.m2/repository/org/springframework/boot/spring-boot-starter-test/3.2.5/spring-boot-starter-test-3.2.5.jar:/home/javimp2003/.m2/repository/org/springframework/boot/spring-boot-test/3.2.5/spring-boot-test-3.2.5.jar:/home/javimp2003/.m2/repository/org/springframework/boot/spring-boot-test-autoconfigure/3.2.5/spring-boot-test-autoconfigure-3.2.5.jar:/home/javimp2003/.m2/repository/com/jayway/jsonpath/json-path/2.9.0/json-path-2.9.0.jar:/home/javimp2003/.m2/repository/jakarta/xml/bind/jakarta.xml.bind-api/4.0.2/jakarta.xml.bind-api-4.0.2.jar:/home/javimp2003/.m2/repository/jakarta/activation/jakarta.activation-api/2.1.3/jakarta.activation-api-2.1.3.jar:/home/javimp2003/.m2/repository/net/minidev/json-smart/2.5.1/json-smart-2.5.1.jar:/home/javimp2003/.m2/repository/net/minidev/accessors-smart/2.5.1/accessors-smart-2.5.1.jar:/home/javimp2003/.m2/repository/org/ow2/asm/asm/9.6/asm-9.6.jar:/home/javimp2003/.m2/repository/org/assertj/assertj-core/3.24.2/assertj-core-3.24.2.jar:/home/javimp2003/.m2/repository/org/awaitility/awaitility/4.2.1/awaitility-4.2.1.jar:/home/javimp2003/.m2/repository/org/hamcrest/hamcrest/2.2/hamcrest-2.2.jar:/home/javimp2003/.m2/repository/org/junit/jupiter/junit-jupiter/5.10.2/junit-jupiter-5.10.2.jar:/home/javimp2003/.m2/repository/org/junit/jupiter/junit-jupiter-api/5.10.2/junit-jupiter-api-5.10.2.jar:/home/javimp2003/.m2/repository/org/opentest4j/opentest4j/1.3.0/opentest4j-1.3.0.jar:/home/javimp2003/.m2/repository/org/junit/platform/junit-platform-commons/1.10.2/junit-platform-commons-1.10.2.jar:/home/javimp2003/.m2/repository/org/apiguardian/apiguardian-api/1.1.2/apiguardian-api-1.1.2.jar:/home/javimp2003/.m2/repository/org/junit/jupiter/junit-jupiter-params/5.10.2/junit-jupiter-params-5.10.2.jar:/home/javimp2003/.m2/repository/org/junit/jupiter/junit-jupiter-engine/5.10.2/junit-jupiter-engine-5.10.2.jar:/home/javimp2003/.m2/repository/org/junit/platform/junit-platform-engine/1.10.2/junit-platform-engine-1.10.2.jar:/home/javimp2003/.m2/repository/org/mockito/mockito-core/5.7.0/mockito-core-5.7.0.jar:/home/javimp2003/.m2/repository/net/bytebuddy/byte-buddy-agent/1.14.13/byte-buddy-agent-1.14.13.jar:/home/javimp2003/.m2/repository/org/objenesis/objenesis/3.3/objenesis-3.3.jar:/home/javimp2003/.m2/repository/org/mockito/mockito-junit-jupiter/5.7.0/mockito-junit-jupiter-5.7.0.jar:/home/javimp2003/.m2/repository/org/skyscreamer/jsonassert/1.5.1/jsonassert-1.5.1.jar:/home/javimp2003/.m2/repository/com/vaadin/external/google/android-json/0.0.20131108.vaadin1/android-json-0.0.20131108.vaadin1.jar:/home/javimp2003/.m2/repository/org/springframework/spring-core/6.1.6/spring-core-6.1.6.jar:/home/javimp2003/.m2/repository/org/springframework/spring-jcl/6.1.6/spring-jcl-6.1.6.jar:/home/javimp2003/.m2/repository/org/springframework/spring-test/6.1.6/spring-test-6.1.6.jar:/home/javimp2003/.m2/repository/org/xmlunit/xmlunit-core/2.9.1/xmlunit-core-2.9.1.jar:/home/javimp2003/.m2/repository/io/springfox/springfox-boot-starter/3.0.0/springfox-boot-starter-3.0.0.jar:/home/javimp2003/.m2/repository/io/springfox/springfox-oas/3.0.0/springfox-oas-3.0.0.jar:/home/javimp2003/.m2/repository/io/swagger/core/v3/swagger-annotations/2.1.2/swagger-annotations-2.1.2.jar:/home/javimp2003/.m2/repository/io/swagger/core/v3/swagger-models/2.1.2/swagger-models-2.1.2.jar:/home/javimp2003/.m2/repository/io/springfox/springfox-spi/3.0.0/springfox-spi-3.0.0.jar:/home/javimp2003/.m2/repository/io/springfox/springfox-schema/3.0.0/springfox-schema-3.0.0.jar:/home/javimp2003/.m2/repository/io/springfox/springfox-core/3.0.0/springfox-core-3.0.0.jar:/home/javimp2003/.m2/repository/io/springfox/springfox-spring-web/3.0.0/springfox-spring-web-3.0.0.jar:/home/javimp2003/.m2/repository/io/github/classgraph/classgraph/4.8.83/classgraph-4.8.83.jar:/home/javimp2003/.m2/repository/io/springfox/springfox-spring-webmvc/3.0.0/springfox-spring-webmvc-3.0.0.jar:/home/javimp2003/.m2/repository/io/springfox/springfox-spring-webflux/3.0.0/springfox-spring-webflux-3.0.0.jar:/home/javimp2003/.m2/repository/io/springfox/springfox-swagger-common/3.0.0/springfox-swagger-common-3.0.0.jar:/home/javimp2003/.m2/repository/org/mapstruct/mapstruct/1.3.1.Final/mapstruct-1.3.1.Final.jar:/home/javimp2003/.m2/repository/io/springfox/springfox-data-rest/3.0.0/springfox-data-rest-3.0.0.jar:/home/javimp2003/.m2/repository/io/springfox/springfox-bean-validators/3.0.0/springfox-bean-validators-3.0.0.jar:/home/javimp2003/.m2/repository/io/springfox/springfox-swagger2/3.0.0/springfox-swagger2-3.0.0.jar:/home/javimp2003/.m2/repository/io/swagger/swagger-annotations/1.5.20/swagger-annotations-1.5.20.jar:/home/javimp2003/.m2/repository/io/swagger/swagger-models/1.5.20/swagger-models-1.5.20.jar:/home/javimp2003/.m2/repository/io/springfox/springfox-swagger-ui/3.0.0/springfox-swagger-ui-3.0.0.jar:/home/javimp2003/.m2/repository/com/fasterxml/classmate/1.6.0/classmate-1.6.0.jar:/home/javimp2003/.m2/repository/org/slf4j/slf4j-api/2.0.13/slf4j-api-2.0.13.jar:/home/javimp2003/.m2/repository/org/springframework/plugin/spring-plugin-core/2.0.0.RELEASE/spring-plugin-core-2.0.0.RELEASE.jar:/home/javimp2003/.m2/repository/org/springframework/plugin/spring-plugin-metadata/2.0.0.RELEASE/spring-plugin-metadata-2.0.0.RELEASE.jar:"/>
    <property name="java.vm.vendor" value="Private Build"/>
    <property name="sun.arch.data.model" value="64"/>
    <property name="catalina.useNaming" value="false"/>
    <property name="java.vendor.url" value="Unknown"/>
    <property name="user.timezone" value="Europe/Madrid"/>
    <property name="org.jboss.logging.provider" value="slf4j"/>
    <property name="os.name" value="Linux"/>
    <property name="java.vm.specification.version" value="21"/>
    <property name="sun.java.launcher" value="SUN_STANDARD"/>
    <property name="user.country" value="ES"/>
    <property name="sun.boot.library.path" value="/usr/lib/jvm/java-21-openjdk-amd64/lib"/>
    <property name="sun.java.command" value="/home/javimp2003/JARA Developers/ciklum-jara-developers/back-end/target/surefire/surefirebooter-20240505212557314_3.jar /home/javimp2003/JARA Developers/ciklum-jara-developers/back-end/target/surefire 2024-05-05T21-25-56_745-jvmRun1 surefire-20240505212557314_1tmp surefire_0-20240505212557314_2tmp"/>
    <property name="jdk.debug" value="release"/>
    <property name="surefire.test.class.path" value="/home/javimp2003/JARA Developers/ciklum-jara-developers/back-end/target/test-classes:/home/javimp2003/JARA Developers/ciklum-jara-developers/back-end/target/classes:/home/javimp2003/.m2/repository/org/springframework/boot/spring-boot-starter-data-jpa/3.2.5/spring-boot-starter-data-jpa-3.2.5.jar:/home/javimp2003/.m2/repository/org/springframework/boot/spring-boot-starter-aop/3.2.5/spring-boot-starter-aop-3.2.5.jar:/home/javimp2003/.m2/repository/org/springframework/spring-aop/6.1.6/spring-aop-6.1.6.jar:/home/javimp2003/.m2/repository/org/aspectj/aspectjweaver/1.9.22/aspectjweaver-1.9.22.jar:/home/javimp2003/.m2/repository/org/springframework/boot/spring-boot-starter-jdbc/3.2.5/spring-boot-starter-jdbc-3.2.5.jar:/home/javimp2003/.m2/repository/com/zaxxer/HikariCP/5.0.1/HikariCP-5.0.1.jar:/home/javimp2003/.m2/repository/org/springframework/spring-jdbc/6.1.6/spring-jdbc-6.1.6.jar:/home/javimp2003/.m2/repository/org/hibernate/orm/hibernate-core/6.4.4.Final/hibernate-core-6.4.4.Final.jar:/home/javimp2003/.m2/repository/jakarta/persistence/jakarta.persistence-api/3.1.0/jakarta.persistence-api-3.1.0.jar:/home/javimp2003/.m2/repository/jakarta/transaction/jakarta.transaction-api/2.0.1/jakarta.transaction-api-2.0.1.jar:/home/javimp2003/.m2/repository/org/jboss/logging/jboss-logging/3.5.3.Final/jboss-logging-3.5.3.Final.jar:/home/javimp2003/.m2/repository/org/hibernate/common/hibernate-commons-annotations/6.0.6.Final/hibernate-commons-annotations-6.0.6.Final.jar:/home/javimp2003/.m2/repository/io/smallrye/jandex/3.1.2/jandex-3.1.2.jar:/home/javimp2003/.m2/repository/net/bytebuddy/byte-buddy/1.14.13/byte-buddy-1.14.13.jar:/home/javimp2003/.m2/repository/org/glassfish/jaxb/jaxb-runtime/4.0.5/jaxb-runtime-4.0.5.jar:/home/javimp2003/.m2/repository/org/glassfish/jaxb/jaxb-core/4.0.5/jaxb-core-4.0.5.jar:/home/javimp2003/.m2/repository/org/eclipse/angus/angus-activation/2.0.2/angus-activation-2.0.2.jar:/home/javimp2003/.m2/repository/org/glassfish/jaxb/txw2/4.0.5/txw2-4.0.5.jar:/home/javimp2003/.m2/repository/com/sun/istack/istack-commons-runtime/4.1.2/istack-commons-runtime-4.1.2.jar:/home/javimp2003/.m2/repository/jakarta/inject/jakarta.inject-api/2.0.1/jakarta.inject-api-2.0.1.jar:/home/javimp2003/.m2/repository/org/antlr/antlr4-runtime/4.13.0/antlr4-runtime-4.13.0.jar:/home/javimp2003/.m2/repository/org/springframework/data/spring-data-jpa/3.2.5/spring-data-jpa-3.2.5.jar:/home/javimp2003/.m2/repository/org/springframework/data/spring-data-commons/3.2.5/spring-data-commons-3.2.5.jar:/home/javimp2003/.m2/repository/org/springframework/spring-orm/6.1.6/spring-orm-6.1.6.jar:/home/javimp2003/.m2/repository/org/springframework/spring-context/6.1.6/spring-context-6.1.6.jar:/home/javimp2003/.m2/repository/org/springframework/spring-tx/6.1.6/spring-tx-6.1.6.jar:/home/javimp2003/.m2/repository/org/springframework/spring-beans/6.1.6/spring-beans-6.1.6.jar:/home/javimp2003/.m2/repository/jakarta/annotation/jakarta.annotation-api/2.1.1/jakarta.annotation-api-2.1.1.jar:/home/javimp2003/.m2/repository/org/springframework/spring-aspects/6.1.6/spring-aspects-6.1.6.jar:/home/javimp2003/.m2/repository/org/springframework/boot/spring-boot-starter-web/3.2.5/spring-boot-starter-web-3.2.5.jar:/home/javimp2003/.m2/repository/org/springframework/boot/spring-boot-starter/3.2.5/spring-boot-starter-3.2.5.jar:/home/javimp2003/.m2/repository/org/springframework/boot/spring-boot/3.2.5/spring-boot-3.2.5.jar:/home/javimp2003/.m2/repository/org/springframework/boot/spring-boot-autoconfigure/3.2.5/spring-boot-autoconfigure-3.2.5.jar:/home/javimp2003/.m2/repository/org/springframework/boot/spring-boot-starter-logging/3.2.5/spring-boot-starter-logging-3.2.5.jar:/home/javimp2003/.m2/repository/ch/qos/logback/logback-classic/1.4.14/logback-classic-1.4.14.jar:/home/javimp2003/.m2/repository/ch/qos/logback/logback-core/1.4.14/logback-core-1.4.14.jar:/home/javimp2003/.m2/repository/org/apache/logging/log4j/log4j-to-slf4j/2.21.1/log4j-to-slf4j-2.21.1.jar:/home/javimp2003/.m2/repository/org/apache/logging/log4j/log4j-api/2.21.1/log4j-api-2.21.1.jar:/home/javimp2003/.m2/repository/org/slf4j/jul-to-slf4j/2.0.13/jul-to-slf4j-2.0.13.jar:/home/javimp2003/.m2/repository/org/yaml/snakeyaml/2.2/snakeyaml-2.2.jar:/home/javimp2003/.m2/repository/org/springframework/boot/spring-boot-starter-json/3.2.5/spring-boot-starter-json-3.2.5.jar:/home/javimp2003/.m2/repository/com/fasterxml/jackson/core/jackson-databind/2.15.4/jackson-databind-2.15.4.jar:/home/javimp2003/.m2/repository/com/fasterxml/jackson/core/jackson-annotations/2.15.4/jackson-annotations-2.15.4.jar:/home/javimp2003/.m2/repository/com/fasterxml/jackson/core/jackson-core/2.15.4/jackson-core-2.15.4.jar:/home/javimp2003/.m2/repository/com/fasterxml/jackson/datatype/jackson-datatype-jdk8/2.15.4/jackson-datatype-jdk8-2.15.4.jar:/home/javimp2003/.m2/repository/com/fasterxml/jackson/datatype/jackson-datatype-jsr310/2.15.4/jackson-datatype-jsr310-2.15.4.jar:/home/javimp2003/.m2/repository/com/fasterxml/jackson/module/jackson-module-parameter-names/2.15.4/jackson-module-parameter-names-2.15.4.jar:/home/javimp2003/.m2/repository/org/springframework/boot/spring-boot-starter-tomcat/3.2.5/spring-boot-starter-tomcat-3.2.5.jar:/home/javimp2003/.m2/repository/org/apache/tomcat/embed/tomcat-embed-core/10.1.20/tomcat-embed-core-10.1.20.jar:/home/javimp2003/.m2/repository/org/apache/tomcat/embed/tomcat-embed-el/10.1.20/tomcat-embed-el-10.1.20.jar:/home/javimp2003/.m2/repository/org/apache/tomcat/embed/tomcat-embed-websocket/10.1.20/tomcat-embed-websocket-10.1.20.jar:/home/javimp2003/.m2/repository/org/springframework/spring-web/6.1.6/spring-web-6.1.6.jar:/home/javimp2003/.m2/repository/io/micrometer/micrometer-observation/1.12.5/micrometer-observation-1.12.5.jar:/home/javimp2003/.m2/repository/io/micrometer/micrometer-commons/1.12.5/micrometer-commons-1.12.5.jar:/home/javimp2003/.m2/repository/org/springframework/spring-webmvc/6.1.6/spring-webmvc-6.1.6.jar:/home/javimp2003/.m2/repository/org/springframework/spring-expression/6.1.6/spring-expression-6.1.6.jar:/home/javimp2003/.m2/repository/org/projectlombok/lombok/1.18.32/lombok-1.18.32.jar:/home/javimp2003/.m2/repository/com/h2database/h2/2.2.224/h2-2.2.224.jar:/home/javimp2003/.m2/repository/org/springframework/boot/spring-boot-starter-test/3.2.5/spring-boot-starter-test-3.2.5.jar:/home/javimp2003/.m2/repository/org/springframework/boot/spring-boot-test/3.2.5/spring-boot-test-3.2.5.jar:/home/javimp2003/.m2/repository/org/springframework/boot/spring-boot-test-autoconfigure/3.2.5/spring-boot-test-autoconfigure-3.2.5.jar:/home/javimp2003/.m2/repository/com/jayway/jsonpath/json-path/2.9.0/json-path-2.9.0.jar:/home/javimp2003/.m2/repository/jakarta/xml/bind/jakarta.xml.bind-api/4.0.2/jakarta.xml.bind-api-4.0.2.jar:/home/javimp2003/.m2/repository/jakarta/activation/jakarta.activation-api/2.1.3/jakarta.activation-api-2.1.3.jar:/home/javimp2003/.m2/repository/net/minidev/json-smart/2.5.1/json-smart-2.5.1.jar:/home/javimp2003/.m2/repository/net/minidev/accessors-smart/2.5.1/accessors-smart-2.5.1.jar:/home/javimp2003/.m2/repository/org/ow2/asm/asm/9.6/asm-9.6.jar:/home/javimp2003/.m2/repository/org/assertj/assertj-core/3.24.2/assertj-core-3.24.2.jar:/home/javimp2003/.m2/repository/org/awaitility/awaitility/4.2.1/awaitility-4.2.1.jar:/home/javimp2003/.m2/repository/org/hamcrest/hamcrest/2.2/hamcrest-2.2.jar:/home/javimp2003/.m2/repository/org/junit/jupiter/junit-jupiter/5.10.2/junit-jupiter-5.10.2.jar:/home/javimp2003/.m2/repository/org/junit/jupiter/junit-jupiter-api/5.10.2/junit-jupiter-api-5.10.2.jar:/home/javimp2003/.m2/repository/org/opentest4j/opentest4j/1.3.0/opentest4j-1.3.0.jar:/home/javimp2003/.m2/repository/org/junit/platform/junit-platform-commons/1.10.2/junit-platform-commons-1.10.2.jar:/home/javimp2003/.m2/repository/org/apiguardian/apiguardian-api/1.1.2/apiguardian-api-1.1.2.jar:/home/javimp2003/.m2/repository/org/junit/jupiter/junit-jupiter-params/5.10.2/junit-jupiter-params-5.10.2.jar:/home/javimp2003/.m2/repository/org/junit/jupiter/junit-jupiter-engine/5.10.2/junit-jupiter-engine-5.10.2.jar:/home/javimp2003/.m2/repository/org/junit/platform/junit-platform-engine/1.10.2/junit-platform-engine-1.10.2.jar:/home/javimp2003/.m2/repository/org/mockito/mockito-core/5.7.0/mockito-core-5.7.0.jar:/home/javimp2003/.m2/repository/net/bytebuddy/byte-buddy-agent/1.14.13/byte-buddy-agent-1.14.13.jar:/home/javimp2003/.m2/repository/org/objenesis/objenesis/3.3/objenesis-3.3.jar:/home/javimp2003/.m2/repository/org/mockito/mockito-junit-jupiter/5.7.0/mockito-junit-jupiter-5.7.0.jar:/home/javimp2003/.m2/repository/org/skyscreamer/jsonassert/1.5.1/jsonassert-1.5.1.jar:/home/javimp2003/.m2/repository/com/vaadin/external/google/android-json/0.0.20131108.vaadin1/android-json-0.0.20131108.vaadin1.jar:/home/javimp2003/.m2/repository/org/springframework/spring-core/6.1.6/spring-core-6.1.6.jar:/home/javimp2003/.m2/repository/org/springframework/spring-jcl/6.1.6/spring-jcl-6.1.6.jar:/home/javimp2003/.m2/repository/org/springframework/spring-test/6.1.6/spring-test-6.1.6.jar:/home/javimp2003/.m2/repository/org/xmlunit/xmlunit-core/2.9.1/xmlunit-core-2.9.1.jar:/home/javimp2003/.m2/repository/io/springfox/springfox-boot-starter/3.0.0/springfox-boot-starter-3.0.0.jar:/home/javimp2003/.m2/repository/io/springfox/springfox-oas/3.0.0/springfox-oas-3.0.0.jar:/home/javimp2003/.m2/repository/io/swagger/core/v3/swagger-annotations/2.1.2/swagger-annotations-2.1.2.jar:/home/javimp2003/.m2/repository/io/swagger/core/v3/swagger-models/2.1.2/swagger-models-2.1.2.jar:/home/javimp2003/.m2/repository/io/springfox/springfox-spi/3.0.0/springfox-spi-3.0.0.jar:/home/javimp2003/.m2/repository/io/springfox/springfox-schema/3.0.0/springfox-schema-3.0.0.jar:/home/javimp2003/.m2/repository/io/springfox/springfox-core/3.0.0/springfox-core-3.0.0.jar:/home/javimp2003/.m2/repository/io/springfox/springfox-spring-web/3.0.0/springfox-spring-web-3.0.0.jar:/home/javimp2003/.m2/repository/io/github/classgraph/classgraph/4.8.83/classgraph-4.8.83.jar:/home/javimp2003/.m2/repository/io/springfox/springfox-spring-webmvc/3.0.0/springfox-spring-webmvc-3.0.0.jar:/home/javimp2003/.m2/repository/io/springfox/springfox-spring-webflux/3.0.0/springfox-spring-webflux-3.0.0.jar:/home/javimp2003/.m2/repository/io/springfox/springfox-swagger-common/3.0.0/springfox-swagger-common-3.0.0.jar:/home/javimp2003/.m2/repository/org/mapstruct/mapstruct/1.3.1.Final/mapstruct-1.3.1.Final.jar:/home/javimp2003/.m2/repository/io/springfox/springfox-data-rest/3.0.0/springfox-data-rest-3.0.0.jar:/home/javimp2003/.m2/repository/io/springfox/springfox-bean-validators/3.0.0/springfox-bean-validators-3.0.0.jar:/home/javimp2003/.m2/repository/io/springfox/springfox-swagger2/3.0.0/springfox-swagger2-3.0.0.jar:/home/javimp2003/.m2/repository/io/swagger/swagger-annotations/1.5.20/swagger-annotations-1.5.20.jar:/home/javimp2003/.m2/repository/io/swagger/swagger-models/1.5.20/swagger-models-1.5.20.jar:/home/javimp2003/.m2/repository/io/springfox/springfox-swagger-ui/3.0.0/springfox-swagger-ui-3.0.0.jar:/home/javimp2003/.m2/repository/com/fasterxml/classmate/1.6.0/classmate-1.6.0.jar:/home/javimp2003/.m2/repository/org/slf4j/slf4j-api/2.0.13/slf4j-api-2.0.13.jar:/home/javimp2003/.m2/repository/org/springframework/plugin/spring-plugin-core/2.0.0.RELEASE/spring-plugin-core-2.0.0.RELEASE.jar:/home/javimp2003/.m2/repository/org/springframework/plugin/spring-plugin-metadata/2.0.0.RELEASE/spring-plugin-metadata-2.0.0.RELEASE.jar:"/>
    <property name="sun.cpu.endian" value="little"/>
    <property name="user.home" value="/home/javimp2003"/>
    <property name="user.language" value="es"/>
    <property name="java.specification.vendor" value="Oracle Corporation"/>
    <property name="java.version.date" value="2024-01-16"/>
    <property name="java.home" value="/usr/lib/jvm/java-21-openjdk-amd64"/>
    <property name="file.separator" value="/"/>
    <property name="basedir" value="/home/javimp2003/JARA Developers/ciklum-jara-developers/back-end"/>
    <property name="java.vm.compressedOopsMode" value="32-bit"/>
    <property name="line.separator" value="&#10;"/>
    <property name="java.vm.specification.vendor" value="Oracle Corporation"/>
    <property name="java.specification.name" value="Java Platform API Specification"/>
    <property name="FILE_LOG_CHARSET" value="UTF-8"/>
    <property name="java.awt.headless" value="true"/>
    <property name="surefire.real.class.path" value="/home/javimp2003/JARA Developers/ciklum-jara-developers/back-end/target/surefire/surefirebooter-20240505212557314_3.jar"/>
    <property name="sun.management.compiler" value="HotSpot 64-Bit Tiered Compilers"/>
    <property name="java.runtime.version" value="21.0.2+13-Ubuntu-122.04.1"/>
    <property name="user.name" value="javimp2003"/>
    <property name="stdout.encoding" value="UTF-8"/>
    <property name="path.separator" value=":"/>
    <property name="os.version" value="5.15.0-102-generic"/>
    <property name="java.runtime.name" value="OpenJDK Runtime Environment"/>
    <property name="file.encoding" value="UTF-8"/>
    <property name="java.vm.name" value="OpenJDK 64-Bit Server VM"/>
    <property name="localRepository" value="/home/javimp2003/.m2/repository"/>
    <property name="java.vendor.url.bug" value="Unknown"/>
    <property name="java.io.tmpdir" value="/tmp"/>
    <property name="catalina.home" value="/tmp/tomcat.0.11886389990440509650"/>
    <property name="com.zaxxer.hikari.pool_number" value="4"/>
    <property name="java.version" value="21.0.2"/>
    <property name="user.dir" value="/home/javimp2003/JARA Developers/ciklum-jara-developers/back-end"/>
    <property name="os.arch" value="amd64"/>
    <property name="java.vm.specification.name" value="Java Virtual Machine Specification"/>
    <property name="PID" value="157669"/>
    <property name="CONSOLE_LOG_CHARSET" value="UTF-8"/>
    <property name="catalina.base" value="/tmp/tomcat.0.1411107563932099583"/>
    <property name="native.encoding" value="UTF-8"/>
    <property name="java.library.path" value="/usr/java/packages/lib:/usr/lib/x86_64-linux-gnu/jni:/lib/x86_64-linux-gnu:/usr/lib/x86_64-linux-gnu:/usr/lib/jni:/lib:/usr/lib"/>
    <property name="java.vm.info" value="mixed mode, sharing"/>
    <property name="stderr.encoding" value="UTF-8"/>
    <property name="java.vendor" value="Private Build"/>
    <property name="java.vm.version" value="21.0.2+13-Ubuntu-122.04.1"/>
    <property name="sun.io.unicode.encoding" value="UnicodeLittle"/>
    <property name="java.class.version" value="65.0"/>
  </properties>
  <testcase name="errorAlObtenerEntrenadorConcreto" classname="es.uma.informatica.practica3.MicroservicioEntrenadoresApplicationTests$BaseDatosVacia" time="1.1">
    <system-out><![CDATA[21:25:58.539 [main] INFO org.springframework.test.context.support.AnnotationConfigContextLoaderUtils -- Could not detect default configuration classes for test class [es.uma.informatica.practica3.MicroservicioEntrenadoresApplicationTests]: MicroservicioEntrenadoresApplicationTests does not declare any static, non-private, non-final, nested classes annotated with @Configuration.
21:25:58.747 [main] INFO org.springframework.boot.test.context.SpringBootTestContextBootstrapper -- Found @SpringBootConfiguration es.uma.informatica.practica3.MicroservicioEntrenadoresApplication for test class es.uma.informatica.practica3.MicroservicioEntrenadoresApplicationTests
21:25:58.961 [main] INFO org.springframework.test.context.support.AnnotationConfigContextLoaderUtils -- Could not detect default configuration classes for test class [es.uma.informatica.practica3.MicroservicioEntrenadoresApplicationTests$BaseDatosVacia]: BaseDatosVacia does not declare any static, non-private, non-final, nested classes annotated with @Configuration.
21:25:58.965 [main] INFO org.springframework.boot.test.context.SpringBootTestContextBootstrapper -- Found @SpringBootConfiguration es.uma.informatica.practica3.MicroservicioEntrenadoresApplication for test class es.uma.informatica.practica3.MicroservicioEntrenadoresApplicationTests$BaseDatosVacia

  .   ____          _            __ _ _
 /\\ / ___'_ __ _ _(_)_ __  __ _ \ \ \ \
( ( )\___ | '_ | '_| | '_ \/ _` | \ \ \ \
 \\/  ___)| |_)| | | | | || (_| |  ) ) ) )
  '  |____| .__|_| |_|_| |_\__, | / / / /
 =========|_|==============|___/=/_/_/_/
 :: Spring Boot ::                (v3.2.5)

2024-05-05T21:25:59.413+02:00  INFO 157669 --- [           main] icroservicioEntrenadoresApplicationTests : Starting MicroservicioEntrenadoresApplicationTests using Java 21.0.2 with PID 157669 (started by javimp2003 in /home/javimp2003/JARA Developers/ciklum-jara-developers/back-end)
2024-05-05T21:25:59.416+02:00  INFO 157669 --- [           main] icroservicioEntrenadoresApplicationTests : No active profile set, falling back to 1 default profile: "default"
2024-05-05T21:26:00.337+02:00  INFO 157669 --- [           main] .s.d.r.c.RepositoryConfigurationDelegate : Bootstrapping Spring Data JPA repositories in DEFAULT mode.
2024-05-05T21:26:00.443+02:00  INFO 157669 --- [           main] .s.d.r.c.RepositoryConfigurationDelegate : Finished Spring Data repository scanning in 93 ms. Found 2 JPA repository interfaces.
2024-05-05T21:26:01.185+02:00  INFO 157669 --- [           main] o.s.b.w.embedded.tomcat.TomcatWebServer  : Tomcat initialized with port 0 (http)
2024-05-05T21:26:01.206+02:00  INFO 157669 --- [           main] o.apache.catalina.core.StandardService   : Starting service [Tomcat]
2024-05-05T21:26:01.206+02:00  INFO 157669 --- [           main] o.apache.catalina.core.StandardEngine    : Starting Servlet engine: [Apache Tomcat/10.1.20]
2024-05-05T21:26:01.275+02:00  INFO 157669 --- [           main] o.a.c.c.C.[Tomcat].[localhost].[/]       : Initializing Spring embedded WebApplicationContext
2024-05-05T21:26:01.276+02:00  INFO 157669 --- [           main] w.s.c.ServletWebServerApplicationContext : Root WebApplicationContext: initialization completed in 1827 ms
2024-05-05T21:26:01.349+02:00  INFO 157669 --- [           main] com.zaxxer.hikari.HikariDataSource       : HikariPool-1 - Starting...
2024-05-05T21:26:01.731+02:00  INFO 157669 --- [           main] com.zaxxer.hikari.pool.HikariPool        : HikariPool-1 - Added connection conn0: url=jdbc:h2:mem:test user=SA
2024-05-05T21:26:01.733+02:00  INFO 157669 --- [           main] com.zaxxer.hikari.HikariDataSource       : HikariPool-1 - Start completed.
2024-05-05T21:26:01.749+02:00  INFO 157669 --- [           main] o.s.b.a.h2.H2ConsoleAutoConfiguration    : H2 console available at '/h2-console'. Database available at 'jdbc:h2:mem:test'
2024-05-05T21:26:01.972+02:00  INFO 157669 --- [           main] o.hibernate.jpa.internal.util.LogHelper  : HHH000204: Processing PersistenceUnitInfo [name: default]
2024-05-05T21:26:02.071+02:00  INFO 157669 --- [           main] org.hibernate.Version                    : HHH000412: Hibernate ORM core version 6.4.4.Final
2024-05-05T21:26:02.136+02:00  INFO 157669 --- [           main] o.h.c.internal.RegionFactoryInitiator    : HHH000026: Second-level cache disabled
2024-05-05T21:26:02.486+02:00  INFO 157669 --- [           main] o.s.o.j.p.SpringPersistenceUnitInfo      : No LoadTimeWeaver setup: ignoring JPA class transformer
2024-05-05T21:26:02.576+02:00  WARN 157669 --- [           main] org.hibernate.orm.deprecation            : HHH90000025: H2Dialect does not need to be specified explicitly using 'hibernate.dialect' (remove the property setting and it will be selected by default)
2024-05-05T21:26:04.127+02:00  INFO 157669 --- [           main] o.h.e.t.j.p.i.JtaPlatformInitiator       : HHH000489: No JTA platform available (set 'hibernate.transaction.jta.platform' to enable JTA platform integration)
2024-05-05T21:26:04.201+02:00  INFO 157669 --- [           main] j.LocalContainerEntityManagerFactoryBean : Initialized JPA EntityManagerFactory for persistence unit 'default'
2024-05-05T21:26:04.636+02:00  INFO 157669 --- [           main] o.s.d.j.r.query.QueryEnhancerFactory     : Hibernate is in classpath; If applicable, HQL parser will be used.
2024-05-05T21:26:05.370+02:00  WARN 157669 --- [           main] JpaBaseConfiguration$JpaWebConfiguration : spring.jpa.open-in-view is enabled by default. Therefore, database queries may be performed during view rendering. Explicitly configure spring.jpa.open-in-view to disable this warning
2024-05-05T21:26:05.893+02:00  INFO 157669 --- [           main] o.s.b.w.embedded.tomcat.TomcatWebServer  : Tomcat started on port 42979 (http) with context path ''
2024-05-05T21:26:05.902+02:00  INFO 157669 --- [           main] icroservicioEntrenadoresApplicationTests : Started MicroservicioEntrenadoresApplicationTests in 6.869 seconds (process running for 8.531)
2024-05-05T21:26:06.708+02:00  INFO 157669 --- [o-auto-1-exec-1] o.a.c.c.C.[Tomcat].[localhost].[/]       : Initializing Spring DispatcherServlet 'dispatcherServlet'
2024-05-05T21:26:06.708+02:00  INFO 157669 --- [o-auto-1-exec-1] o.s.web.servlet.DispatcherServlet        : Initializing Servlet 'dispatcherServlet'
2024-05-05T21:26:06.710+02:00  INFO 157669 --- [o-auto-1-exec-1] o.s.web.servlet.DispatcherServlet        : Completed initialization in 1 ms
2024-05-05T21:26:06.993+02:00  INFO 157669 --- [           main] j.LocalContainerEntityManagerFactoryBean : Closing JPA EntityManagerFactory for persistence unit 'default'
2024-05-05T21:26:07.001+02:00  INFO 157669 --- [           main] com.zaxxer.hikari.HikariDataSource       : HikariPool-1 - Shutdown initiated...
2024-05-05T21:26:07.003+02:00  INFO 157669 --- [           main] com.zaxxer.hikari.HikariDataSource       : HikariPool-1 - Shutdown completed.
]]></system-out>
    <system-err><![CDATA[WARNING: A Java agent has been loaded dynamically (/home/javimp2003/.m2/repository/net/bytebuddy/byte-buddy-agent/1.14.13/byte-buddy-agent-1.14.13.jar)
WARNING: If a serviceability tool is in use, please run with -XX:+EnableDynamicAgentLoading to hide this warning
WARNING: If a serviceability tool is not in use, please run with -Djdk.instrument.traceUsage for more information
WARNING: Dynamic loading of agents will be disallowed by default in a future release
]]></system-err>
  </testcase>
  <testcase name="modificarEntrenadorInexistente" classname="es.uma.informatica.practica3.MicroservicioEntrenadoresApplicationTests$BaseDatosVacia" time="0.11">
    <system-out><![CDATA[
  .   ____          _            __ _ _
 /\\ / ___'_ __ _ _(_)_ __  __ _ \ \ \ \
( ( )\___ | '_ | '_| | '_ \/ _` | \ \ \ \
 \\/  ___)| |_)| | | | | || (_| |  ) ) ) )
  '  |____| .__|_| |_|_| |_\__, | / / / /
 =========|_|==============|___/=/_/_/_/
 :: Spring Boot ::                (v3.2.5)

2024-05-05T21:26:07.044+02:00  INFO 157669 --- [           main] icroservicioEntrenadoresApplicationTests : Starting MicroservicioEntrenadoresApplicationTests using Java 21.0.2 with PID 157669 (started by javimp2003 in /home/javimp2003/JARA Developers/ciklum-jara-developers/back-end)
2024-05-05T21:26:07.045+02:00  INFO 157669 --- [           main] icroservicioEntrenadoresApplicationTests : No active profile set, falling back to 1 default profile: "default"
2024-05-05T21:26:07.221+02:00  INFO 157669 --- [           main] .s.d.r.c.RepositoryConfigurationDelegate : Bootstrapping Spring Data JPA repositories in DEFAULT mode.
2024-05-05T21:26:07.229+02:00  INFO 157669 --- [           main] .s.d.r.c.RepositoryConfigurationDelegate : Finished Spring Data repository scanning in 7 ms. Found 2 JPA repository interfaces.
2024-05-05T21:26:07.386+02:00  INFO 157669 --- [           main] o.s.b.w.embedded.tomcat.TomcatWebServer  : Tomcat initialized with port 0 (http)
2024-05-05T21:26:07.388+02:00  INFO 157669 --- [           main] o.apache.catalina.core.StandardService   : Starting service [Tomcat]
2024-05-05T21:26:07.388+02:00  INFO 157669 --- [           main] o.apache.catalina.core.StandardEngine    : Starting Servlet engine: [Apache Tomcat/10.1.20]
2024-05-05T21:26:07.407+02:00  INFO 157669 --- [           main] o.a.c.c.C.[Tomcat].[localhost].[/]       : Initializing Spring embedded WebApplicationContext
2024-05-05T21:26:07.407+02:00  INFO 157669 --- [           main] w.s.c.ServletWebServerApplicationContext : Root WebApplicationContext: initialization completed in 360 ms
2024-05-05T21:26:07.439+02:00  INFO 157669 --- [           main] com.zaxxer.hikari.HikariDataSource       : HikariPool-2 - Starting...
2024-05-05T21:26:07.442+02:00  INFO 157669 --- [           main] com.zaxxer.hikari.pool.HikariPool        : HikariPool-2 - Added connection conn10: url=jdbc:h2:mem:test user=SA
2024-05-05T21:26:07.443+02:00  INFO 157669 --- [           main] com.zaxxer.hikari.HikariDataSource       : HikariPool-2 - Start completed.
2024-05-05T21:26:07.443+02:00  INFO 157669 --- [           main] o.s.b.a.h2.H2ConsoleAutoConfiguration    : H2 console available at '/h2-console'. Database available at 'jdbc:h2:mem:test'
2024-05-05T21:26:07.478+02:00  INFO 157669 --- [           main] o.hibernate.jpa.internal.util.LogHelper  : HHH000204: Processing PersistenceUnitInfo [name: default]
2024-05-05T21:26:07.480+02:00  INFO 157669 --- [           main] o.h.c.internal.RegionFactoryInitiator    : HHH000026: Second-level cache disabled
2024-05-05T21:26:07.484+02:00  INFO 157669 --- [           main] o.s.o.j.p.SpringPersistenceUnitInfo      : No LoadTimeWeaver setup: ignoring JPA class transformer
2024-05-05T21:26:07.486+02:00  WARN 157669 --- [           main] org.hibernate.orm.deprecation            : HHH90000025: H2Dialect does not need to be specified explicitly using 'hibernate.dialect' (remove the property setting and it will be selected by default)
2024-05-05T21:26:07.657+02:00  INFO 157669 --- [           main] o.h.e.t.j.p.i.JtaPlatformInitiator       : HHH000489: No JTA platform available (set 'hibernate.transaction.jta.platform' to enable JTA platform integration)
2024-05-05T21:26:07.681+02:00  INFO 157669 --- [           main] j.LocalContainerEntityManagerFactoryBean : Initialized JPA EntityManagerFactory for persistence unit 'default'
2024-05-05T21:26:07.803+02:00  WARN 157669 --- [           main] JpaBaseConfiguration$JpaWebConfiguration : spring.jpa.open-in-view is enabled by default. Therefore, database queries may be performed during view rendering. Explicitly configure spring.jpa.open-in-view to disable this warning
2024-05-05T21:26:07.939+02:00  INFO 157669 --- [           main] o.s.b.w.embedded.tomcat.TomcatWebServer  : Tomcat started on port 33143 (http) with context path ''
2024-05-05T21:26:07.943+02:00  INFO 157669 --- [           main] icroservicioEntrenadoresApplicationTests : Started MicroservicioEntrenadoresApplicationTests in 0.925 seconds (process running for 10.572)
2024-05-05T21:26:07.986+02:00  INFO 157669 --- [o-auto-2-exec-1] o.a.c.c.C.[Tomcat].[localhost].[/]       : Initializing Spring DispatcherServlet 'dispatcherServlet'
2024-05-05T21:26:07.987+02:00  INFO 157669 --- [o-auto-2-exec-1] o.s.web.servlet.DispatcherServlet        : Initializing Servlet 'dispatcherServlet'
2024-05-05T21:26:07.991+02:00  INFO 157669 --- [o-auto-2-exec-1] o.s.web.servlet.DispatcherServlet        : Completed initialization in 3 ms
2024-05-05T21:26:08.049+02:00  INFO 157669 --- [           main] j.LocalContainerEntityManagerFactoryBean : Closing JPA EntityManagerFactory for persistence unit 'default'
2024-05-05T21:26:08.054+02:00  INFO 157669 --- [           main] com.zaxxer.hikari.HikariDataSource       : HikariPool-2 - Shutdown initiated...
2024-05-05T21:26:08.055+02:00  INFO 157669 --- [           main] com.zaxxer.hikari.HikariDataSource       : HikariPool-2 - Shutdown completed.
]]></system-out>
  </testcase>
  <testcase name="eliminarEntrenadorInexistente" classname="es.uma.informatica.practica3.MicroservicioEntrenadoresApplicationTests$BaseDatosVacia" time="0.031">
    <system-out><![CDATA[
  .   ____          _            __ _ _
 /\\ / ___'_ __ _ _(_)_ __  __ _ \ \ \ \
( ( )\___ | '_ | '_| | '_ \/ _` | \ \ \ \
 \\/  ___)| |_)| | | | | || (_| |  ) ) ) )
  '  |____| .__|_| |_|_| |_\__, | / / / /
 =========|_|==============|___/=/_/_/_/
 :: Spring Boot ::                (v3.2.5)

2024-05-05T21:26:08.084+02:00  INFO 157669 --- [           main] icroservicioEntrenadoresApplicationTests : Starting MicroservicioEntrenadoresApplicationTests using Java 21.0.2 with PID 157669 (started by javimp2003 in /home/javimp2003/JARA Developers/ciklum-jara-developers/back-end)
2024-05-05T21:26:08.085+02:00  INFO 157669 --- [           main] icroservicioEntrenadoresApplicationTests : No active profile set, falling back to 1 default profile: "default"
2024-05-05T21:26:08.212+02:00  INFO 157669 --- [           main] .s.d.r.c.RepositoryConfigurationDelegate : Bootstrapping Spring Data JPA repositories in DEFAULT mode.
2024-05-05T21:26:08.219+02:00  INFO 157669 --- [           main] .s.d.r.c.RepositoryConfigurationDelegate : Finished Spring Data repository scanning in 6 ms. Found 2 JPA repository interfaces.
2024-05-05T21:26:08.294+02:00  INFO 157669 --- [           main] o.s.b.w.embedded.tomcat.TomcatWebServer  : Tomcat initialized with port 0 (http)
2024-05-05T21:26:08.295+02:00  INFO 157669 --- [           main] o.apache.catalina.core.StandardService   : Starting service [Tomcat]
2024-05-05T21:26:08.295+02:00  INFO 157669 --- [           main] o.apache.catalina.core.StandardEngine    : Starting Servlet engine: [Apache Tomcat/10.1.20]
2024-05-05T21:26:08.304+02:00  INFO 157669 --- [           main] o.a.c.c.C.[Tomcat].[localhost].[/]       : Initializing Spring embedded WebApplicationContext
2024-05-05T21:26:08.305+02:00  INFO 157669 --- [           main] w.s.c.ServletWebServerApplicationContext : Root WebApplicationContext: initialization completed in 217 ms
2024-05-05T21:26:08.323+02:00  INFO 157669 --- [           main] com.zaxxer.hikari.HikariDataSource       : HikariPool-3 - Starting...
2024-05-05T21:26:08.328+02:00  INFO 157669 --- [           main] com.zaxxer.hikari.pool.HikariPool        : HikariPool-3 - Added connection conn20: url=jdbc:h2:mem:test user=SA
2024-05-05T21:26:08.328+02:00  INFO 157669 --- [           main] com.zaxxer.hikari.HikariDataSource       : HikariPool-3 - Start completed.
2024-05-05T21:26:08.329+02:00  INFO 157669 --- [           main] o.s.b.a.h2.H2ConsoleAutoConfiguration    : H2 console available at '/h2-console'. Database available at 'jdbc:h2:mem:test'
2024-05-05T21:26:08.356+02:00  INFO 157669 --- [           main] o.hibernate.jpa.internal.util.LogHelper  : HHH000204: Processing PersistenceUnitInfo [name: default]
2024-05-05T21:26:08.360+02:00  INFO 157669 --- [           main] o.h.c.internal.RegionFactoryInitiator    : HHH000026: Second-level cache disabled
2024-05-05T21:26:08.364+02:00  INFO 157669 --- [           main] o.s.o.j.p.SpringPersistenceUnitInfo      : No LoadTimeWeaver setup: ignoring JPA class transformer
2024-05-05T21:26:08.366+02:00  WARN 157669 --- [           main] org.hibernate.orm.deprecation            : HHH90000025: H2Dialect does not need to be specified explicitly using 'hibernate.dialect' (remove the property setting and it will be selected by default)
2024-05-05T21:26:08.463+02:00  INFO 157669 --- [           main] o.h.e.t.j.p.i.JtaPlatformInitiator       : HHH000489: No JTA platform available (set 'hibernate.transaction.jta.platform' to enable JTA platform integration)
2024-05-05T21:26:08.480+02:00  INFO 157669 --- [           main] j.LocalContainerEntityManagerFactoryBean : Initialized JPA EntityManagerFactory for persistence unit 'default'
2024-05-05T21:26:08.562+02:00  WARN 157669 --- [           main] JpaBaseConfiguration$JpaWebConfiguration : spring.jpa.open-in-view is enabled by default. Therefore, database queries may be performed during view rendering. Explicitly configure spring.jpa.open-in-view to disable this warning
2024-05-05T21:26:08.665+02:00  INFO 157669 --- [           main] o.s.b.w.embedded.tomcat.TomcatWebServer  : Tomcat started on port 38645 (http) with context path ''
2024-05-05T21:26:08.668+02:00  INFO 157669 --- [           main] icroservicioEntrenadoresApplicationTests : Started MicroservicioEntrenadoresApplicationTests in 0.608 seconds (process running for 11.298)
2024-05-05T21:26:08.677+02:00  INFO 157669 --- [o-auto-3-exec-1] o.a.c.c.C.[Tomcat].[localhost].[/]       : Initializing Spring DispatcherServlet 'dispatcherServlet'
2024-05-05T21:26:08.677+02:00  INFO 157669 --- [o-auto-3-exec-1] o.s.web.servlet.DispatcherServlet        : Initializing Servlet 'dispatcherServlet'
2024-05-05T21:26:08.677+02:00  INFO 157669 --- [o-auto-3-exec-1] o.s.web.servlet.DispatcherServlet        : Completed initialization in 0 ms
2024-05-05T21:26:08.694+02:00  INFO 157669 --- [           main] j.LocalContainerEntityManagerFactoryBean : Closing JPA EntityManagerFactory for persistence unit 'default'
2024-05-05T21:26:08.698+02:00  INFO 157669 --- [           main] com.zaxxer.hikari.HikariDataSource       : HikariPool-3 - Shutdown initiated...
2024-05-05T21:26:08.699+02:00  INFO 157669 --- [           main] com.zaxxer.hikari.HikariDataSource       : HikariPool-3 - Shutdown completed.
]]></system-out>
  </testcase>
  <testcase name="insertaEntrenador" classname="es.uma.informatica.practica3.MicroservicioEntrenadoresApplicationTests$BaseDatosVacia" time="0.206">
    <system-out><![CDATA[
  .   ____          _            __ _ _
 /\\ / ___'_ __ _ _(_)_ __  __ _ \ \ \ \
( ( )\___ | '_ | '_| | '_ \/ _` | \ \ \ \
 \\/  ___)| |_)| | | | | || (_| |  ) ) ) )
  '  |____| .__|_| |_|_| |_\__, | / / / /
 =========|_|==============|___/=/_/_/_/
 :: Spring Boot ::                (v3.2.5)

2024-05-05T21:26:08.727+02:00  INFO 157669 --- [           main] icroservicioEntrenadoresApplicationTests : Starting MicroservicioEntrenadoresApplicationTests using Java 21.0.2 with PID 157669 (started by javimp2003 in /home/javimp2003/JARA Developers/ciklum-jara-developers/back-end)
2024-05-05T21:26:08.728+02:00  INFO 157669 --- [           main] icroservicioEntrenadoresApplicationTests : No active profile set, falling back to 1 default profile: "default"
2024-05-05T21:26:08.861+02:00  INFO 157669 --- [           main] .s.d.r.c.RepositoryConfigurationDelegate : Bootstrapping Spring Data JPA repositories in DEFAULT mode.
2024-05-05T21:26:08.867+02:00  INFO 157669 --- [           main] .s.d.r.c.RepositoryConfigurationDelegate : Finished Spring Data repository scanning in 6 ms. Found 2 JPA repository interfaces.
2024-05-05T21:26:08.931+02:00  INFO 157669 --- [           main] o.s.b.w.embedded.tomcat.TomcatWebServer  : Tomcat initialized with port 0 (http)
2024-05-05T21:26:08.932+02:00  INFO 157669 --- [           main] o.apache.catalina.core.StandardService   : Starting service [Tomcat]
2024-05-05T21:26:08.932+02:00  INFO 157669 --- [           main] o.apache.catalina.core.StandardEngine    : Starting Servlet engine: [Apache Tomcat/10.1.20]
2024-05-05T21:26:08.943+02:00  INFO 157669 --- [           main] o.a.c.c.C.[Tomcat].[localhost].[/]       : Initializing Spring embedded WebApplicationContext
2024-05-05T21:26:08.943+02:00  INFO 157669 --- [           main] w.s.c.ServletWebServerApplicationContext : Root WebApplicationContext: initialization completed in 214 ms
2024-05-05T21:26:08.954+02:00  INFO 157669 --- [           main] com.zaxxer.hikari.HikariDataSource       : HikariPool-4 - Starting...
2024-05-05T21:26:08.956+02:00  INFO 157669 --- [           main] com.zaxxer.hikari.pool.HikariPool        : HikariPool-4 - Added connection conn30: url=jdbc:h2:mem:test user=SA
2024-05-05T21:26:08.957+02:00  INFO 157669 --- [           main] com.zaxxer.hikari.HikariDataSource       : HikariPool-4 - Start completed.
2024-05-05T21:26:08.957+02:00  INFO 157669 --- [           main] o.s.b.a.h2.H2ConsoleAutoConfiguration    : H2 console available at '/h2-console'. Database available at 'jdbc:h2:mem:test'
2024-05-05T21:26:08.974+02:00  INFO 157669 --- [           main] o.hibernate.jpa.internal.util.LogHelper  : HHH000204: Processing PersistenceUnitInfo [name: default]
2024-05-05T21:26:08.976+02:00  INFO 157669 --- [           main] o.h.c.internal.RegionFactoryInitiator    : HHH000026: Second-level cache disabled
2024-05-05T21:26:08.979+02:00  INFO 157669 --- [           main] o.s.o.j.p.SpringPersistenceUnitInfo      : No LoadTimeWeaver setup: ignoring JPA class transformer
2024-05-05T21:26:08.980+02:00  WARN 157669 --- [           main] org.hibernate.orm.deprecation            : HHH90000025: H2Dialect does not need to be specified explicitly using 'hibernate.dialect' (remove the property setting and it will be selected by default)
2024-05-05T21:26:09.060+02:00  INFO 157669 --- [           main] o.h.e.t.j.p.i.JtaPlatformInitiator       : HHH000489: No JTA platform available (set 'hibernate.transaction.jta.platform' to enable JTA platform integration)
2024-05-05T21:26:09.073+02:00  INFO 157669 --- [           main] j.LocalContainerEntityManagerFactoryBean : Initialized JPA EntityManagerFactory for persistence unit 'default'
2024-05-05T21:26:09.155+02:00  WARN 157669 --- [           main] JpaBaseConfiguration$JpaWebConfiguration : spring.jpa.open-in-view is enabled by default. Therefore, database queries may be performed during view rendering. Explicitly configure spring.jpa.open-in-view to disable this warning
2024-05-05T21:26:09.255+02:00  INFO 157669 --- [           main] o.s.b.w.embedded.tomcat.TomcatWebServer  : Tomcat started on port 35211 (http) with context path ''
2024-05-05T21:26:09.258+02:00  INFO 157669 --- [           main] icroservicioEntrenadoresApplicationTests : Started MicroservicioEntrenadoresApplicationTests in 0.55 seconds (process running for 11.887)
La peticion post es: http://localhost:35211/entrenador?centro=1
2024-05-05T21:26:09.268+02:00  INFO 157669 --- [o-auto-4-exec-1] o.a.c.c.C.[Tomcat].[localhost].[/]       : Initializing Spring DispatcherServlet 'dispatcherServlet'
2024-05-05T21:26:09.268+02:00  INFO 157669 --- [o-auto-4-exec-1] o.s.web.servlet.DispatcherServlet        : Initializing Servlet 'dispatcherServlet'
2024-05-05T21:26:09.269+02:00  INFO 157669 --- [o-auto-4-exec-1] o.s.web.servlet.DispatcherServlet        : Completed initialization in 1 ms
HOLA HE ENTRADO AQUI!!!
2024-05-05T21:26:09.458+02:00  INFO 157669 --- [           main] j.LocalContainerEntityManagerFactoryBean : Closing JPA EntityManagerFactory for persistence unit 'default'
2024-05-05T21:26:09.463+02:00  INFO 157669 --- [           main] com.zaxxer.hikari.HikariDataSource       : HikariPool-4 - Shutdown initiated...
2024-05-05T21:26:09.464+02:00  INFO 157669 --- [           main] com.zaxxer.hikari.HikariDataSource       : HikariPool-4 - Shutdown completed.
]]></system-out>
  </testcase>
</testsuite>